Mono path[0] = 'D:/Programming/Unity/TopDownMinionDMC/DevRelease/Ver0.999/Ver0.999_Data/Managed'
Mono path[1] = 'D:/Programming/Unity/TopDownMinionDMC/DevRelease/Ver0.999/Ver0.999_Data/Mono'
Mono config path = 'D:/Programming/Unity/TopDownMinionDMC/DevRelease/Ver0.999/Ver0.999_Data/Mono/etc'
PlayerConnection initialized from D:/Programming/Unity/TopDownMinionDMC/DevRelease/Ver0.999/Ver0.999_Data (debug = 0)
PlayerConnection initialized network socket : 0.0.0.0 55265
Multi-casting "[IP] 192.168.0.17 [Port] 55265 [Flags] 2 [Guid] 65394278 [EditorId] 659658517 [Version] 1048832 [Id] WindowsPlayer(GamingBombshell) [Debug] 0" to [225.0.0.222:54997]...
PlayerConnection already initialized - listening to [192.168.0.17:55265]
Initialize engine version: 5.2.0f3 (e7947df39b5c)
GfxDevice: creating device client; threaded=1
Direct3D:
    Version:  Direct3D 11.0 [level 11.0]
    Renderer: AMD Radeon (TM) R9 380 Series (ID=0x6939)
    Vendor:   ATI
    VRAM:     2022 MB
Begin MonoManager ReloadAssembly
Platform assembly: D:\Programming\Unity\TopDownMinionDMC\DevRelease\Ver0.999\Ver0.999_Data\Managed\UnityEngine.dll (this message is harmless)
Loading D:\Programming\Unity\TopDownMinionDMC\DevRelease\Ver0.999\Ver0.999_Data\Managed\UnityEngine.dll into Unity Child Domain
Platform assembly: D:\Programming\Unity\TopDownMinionDMC\DevRelease\Ver0.999\Ver0.999_Data\Managed\Assembly-CSharp.dll (this message is harmless)
Loading D:\Programming\Unity\TopDownMinionDMC\DevRelease\Ver0.999\Ver0.999_Data\Managed\Assembly-CSharp.dll into Unity Child Domain
Platform assembly: D:\Programming\Unity\TopDownMinionDMC\DevRelease\Ver0.999\Ver0.999_Data\Managed\UnityEngine.UI.dll (this message is harmless)
Loading D:\Programming\Unity\TopDownMinionDMC\DevRelease\Ver0.999\Ver0.999_Data\Managed\UnityEngine.UI.dll into Unity Child Domain
Platform assembly: D:\Programming\Unity\TopDownMinionDMC\DevRelease\Ver0.999\Ver0.999_Data\Managed\UnityEngine.Networking.dll (this message is harmless)
Loading D:\Programming\Unity\TopDownMinionDMC\DevRelease\Ver0.999\Ver0.999_Data\Managed\UnityEngine.Networking.dll into Unity Child Domain
Platform assembly: D:\Programming\Unity\TopDownMinionDMC\DevRelease\Ver0.999\Ver0.999_Data\Managed\Pathfinding.Ionic.Zip.Reduced.dll (this message is harmless)
Loading D:\Programming\Unity\TopDownMinionDMC\DevRelease\Ver0.999\Ver0.999_Data\Managed\Pathfinding.Ionic.Zip.Reduced.dll into Unity Child Domain
Platform assembly: D:\Programming\Unity\TopDownMinionDMC\DevRelease\Ver0.999\Ver0.999_Data\Managed\Pathfinding.JsonFx.dll (this message is harmless)
Loading D:\Programming\Unity\TopDownMinionDMC\DevRelease\Ver0.999\Ver0.999_Data\Managed\Pathfinding.JsonFx.dll into Unity Child Domain
Platform assembly: D:\Programming\Unity\TopDownMinionDMC\DevRelease\Ver0.999\Ver0.999_Data\Managed\System.Core.dll (this message is harmless)
- Completed reload, in  0.167 seconds
desktop: 1920x1080 60Hz; virtual: 1920x1080 at 0,0
<RI> Initializing input.
<RI> Input initialized.
<RI> Initialized touch support.
Platform assembly: D:\Programming\Unity\TopDownMinionDMC\DevRelease\Ver0.999\Ver0.999_Data\Managed\System.dll (this message is harmless)
Setting up 1 worker threads for Enlighten.
  Thread -> id: 2da4 -> priority: 1 
Unloading 3 Unused Serialized files (Serialized files now loaded: 0)
UnloadTime: 3.333762 ms
Scanning - Process took 35 ms to complete
UnityEngine.Debug:Internal_Log(Int32, String, Object)
UnityEngine.Debug:Log(Object)
AstarPath:AstarLog(String) (at D:\Programming\Unity\TopDownMinionDMC\Assets\AstarPathfindingProject\Core\AstarPath.cs:787)
AstarPath:ScanLoop(OnScanStatus) (at D:\Programming\Unity\TopDownMinionDMC\Assets\AstarPathfindingProject\Core\AstarPath.cs:2042)
AstarPath:Scan() (at D:\Programming\Unity\TopDownMinionDMC\Assets\AstarPathfindingProject\Core\AstarPath.cs:1912)
AstarPath:Awake() (at D:\Programming\Unity\TopDownMinionDMC\Assets\AstarPathfindingProject\Core\AstarPath.cs:1498)
 
(Filename: D:/Programming/Unity/TopDownMinionDMC/Assets/AstarPathfindingProject/Core/AstarPath.cs Line: 787)

System memory in use before: 19.9 MB.
System memory in use after: 20.0 MB.

Unloading 2 unused Assets to reduce memory usage. Loaded Objects now: 2811.
Total: 6.966404 ms (FindLiveObjects: 0.080640 ms CreateObjectMapping: 0.066560 ms MarkObjects: 6.797764 ms  DeleteObjects: 0.020800 ms)

41
UnityEngine.Debug:Internal_Log(Int32, String, Object)
UnityEngine.Debug:Log(Object)
randomGen:GetRandom() (at D:\Programming\Unity\TopDownMinionDMC\Assets\Scripts\Misc\randomGen.cs:23)
spawner:Update() (at D:\Programming\Unity\TopDownMinionDMC\Assets\Scripts\Misc\spawner.cs:49)
 
(Filename: D:/Programming/Unity/TopDownMinionDMC/Assets/Scripts/Misc/randomGen.cs Line: 23)

randomPrefab
UnityEngine.Debug:Internal_Log(Int32, String, Object)
UnityEngine.Debug:Log(Object)
spawner:Update() (at D:\Programming\Unity\TopDownMinionDMC\Assets\Scripts\Misc\spawner.cs:50)
 
(Filename: D:/Programming/Unity/TopDownMinionDMC/Assets/Scripts/Misc/spawner.cs Line: 50)

Path Completed : Computation Time 4.00 ms Searched Nodes 91 Path Length 19
Path Number 1
UnityEngine.Debug:Internal_Log(Int32, String, Object)
UnityEngine.Debug:Log(Object)
AstarPath:LogPathResults(Path) (at D:\Programming\Unity\TopDownMinionDMC\Assets\AstarPathfindingProject\Core\AstarPath.cs:820)
<CalculatePaths>c__Iterator6:MoveNext() (at D:\Programming\Unity\TopDownMinionDMC\Assets\AstarPathfindingProject\Core\AstarPath.cs:2652)
AstarPath:Update() (at D:\Programming\Unity\TopDownMinionDMC\Assets\AstarPathfindingProject\Core\AstarPath.cs:862)
 
(Filename: D:/Programming/Unity/TopDownMinionDMC/Assets/AstarPathfindingProject/Core/AstarPath.cs Line: 820)

Path Completed : Computation Time 0.00 ms Searched Nodes 74 Path Length 20
Path Number 2
UnityEngine.Debug:Internal_Log(Int32, String, Object)
UnityEngine.Debug:Log(Object)
AstarPath:LogPathResults(Path) (at D:\Programming\Unity\TopDownMinionDMC\Assets\AstarPathfindingProject\Core\AstarPath.cs:820)
<CalculatePaths>c__Iterator6:MoveNext() (at D:\Programming\Unity\TopDownMinionDMC\Assets\AstarPathfindingProject\Core\AstarPath.cs:2652)
AstarPath:Update() (at D:\Programming\Unity\TopDownMinionDMC\Assets\AstarPathfindingProject\Core\AstarPath.cs:862)
 
(Filename: D:/Programming/Unity/TopDownMinionDMC/Assets/AstarPathfindingProject/Core/AstarPath.cs Line: 820)

33
UnityEngine.Debug:Internal_Log(Int32, String, Object)
UnityEngine.Debug:Log(Object)
randomGen:GetRandom() (at D:\Programming\Unity\TopDownMinionDMC\Assets\Scripts\Misc\randomGen.cs:23)
spawner:Update() (at D:\Programming\Unity\TopDownMinionDMC\Assets\Scripts\Misc\spawner.cs:49)
 
(Filename: D:/Programming/Unity/TopDownMinionDMC/Assets/Scripts/Misc/randomGen.cs Line: 23)

randomPrefab
UnityEngine.Debug:Internal_Log(Int32, String, Object)
UnityEngine.Debug:Log(Object)
spawner:Update() (at D:\Programming\Unity\TopDownMinionDMC\Assets\Scripts\Misc\spawner.cs:50)
 
(Filename: D:/Programming/Unity/TopDownMinionDMC/Assets/Scripts/Misc/spawner.cs Line: 50)

Path Completed : Computation Time 0.00 ms Searched Nodes 235 Path Length 25
Path Number 3
UnityEngine.Debug:Internal_Log(Int32, String, Object)
UnityEngine.Debug:Log(Object)
AstarPath:LogPathResults(Path) (at D:\Programming\Unity\TopDownMinionDMC\Assets\AstarPathfindingProject\Core\AstarPath.cs:820)
<CalculatePaths>c__Iterator6:MoveNext() (at D:\Programming\Unity\TopDownMinionDMC\Assets\AstarPathfindingProject\Core\AstarPath.cs:2652)
AstarPath:Update() (at D:\Programming\Unity\TopDownMinionDMC\Assets\AstarPathfindingProject\Core\AstarPath.cs:862)
 
(Filename: D:/Programming/Unity/TopDownMinionDMC/Assets/AstarPathfindingProject/Core/AstarPath.cs Line: 820)

Path Completed : Computation Time 1.02 ms Searched Nodes 106 Path Length 21
Path Number 4
UnityEngine.Debug:Internal_Log(Int32, String, Object)
UnityEngine.Debug:Log(Object)
AstarPath:LogPathResults(Path) (at D:\Programming\Unity\TopDownMinionDMC\Assets\AstarPathfindingProject\Core\AstarPath.cs:820)
<CalculatePaths>c__Iterator6:MoveNext() (at D:\Programming\Unity\TopDownMinionDMC\Assets\AstarPathfindingProject\Core\AstarPath.cs:2652)
AstarPath:Update() (at D:\Programming\Unity\TopDownMinionDMC\Assets\AstarPathfindingProject\Core\AstarPath.cs:862)
 
(Filename: D:/Programming/Unity/TopDownMinionDMC/Assets/AstarPathfindingProject/Core/AstarPath.cs Line: 820)

Path Completed : Computation Time 0.00 ms Searched Nodes 267 Path Length 24
Path Number 5
UnityEngine.Debug:Internal_Log(Int32, String, Object)
UnityEngine.Debug:Log(Object)
AstarPath:LogPathResults(Path) (at D:\Programming\Unity\TopDownMinionDMC\Assets\AstarPathfindingProject\Core\AstarPath.cs:820)
<CalculatePaths>c__Iterator6:MoveNext() (at D:\Programming\Unity\TopDownMinionDMC\Assets\AstarPathfindingProject\Core\AstarPath.cs:2652)
AstarPath:Update() (at D:\Programming\Unity\TopDownMinionDMC\Assets\AstarPathfindingProject\Core\AstarPath.cs:862)
 
(Filename: D:/Programming/Unity/TopDownMinionDMC/Assets/AstarPathfindingProject/Core/AstarPath.cs Line: 820)

Path Completed : Computation Time 0.00 ms Searched Nodes 165 Path Length 18
Path Number 6
UnityEngine.Debug:Internal_Log(Int32, String, Object)
UnityEngine.Debug:Log(Object)
AstarPath:LogPathResults(Path) (at D:\Programming\Unity\TopDownMinionDMC\Assets\AstarPathfindingProject\Core\AstarPath.cs:820)
<CalculatePaths>c__Iterator6:MoveNext() (at D:\Programming\Unity\TopDownMinionDMC\Assets\AstarPathfindingProject\Core\AstarPath.cs:2652)
AstarPath:Update() (at D:\Programming\Unity\TopDownMinionDMC\Assets\AstarPathfindingProject\Core\AstarPath.cs:862)
 
(Filename: D:/Programming/Unity/TopDownMinionDMC/Assets/AstarPathfindingProject/Core/AstarPath.cs Line: 820)

6
UnityEngine.Debug:Internal_Log(Int32, String, Object)
UnityEngine.Debug:Log(Object)
randomGen:GetRandom() (at D:\Programming\Unity\TopDownMinionDMC\Assets\Scripts\Misc\randomGen.cs:23)
spawner:Update() (at D:\Programming\Unity\TopDownMinionDMC\Assets\Scripts\Misc\spawner.cs:49)
 
(Filename: D:/Programming/Unity/TopDownMinionDMC/Assets/Scripts/Misc/randomGen.cs Line: 23)

randomPrefab
UnityEngine.Debug:Internal_Log(Int32, String, Object)
UnityEngine.Debug:Log(Object)
spawner:Update() (at D:\Programming\Unity\TopDownMinionDMC\Assets\Scripts\Misc\spawner.cs:50)
 
(Filename: D:/Programming/Unity/TopDownMinionDMC/Assets/Scripts/Misc/spawner.cs Line: 50)

Path Completed : Computation Time 0.00 ms Searched Nodes 232 Path Length 25
Path Number 7
UnityEngine.Debug:Internal_Log(Int32, String, Object)
UnityEngine.Debug:Log(Object)
AstarPath:LogPathResults(Path) (at D:\Programming\Unity\TopDownMinionDMC\Assets\AstarPathfindingProject\Core\AstarPath.cs:820)
<CalculatePaths>c__Iterator6:MoveNext() (at D:\Programming\Unity\TopDownMinionDMC\Assets\AstarPathfindingProject\Core\AstarPath.cs:2652)
AstarPath:Update() (at D:\Programming\Unity\TopDownMinionDMC\Assets\AstarPathfindingProject\Core\AstarPath.cs:862)
 
(Filename: D:/Programming/Unity/TopDownMinionDMC/Assets/AstarPathfindingProject/Core/AstarPath.cs Line: 820)

Path Completed : Computation Time 0.00 ms Searched Nodes 99 Path Length 21
Path Number 8
UnityEngine.Debug:Internal_Log(Int32, String, Object)
UnityEngine.Debug:Log(Object)
AstarPath:LogPathResults(Path) (at D:\Programming\Unity\TopDownMinionDMC\Assets\AstarPathfindingProject\Core\AstarPath.cs:820)
<CalculatePaths>c__Iterator6:MoveNext() (at D:\Programming\Unity\TopDownMinionDMC\Assets\AstarPathfindingProject\Core\AstarPath.cs:2652)
AstarPath:Update() (at D:\Programming\Unity\TopDownMinionDMC\Assets\AstarPathfindingProject\Core\AstarPath.cs:862)
 
(Filename: D:/Programming/Unity/TopDownMinionDMC/Assets/AstarPathfindingProject/Core/AstarPath.cs Line: 820)

Path Completed : Computation Time 0.00 ms Searched Nodes 117 Path Length 18
Path Number 9
UnityEngine.Debug:Internal_Log(Int32, String, Object)
UnityEngine.Debug:Log(Object)
AstarPath:LogPathResults(Path) (at D:\Programming\Unity\TopDownMinionDMC\Assets\AstarPathfindingProject\Core\AstarPath.cs:820)
<CalculatePaths>c__Iterator6:MoveNext() (at D:\Programming\Unity\TopDownMinionDMC\Assets\AstarPathfindingProject\Core\AstarPath.cs:2652)
AstarPath:Update() (at D:\Programming\Unity\TopDownMinionDMC\Assets\AstarPathfindingProject\Core\AstarPath.cs:862)
 
(Filename: D:/Programming/Unity/TopDownMinionDMC/Assets/AstarPathfindingProject/Core/AstarPath.cs Line: 820)

Path Completed : Computation Time 1.00 ms Searched Nodes 92 Path Length 17
Path Number 10
UnityEngine.Debug:Internal_Log(Int32, String, Object)
UnityEngine.Debug:Log(Object)
AstarPath:LogPathResults(Path) (at D:\Programming\Unity\TopDownMinionDMC\Assets\AstarPathfindingProject\Core\AstarPath.cs:820)
<CalculatePaths>c__Iterator6:MoveNext() (at D:\Programming\Unity\TopDownMinionDMC\Assets\AstarPathfindingProject\Core\AstarPath.cs:2652)
AstarPath:Update() (at D:\Programming\Unity\TopDownMinionDMC\Assets\AstarPathfindingProject\Core\AstarPath.cs:862)
 
(Filename: D:/Programming/Unity/TopDownMinionDMC/Assets/AstarPathfindingProject/Core/AstarPath.cs Line: 820)

Path Completed : Computation Time 0.00 ms Searched Nodes 42 Path Length 19
Path Number 11
UnityEngine.Debug:Internal_Log(Int32, String, Object)
UnityEngine.Debug:Log(Object)
AstarPath:LogPathResults(Path) (at D:\Programming\Unity\TopDownMinionDMC\Assets\AstarPathfindingProject\Core\AstarPath.cs:820)
<CalculatePaths>c__Iterator6:MoveNext() (at D:\Programming\Unity\TopDownMinionDMC\Assets\AstarPathfindingProject\Core\AstarPath.cs:2652)
AstarPath:Update() (at D:\Programming\Unity\TopDownMinionDMC\Assets\AstarPathfindingProject\Core\AstarPath.cs:862)
 
(Filename: D:/Programming/Unity/TopDownMinionDMC/Assets/AstarPathfindingProject/Core/AstarPath.cs Line: 820)

50
UnityEngine.Debug:Internal_Log(Int32, String, Object)
UnityEngine.Debug:Log(Object)
randomGen:GetRandom() (at D:\Programming\Unity\TopDownMinionDMC\Assets\Scripts\Misc\randomGen.cs:23)
spawner:Update() (at D:\Programming\Unity\TopDownMinionDMC\Assets\Scripts\Misc\spawner.cs:49)
 
(Filename: D:/Programming/Unity/TopDownMinionDMC/Assets/Scripts/Misc/randomGen.cs Line: 23)

randomPrefab
UnityEngine.Debug:Internal_Log(Int32, String, Object)
UnityEngine.Debug:Log(Object)
spawner:Update() (at D:\Programming\Unity\TopDownMinionDMC\Assets\Scripts\Misc\spawner.cs:50)
 
(Filename: D:/Programming/Unity/TopDownMinionDMC/Assets/Scripts/Misc/spawner.cs Line: 50)

NullReferenceException: Object reference not set to an instance of an object
  at zombieAi.Update () [0x00060] in D:\Programming\Unity\TopDownMinionDMC\Assets\Scripts\MinionScripts\AI\zombieAi.cs:58 
 
(Filename: D:/Programming/Unity/TopDownMinionDMC/Assets/Scripts/MinionScripts/AI/zombieAi.cs Line: 58)

Path Completed : Computation Time 1.00 ms Searched Nodes 520 Path Length 32
Path Number 12
UnityEngine.Debug:Internal_Log(Int32, String, Object)
UnityEngine.Debug:Log(Object)
AstarPath:LogPathResults(Path) (at D:\Programming\Unity\TopDownMinionDMC\Assets\AstarPathfindingProject\Core\AstarPath.cs:820)
<CalculatePaths>c__Iterator6:MoveNext() (at D:\Programming\Unity\TopDownMinionDMC\Assets\AstarPathfindingProject\Core\AstarPath.cs:2652)
AstarPath:Update() (at D:\Programming\Unity\TopDownMinionDMC\Assets\AstarPathfindingProject\Core\AstarPath.cs:862)
 
(Filename: D:/Programming/Unity/TopDownMinionDMC/Assets/AstarPathfindingProject/Core/AstarPath.cs Line: 820)

Path Completed : Computation Time 0.00 ms Searched Nodes 71 Path Length 20
Path Number 13
UnityEngine.Debug:Internal_Log(Int32, String, Object)
UnityEngine.Debug:Log(Object)
AstarPath:LogPathResults(Path) (at D:\Programming\Unity\TopDownMinionDMC\Assets\AstarPathfindingProject\Core\AstarPath.cs:820)
<CalculatePaths>c__Iterator6:MoveNext() (at D:\Programming\Unity\TopDownMinionDMC\Assets\AstarPathfindingProject\Core\AstarPath.cs:2652)
AstarPath:Update() (at D:\Programming\Unity\TopDownMinionDMC\Assets\AstarPathfindingProject\Core\AstarPath.cs:862)
 
(Filename: D:/Programming/Unity/TopDownMinionDMC/Assets/AstarPathfindingProject/Core/AstarPath.cs Line: 820)

Path Completed : Computation Time 1.00 ms Searched Nodes 100 Path Length 15
Path Number 14
UnityEngine.Debug:Internal_Log(Int32, String, Object)
UnityEngine.Debug:Log(Object)
AstarPath:LogPathResults(Path) (at D:\Programming\Unity\TopDownMinionDMC\Assets\AstarPathfindingProject\Core\AstarPath.cs:820)
<CalculatePaths>c__Iterator6:MoveNext() (at D:\Programming\Unity\TopDownMinionDMC\Assets\AstarPathfindingProject\Core\AstarPath.cs:2652)
AstarPath:Update() (at D:\Programming\Unity\TopDownMinionDMC\Assets\AstarPathfindingProject\Core\AstarPath.cs:862)
 
(Filename: D:/Programming/Unity/TopDownMinionDMC/Assets/AstarPathfindingProject/Core/AstarPath.cs Line: 820)

Path Completed : Computation Time 0.00 ms Searched Nodes 17 Path Length 6
Path Number 15
UnityEngine.Debug:Internal_Log(Int32, String, Object)
UnityEngine.Debug:Log(Object)
AstarPath:LogPathResults(Path) (at D:\Programming\Unity\TopDownMinionDMC\Assets\AstarPathfindingProject\Core\AstarPath.cs:820)
<CalculatePaths>c__Iterator6:MoveNext() (at D:\Programming\Unity\TopDownMinionDMC\Assets\AstarPathfindingProject\Core\AstarPath.cs:2652)
AstarPath:Update() (at D:\Programming\Unity\TopDownMinionDMC\Assets\AstarPathfindingProject\Core\AstarPath.cs:862)
 
(Filename: D:/Programming/Unity/TopDownMinionDMC/Assets/AstarPathfindingProject/Core/AstarPath.cs Line: 820)

Path Completed : Computation Time 0.00 ms Searched Nodes 242 Path Length 26
Path Number 16
UnityEngine.Debug:Internal_Log(Int32, String, Object)
UnityEngine.Debug:Log(Object)
AstarPath:LogPathResults(Path) (at D:\Programming\Unity\TopDownMinionDMC\Assets\AstarPathfindingProject\Core\AstarPath.cs:820)
<CalculatePaths>c__Iterator6:MoveNext() (at D:\Programming\Unity\TopDownMinionDMC\Assets\AstarPathfindingProject\Core\AstarPath.cs:2652)
AstarPath:Update() (at D:\Programming\Unity\TopDownMinionDMC\Assets\AstarPathfindingProject\Core\AstarPath.cs:862)
 
(Filename: D:/Programming/Unity/TopDownMinionDMC/Assets/AstarPathfindingProject/Core/AstarPath.cs Line: 820)

ArgumentOutOfRangeException: Argument is out of range.
Parameter name: index
  at System.Collections.Generic.List`1[UnityEngine.Vector3].get_Item (Int32 index) [0x00024] in /Users/builduser/buildslave/mono-runtime-and-classlibs/build/mcs/class/corlib/System.Collections.Generic/List.cs:635 
  at zombieAi.Update () [0x00060] in D:\Programming\Unity\TopDownMinionDMC\Assets\Scripts\MinionScripts\AI\zombieAi.cs:58 
 
(Filename: /Users/builduser/buildslave/mono-runtime-and-classlibs/build/mcs/class/corlib/System.Collections.Generic/List.cs Line: 635)

Path Completed : Computation Time 0.00 ms Searched Nodes 14 Path Length 6
Path Number 17
UnityEngine.Debug:Internal_Log(Int32, String, Object)
UnityEngine.Debug:Log(Object)
AstarPath:LogPathResults(Path) (at D:\Programming\Unity\TopDownMinionDMC\Assets\AstarPathfindingProject\Core\AstarPath.cs:820)
<CalculatePaths>c__Iterator6:MoveNext() (at D:\Programming\Unity\TopDownMinionDMC\Assets\AstarPathfindingProject\Core\AstarPath.cs:2652)
AstarPath:Update() (at D:\Programming\Unity\TopDownMinionDMC\Assets\AstarPathfindingProject\Core\AstarPath.cs:862)
 
(Filename: D:/Programming/Unity/TopDownMinionDMC/Assets/AstarPathfindingProject/Core/AstarPath.cs Line: 820)

4
UnityEngine.Debug:Internal_Log(Int32, String, Object)
UnityEngine.Debug:Log(Object)
randomGen:GetRandom() (at D:\Programming\Unity\TopDownMinionDMC\Assets\Scripts\Misc\randomGen.cs:23)
spawner:Update() (at D:\Programming\Unity\TopDownMinionDMC\Assets\Scripts\Misc\spawner.cs:49)
 
(Filename: D:/Programming/Unity/TopDownMinionDMC/Assets/Scripts/Misc/randomGen.cs Line: 23)

randomPrefab
UnityEngine.Debug:Internal_Log(Int32, String, Object)
UnityEngine.Debug:Log(Object)
spawner:Update() (at D:\Programming\Unity\TopDownMinionDMC\Assets\Scripts\Misc\spawner.cs:50)
 
(Filename: D:/Programming/Unity/TopDownMinionDMC/Assets/Scripts/Misc/spawner.cs Line: 50)

Path Completed : Computation Time 0.00 ms Searched Nodes 52 Path Length 20
Path Number 18
UnityEngine.Debug:Internal_Log(Int32, String, Object)
UnityEngine.Debug:Log(Object)
AstarPath:LogPathResults(Path) (at D:\Programming\Unity\TopDownMinionDMC\Assets\AstarPathfindingProject\Core\AstarPath.cs:820)
<CalculatePaths>c__Iterator6:MoveNext() (at D:\Programming\Unity\TopDownMinionDMC\Assets\AstarPathfindingProject\Core\AstarPath.cs:2652)
AstarPath:Update() (at D:\Programming\Unity\TopDownMinionDMC\Assets\AstarPathfindingProject\Core\AstarPath.cs:862)
 
(Filename: D:/Programming/Unity/TopDownMinionDMC/Assets/AstarPathfindingProject/Core/AstarPath.cs Line: 820)

ArgumentOutOfRangeException: Argument is out of range.
Parameter name: index
  at System.Collections.Generic.List`1[UnityEngine.Vector3].get_Item (Int32 index) [0x00024] in /Users/builduser/buildslave/mono-runtime-and-classlibs/build/mcs/class/corlib/System.Collections.Generic/List.cs:635 
  at zombieAi.Update () [0x00060] in D:\Programming\Unity\TopDownMinionDMC\Assets\Scripts\MinionScripts\AI\zombieAi.cs:58 
 
(Filename: /Users/builduser/buildslave/mono-runtime-and-classlibs/build/mcs/class/corlib/System.Collections.Generic/List.cs Line: 635)

Path Completed : Computation Time 0.00 ms Searched Nodes 15 Path Length 7
Path Number 19
UnityEngine.Debug:Internal_Log(Int32, String, Object)
UnityEngine.Debug:Log(Object)
AstarPath:LogPathResults(Path) (at D:\Programming\Unity\TopDownMinionDMC\Assets\AstarPathfindingProject\Core\AstarPath.cs:820)
<CalculatePaths>c__Iterator6:MoveNext() (at D:\Programming\Unity\TopDownMinionDMC\Assets\AstarPathfindingProject\Core\AstarPath.cs:2652)
AstarPath:Update() (at D:\Programming\Unity\TopDownMinionDMC\Assets\AstarPathfindingProject\Core\AstarPath.cs:862)
 
(Filename: D:/Programming/Unity/TopDownMinionDMC/Assets/AstarPathfindingProject/Core/AstarPath.cs Line: 820)

Path Completed : Computation Time 0.00 ms Searched Nodes 50 Path Length 10
Path Number 20
UnityEngine.Debug:Internal_Log(Int32, String, Object)
UnityEngine.Debug:Log(Object)
AstarPath:LogPathResults(Path) (at D:\Programming\Unity\TopDownMinionDMC\Assets\AstarPathfindingProject\Core\AstarPath.cs:820)
<CalculatePaths>c__Iterator6:MoveNext() (at D:\Programming\Unity\TopDownMinionDMC\Assets\AstarPathfindingProject\Core\AstarPath.cs:2652)
AstarPath:Update() (at D:\Programming\Unity\TopDownMinionDMC\Assets\AstarPathfindingProject\Core\AstarPath.cs:862)
 
(Filename: D:/Programming/Unity/TopDownMinionDMC/Assets/AstarPathfindingProject/Core/AstarPath.cs Line: 820)

Path Completed : Computation Time 0.00 ms Searched Nodes 104 Path Length 24
Path Number 21
UnityEngine.Debug:Internal_Log(Int32, String, Object)
UnityEngine.Debug:Log(Object)
AstarPath:LogPathResults(Path) (at D:\Programming\Unity\TopDownMinionDMC\Assets\AstarPathfindingProject\Core\AstarPath.cs:820)
<CalculatePaths>c__Iterator6:MoveNext() (at D:\Programming\Unity\TopDownMinionDMC\Assets\AstarPathfindingProject\Core\AstarPath.cs:2652)
AstarPath:Update() (at D:\Programming\Unity\TopDownMinionDMC\Assets\AstarPathfindingProject\Core\AstarPath.cs:862)
 
(Filename: D:/Programming/Unity/TopDownMinionDMC/Assets/AstarPathfindingProject/Core/AstarPath.cs Line: 820)

ArgumentOutOfRangeException: Argument is out of range.
Parameter name: index
  at System.Collections.Generic.List`1[UnityEngine.Vector3].get_Item (Int32 index) [0x00024] in /Users/builduser/buildslave/mono-runtime-and-classlibs/build/mcs/class/corlib/System.Collections.Generic/List.cs:635 
  at zombieAi.Update () [0x00060] in D:\Programming\Unity\TopDownMinionDMC\Assets\Scripts\MinionScripts\AI\zombieAi.cs:58 
 
(Filename: /Users/builduser/buildslave/mono-runtime-and-classlibs/build/mcs/class/corlib/System.Collections.Generic/List.cs Line: 635)

Path Completed : Computation Time 0.00 ms Searched Nodes 39 Path Length 9
Path Number 22
UnityEngine.Debug:Internal_Log(Int32, String, Object)
UnityEngine.Debug:Log(Object)
AstarPath:LogPathResults(Path) (at D:\Programming\Unity\TopDownMinionDMC\Assets\AstarPathfindingProject\Core\AstarPath.cs:820)
<CalculatePaths>c__Iterator6:MoveNext() (at D:\Programming\Unity\TopDownMinionDMC\Assets\AstarPathfindingProject\Core\AstarPath.cs:2652)
AstarPath:Update() (at D:\Programming\Unity\TopDownMinionDMC\Assets\AstarPathfindingProject\Core\AstarPath.cs:862)
 
(Filename: D:/Programming/Unity/TopDownMinionDMC/Assets/AstarPathfindingProject/Core/AstarPath.cs Line: 820)

Path Completed : Computation Time 0.00 ms Searched Nodes 92 Path Length 16
Path Number 23
UnityEngine.Debug:Internal_Log(Int32, String, Object)
UnityEngine.Debug:Log(Object)
AstarPath:LogPathResults(Path) (at D:\Programming\Unity\TopDownMinionDMC\Assets\AstarPathfindingProject\Core\AstarPath.cs:820)
<CalculatePaths>c__Iterator6:MoveNext() (at D:\Programming\Unity\TopDownMinionDMC\Assets\AstarPathfindingProject\Core\AstarPath.cs:2652)
AstarPath:Update() (at D:\Programming\Unity\TopDownMinionDMC\Assets\AstarPathfindingProject\Core\AstarPath.cs:862)
 
(Filename: D:/Programming/Unity/TopDownMinionDMC/Assets/AstarPathfindingProject/Core/AstarPath.cs Line: 820)

Path Completed : Computation Time 0.00 ms Searched Nodes 100 Path Length 16
Path Number 24
UnityEngine.Debug:Internal_Log(Int32, String, Object)
UnityEngine.Debug:Log(Object)
AstarPath:LogPathResults(Path) (at D:\Programming\Unity\TopDownMinionDMC\Assets\AstarPathfindingProject\Core\AstarPath.cs:820)
<CalculatePaths>c__Iterator6:MoveNext() (at D:\Programming\Unity\TopDownMinionDMC\Assets\AstarPathfindingProject\Core\AstarPath.cs:2652)
AstarPath:Update() (at D:\Programming\Unity\TopDownMinionDMC\Assets\AstarPathfindingProject\Core\AstarPath.cs:862)
 
(Filename: D:/Programming/Unity/TopDownMinionDMC/Assets/AstarPathfindingProject/Core/AstarPath.cs Line: 820)

ArgumentOutOfRangeException: Argument is out of range.
Parameter name: index
  at System.Collections.Generic.List`1[UnityEngine.Vector3].get_Item (Int32 index) [0x00024] in /Users/builduser/buildslave/mono-runtime-and-classlibs/build/mcs/class/corlib/System.Collections.Generic/List.cs:635 
  at zombieAi.Update () [0x00060] in D:\Programming\Unity\TopDownMinionDMC\Assets\Scripts\MinionScripts\AI\zombieAi.cs:58 
 
(Filename: /Users/builduser/buildslave/mono-runtime-and-classlibs/build/mcs/class/corlib/System.Collections.Generic/List.cs Line: 635)

Path Completed : Computation Time 0.00 ms Searched Nodes 22 Path Length 10
Path Number 25
UnityEngine.Debug:Internal_Log(Int32, String, Object)
UnityEngine.Debug:Log(Object)
AstarPath:LogPathResults(Path) (at D:\Programming\Unity\TopDownMinionDMC\Assets\AstarPathfindingProject\Core\AstarPath.cs:820)
<CalculatePaths>c__Iterator6:MoveNext() (at D:\Programming\Unity\TopDownMinionDMC\Assets\AstarPathfindingProject\Core\AstarPath.cs:2652)
AstarPath:Update() (at D:\Programming\Unity\TopDownMinionDMC\Assets\AstarPathfindingProject\Core\AstarPath.cs:862)
 
(Filename: D:/Programming/Unity/TopDownMinionDMC/Assets/AstarPathfindingProject/Core/AstarPath.cs Line: 820)

ArgumentOutOfRangeException: Argument is out of range.
Parameter name: index
  at System.Collections.Generic.List`1[UnityEngine.Vector3].get_Item (Int32 index) [0x00024] in /Users/builduser/buildslave/mono-runtime-and-classlibs/build/mcs/class/corlib/System.Collections.Generic/List.cs:635 
  at zombieAi.Update () [0x00060] in D:\Programming\Unity\TopDownMinionDMC\Assets\Scripts\MinionScripts\AI\zombieAi.cs:58 
 
(Filename: /Users/builduser/buildslave/mono-runtime-and-classlibs/build/mcs/class/corlib/System.Collections.Generic/List.cs Line: 635)

Path Completed : Computation Time 0.00 ms Searched Nodes 31 Path Length 9
Path Number 26
UnityEngine.Debug:Internal_Log(Int32, String, Object)
UnityEngine.Debug:Log(Object)
AstarPath:LogPathResults(Path) (at D:\Programming\Unity\TopDownMinionDMC\Assets\AstarPathfindingProject\Core\AstarPath.cs:820)
<CalculatePaths>c__Iterator6:MoveNext() (at D:\Programming\Unity\TopDownMinionDMC\Assets\AstarPathfindingProject\Core\AstarPath.cs:2652)
AstarPath:Update() (at D:\Programming\Unity\TopDownMinionDMC\Assets\AstarPathfindingProject\Core\AstarPath.cs:862)
 
(Filename: D:/Programming/Unity/TopDownMinionDMC/Assets/AstarPathfindingProject/Core/AstarPath.cs Line: 820)

20
UnityEngine.Debug:Internal_Log(Int32, String, Object)
UnityEngine.Debug:Log(Object)
randomGen:GetRandom() (at D:\Programming\Unity\TopDownMinionDMC\Assets\Scripts\Misc\randomGen.cs:23)
spawner:Update() (at D:\Programming\Unity\TopDownMinionDMC\Assets\Scripts\Misc\spawner.cs:49)
 
(Filename: D:/Programming/Unity/TopDownMinionDMC/Assets/Scripts/Misc/randomGen.cs Line: 23)

randomPrefab
UnityEngine.Debug:Internal_Log(Int32, String, Object)
UnityEngine.Debug:Log(Object)
spawner:Update() (at D:\Programming\Unity\TopDownMinionDMC\Assets\Scripts\Misc\spawner.cs:50)
 
(Filename: D:/Programming/Unity/TopDownMinionDMC/Assets/Scripts/Misc/spawner.cs Line: 50)

Path Completed : Computation Time 0.00 ms Searched Nodes 67 Path Length 19
Path Number 27
UnityEngine.Debug:Internal_Log(Int32, String, Object)
UnityEngine.Debug:Log(Object)
AstarPath:LogPathResults(Path) (at D:\Programming\Unity\TopDownMinionDMC\Assets\AstarPathfindingProject\Core\AstarPath.cs:820)
<CalculatePaths>c__Iterator6:MoveNext() (at D:\Programming\Unity\TopDownMinionDMC\Assets\AstarPathfindingProject\Core\AstarPath.cs:2652)
AstarPath:Update() (at D:\Programming\Unity\TopDownMinionDMC\Assets\AstarPathfindingProject\Core\AstarPath.cs:862)
 
(Filename: D:/Programming/Unity/TopDownMinionDMC/Assets/AstarPathfindingProject/Core/AstarPath.cs Line: 820)

NullReferenceException: Object reference not set to an instance of an object
  at zombieAi.Update () [0x00060] in D:\Programming\Unity\TopDownMinionDMC\Assets\Scripts\MinionScripts\AI\zombieAi.cs:58 
 
(Filename: D:/Programming/Unity/TopDownMinionDMC/Assets/Scripts/MinionScripts/AI/zombieAi.cs Line: 58)

Path Completed : Computation Time 1.00 ms Searched Nodes 318 Path Length 27
Path Number 28
UnityEngine.Debug:Internal_Log(Int32, String, Object)
UnityEngine.Debug:Log(Object)
AstarPath:LogPathResults(Path) (at D:\Programming\Unity\TopDownMinionDMC\Assets\AstarPathfindingProject\Core\AstarPath.cs:820)
<CalculatePaths>c__Iterator6:MoveNext() (at D:\Programming\Unity\TopDownMinionDMC\Assets\AstarPathfindingProject\Core\AstarPath.cs:2652)
AstarPath:Update() (at D:\Programming\Unity\TopDownMinionDMC\Assets\AstarPathfindingProject\Core\AstarPath.cs:862)
 
(Filename: D:/Programming/Unity/TopDownMinionDMC/Assets/AstarPathfindingProject/Core/AstarPath.cs Line: 820)

ArgumentOutOfRangeException: Argument is out of range.
Parameter name: index
  at System.Collections.Generic.List`1[UnityEngine.Vector3].get_Item (Int32 index) [0x00024] in /Users/builduser/buildslave/mono-runtime-and-classlibs/build/mcs/class/corlib/System.Collections.Generic/List.cs:635 
  at zombieAi.Update () [0x00060] in D:\Programming\Unity\TopDownMinionDMC\Assets\Scripts\MinionScripts\AI\zombieAi.cs:58 
 
(Filename: /Users/builduser/buildslave/mono-runtime-and-classlibs/build/mcs/class/corlib/System.Collections.Generic/List.cs Line: 635)

Path Completed : Computation Time 0.00 ms Searched Nodes 31 Path Length 11
Path Number 29
UnityEngine.Debug:Internal_Log(Int32, String, Object)
UnityEngine.Debug:Log(Object)
AstarPath:LogPathResults(Path) (at D:\Programming\Unity\TopDownMinionDMC\Assets\AstarPathfindingProject\Core\AstarPath.cs:820)
<CalculatePaths>c__Iterator6:MoveNext() (at D:\Programming\Unity\TopDownMinionDMC\Assets\AstarPathfindingProject\Core\AstarPath.cs:2652)
AstarPath:Update() (at D:\Programming\Unity\TopDownMinionDMC\Assets\AstarPathfindingProject\Core\AstarPath.cs:862)
 
(Filename: D:/Programming/Unity/TopDownMinionDMC/Assets/AstarPathfindingProject/Core/AstarPath.cs Line: 820)

ArgumentOutOfRangeException: Argument is out of range.
Parameter name: index
  at System.Collections.Generic.List`1[UnityEngine.Vector3].get_Item (Int32 index) [0x00024] in /Users/builduser/buildslave/mono-runtime-and-classlibs/build/mcs/class/corlib/System.Collections.Generic/List.cs:635 
  at zombieAi.Update () [0x00060] in D:\Programming\Unity\TopDownMinionDMC\Assets\Scripts\MinionScripts\AI\zombieAi.cs:58 
 
(Filename: /Users/builduser/buildslave/mono-runtime-and-classlibs/build/mcs/class/corlib/System.Collections.Generic/List.cs Line: 635)

Path Completed : Computation Time 0.00 ms Searched Nodes 47 Path Length 13
Path Number 30
UnityEngine.Debug:Internal_Log(Int32, String, Object)
UnityEngine.Debug:Log(Object)
AstarPath:LogPathResults(Path) (at D:\Programming\Unity\TopDownMinionDMC\Assets\AstarPathfindingProject\Core\AstarPath.cs:820)
<CalculatePaths>c__Iterator6:MoveNext() (at D:\Programming\Unity\TopDownMinionDMC\Assets\AstarPathfindingProject\Core\AstarPath.cs:2652)
AstarPath:Update() (at D:\Programming\Unity\TopDownMinionDMC\Assets\AstarPathfindingProject\Core\AstarPath.cs:862)
 
(Filename: D:/Programming/Unity/TopDownMinionDMC/Assets/AstarPathfindingProject/Core/AstarPath.cs Line: 820)

ArgumentOutOfRangeException: Argument is out of range.
Parameter name: index
  at System.Collections.Generic.List`1[UnityEngine.Vector3].get_Item (Int32 index) [0x00024] in /Users/builduser/buildslave/mono-runtime-and-classlibs/build/mcs/class/corlib/System.Collections.Generic/List.cs:635 
  at zombieAi.Update () [0x00060] in D:\Programming\Unity\TopDownMinionDMC\Assets\Scripts\MinionScripts\AI\zombieAi.cs:58 
 
(Filename: /Users/builduser/buildslave/mono-runtime-and-classlibs/build/mcs/class/corlib/System.Collections.Generic/List.cs Line: 635)

Path Completed : Computation Time 0.00 ms Searched Nodes 16 Path Length 8
Path Number 31
UnityEngine.Debug:Internal_Log(Int32, String, Object)
UnityEngine.Debug:Log(Object)
AstarPath:LogPathResults(Path) (at D:\Programming\Unity\TopDownMinionDMC\Assets\AstarPathfindingProject\Core\AstarPath.cs:820)
<CalculatePaths>c__Iterator6:MoveNext() (at D:\Programming\Unity\TopDownMinionDMC\Assets\AstarPathfindingProject\Core\AstarPath.cs:2652)
AstarPath:Update() (at D:\Programming\Unity\TopDownMinionDMC\Assets\AstarPathfindingProject\Core\AstarPath.cs:862)
 
(Filename: D:/Programming/Unity/TopDownMinionDMC/Assets/AstarPathfindingProject/Core/AstarPath.cs Line: 820)

Path Completed : Computation Time 0.00 ms Searched Nodes 32 Path Length 14
Path Number 32
UnityEngine.Debug:Internal_Log(Int32, String, Object)
UnityEngine.Debug:Log(Object)
AstarPath:LogPathResults(Path) (at D:\Programming\Unity\TopDownMinionDMC\Assets\AstarPathfindingProject\Core\AstarPath.cs:820)
<CalculatePaths>c__Iterator6:MoveNext() (at D:\Programming\Unity\TopDownMinionDMC\Assets\AstarPathfindingProject\Core\AstarPath.cs:2652)
AstarPath:Update() (at D:\Programming\Unity\TopDownMinionDMC\Assets\AstarPathfindingProject\Core\AstarPath.cs:862)
 
(Filename: D:/Programming/Unity/TopDownMinionDMC/Assets/AstarPathfindingProject/Core/AstarPath.cs Line: 820)

ArgumentOutOfRangeException: Argument is out of range.
Parameter name: index
  at System.Collections.Generic.List`1[UnityEngine.Vector3].get_Item (Int32 index) [0x00024] in /Users/builduser/buildslave/mono-runtime-and-classlibs/build/mcs/class/corlib/System.Collections.Generic/List.cs:635 
  at zombieAi.Update () [0x00060] in D:\Programming\Unity\TopDownMinionDMC\Assets\Scripts\MinionScripts\AI\zombieAi.cs:58 
 
(Filename: /Users/builduser/buildslave/mono-runtime-and-classlibs/build/mcs/class/corlib/System.Collections.Generic/List.cs Line: 635)

ArgumentOutOfRangeException: Argument is out of range.
Parameter name: index
  at System.Collections.Generic.List`1[UnityEngine.Vector3].get_Item (Int32 index) [0x00024] in /Users/builduser/buildslave/mono-runtime-and-classlibs/build/mcs/class/corlib/System.Collections.Generic/List.cs:635 
  at zombieAi.Update () [0x00060] in D:\Programming\Unity\TopDownMinionDMC\Assets\Scripts\MinionScripts\AI\zombieAi.cs:58 
 
(Filename: /Users/builduser/buildslave/mono-runtime-and-classlibs/build/mcs/class/corlib/System.Collections.Generic/List.cs Line: 635)

Path Completed : Computation Time 0.00 ms Searched Nodes 14 Path Length 8
Path Number 33
UnityEngine.Debug:Internal_Log(Int32, String, Object)
UnityEngine.Debug:Log(Object)
AstarPath:LogPathResults(Path) (at D:\Programming\Unity\TopDownMinionDMC\Assets\AstarPathfindingProject\Core\AstarPath.cs:820)
<CalculatePaths>c__Iterator6:MoveNext() (at D:\Programming\Unity\TopDownMinionDMC\Assets\AstarPathfindingProject\Core\AstarPath.cs:2652)
AstarPath:Update() (at D:\Programming\Unity\TopDownMinionDMC\Assets\AstarPathfindingProject\Core\AstarPath.cs:862)
 
(Filename: D:/Programming/Unity/TopDownMinionDMC/Assets/AstarPathfindingProject/Core/AstarPath.cs Line: 820)

ArgumentOutOfRangeException: Argument is out of range.
Parameter name: index
  at System.Collections.Generic.List`1[UnityEngine.Vector3].get_Item (Int32 index) [0x00024] in /Users/builduser/buildslave/mono-runtime-and-classlibs/build/mcs/class/corlib/System.Collections.Generic/List.cs:635 
  at zombieAi.Update () [0x00060] in D:\Programming\Unity\TopDownMinionDMC\Assets\Scripts\MinionScripts\AI\zombieAi.cs:58 
 
(Filename: /Users/builduser/buildslave/mono-runtime-and-classlibs/build/mcs/class/corlib/System.Collections.Generic/List.cs Line: 635)

Path Completed : Computation Time 0.00 ms Searched Nodes 31 Path Length 12
Path Number 34
UnityEngine.Debug:Internal_Log(Int32, String, Object)
UnityEngine.Debug:Log(Object)
AstarPath:LogPathResults(Path) (at D:\Programming\Unity\TopDownMinionDMC\Assets\AstarPathfindingProject\Core\AstarPath.cs:820)
<CalculatePaths>c__Iterator6:MoveNext() (at D:\Programming\Unity\TopDownMinionDMC\Assets\AstarPathfindingProject\Core\AstarPath.cs:2652)
AstarPath:Update() (at D:\Programming\Unity\TopDownMinionDMC\Assets\AstarPathfindingProject\Core\AstarPath.cs:862)
 
(Filename: D:/Programming/Unity/TopDownMinionDMC/Assets/AstarPathfindingProject/Core/AstarPath.cs Line: 820)

Path Completed : Computation Time 1.00 ms Searched Nodes 75 Path Length 13
Path Number 35
UnityEngine.Debug:Internal_Log(Int32, String, Object)
UnityEngine.Debug:Log(Object)
AstarPath:LogPathResults(Path) (at D:\Programming\Unity\TopDownMinionDMC\Assets\AstarPathfindingProject\Core\AstarPath.cs:820)
<CalculatePaths>c__Iterator6:MoveNext() (at D:\Programming\Unity\TopDownMinionDMC\Assets\AstarPathfindingProject\Core\AstarPath.cs:2652)
AstarPath:Update() (at D:\Programming\Unity\TopDownMinionDMC\Assets\AstarPathfindingProject\Core\AstarPath.cs:862)
 
(Filename: D:/Programming/Unity/TopDownMinionDMC/Assets/AstarPathfindingProject/Core/AstarPath.cs Line: 820)

ArgumentOutOfRangeException: Argument is out of range.
Parameter name: index
  at System.Collections.Generic.List`1[UnityEngine.Vector3].get_Item (Int32 index) [0x00024] in /Users/builduser/buildslave/mono-runtime-and-classlibs/build/mcs/class/corlib/System.Collections.Generic/List.cs:635 
  at zombieAi.Update () [0x00060] in D:\Programming\Unity\TopDownMinionDMC\Assets\Scripts\MinionScripts\AI\zombieAi.cs:58 
 
(Filename: /Users/builduser/buildslave/mono-runtime-and-classlibs/build/mcs/class/corlib/System.Collections.Generic/List.cs Line: 635)

Path Completed : Computation Time 0.00 ms Searched Nodes 28 Path Length 12
Path Number 36
UnityEngine.Debug:Internal_Log(Int32, String, Object)
UnityEngine.Debug:Log(Object)
AstarPath:LogPathResults(Path) (at D:\Programming\Unity\TopDownMinionDMC\Assets\AstarPathfindingProject\Core\AstarPath.cs:820)
<CalculatePaths>c__Iterator6:MoveNext() (at D:\Programming\Unity\TopDownMinionDMC\Assets\AstarPathfindingProject\Core\AstarPath.cs:2652)
AstarPath:Update() (at D:\Programming\Unity\TopDownMinionDMC\Assets\AstarPathfindingProject\Core\AstarPath.cs:862)
 
(Filename: D:/Programming/Unity/TopDownMinionDMC/Assets/AstarPathfindingProject/Core/AstarPath.cs Line: 820)

Path Completed : Computation Time 0.00 ms Searched Nodes 244 Path Length 28
Path Number 37
UnityEngine.Debug:Internal_Log(Int32, String, Object)
UnityEngine.Debug:Log(Object)
AstarPath:LogPathResults(Path) (at D:\Programming\Unity\TopDownMinionDMC\Assets\AstarPathfindingProject\Core\AstarPath.cs:820)
<CalculatePaths>c__Iterator6:MoveNext() (at D:\Programming\Unity\TopDownMinionDMC\Assets\AstarPathfindingProject\Core\AstarPath.cs:2652)
AstarPath:Update() (at D:\Programming\Unity\TopDownMinionDMC\Assets\AstarPathfindingProject\Core\AstarPath.cs:862)
 
(Filename: D:/Programming/Unity/TopDownMinionDMC/Assets/AstarPathfindingProject/Core/AstarPath.cs Line: 820)

ArgumentOutOfRangeException: Argument is out of range.
Parameter name: index
  at System.Collections.Generic.List`1[UnityEngine.Vector3].get_Item (Int32 index) [0x00024] in /Users/builduser/buildslave/mono-runtime-and-classlibs/build/mcs/class/corlib/System.Collections.Generic/List.cs:635 
  at zombieAi.Update () [0x00060] in D:\Programming\Unity\TopDownMinionDMC\Assets\Scripts\MinionScripts\AI\zombieAi.cs:58 
 
(Filename: /Users/builduser/buildslave/mono-runtime-and-classlibs/build/mcs/class/corlib/System.Collections.Generic/List.cs Line: 635)

Path Completed : Computation Time 0.00 ms Searched Nodes 12 Path Length 7
Path Number 38
UnityEngine.Debug:Internal_Log(Int32, String, Object)
UnityEngine.Debug:Log(Object)
AstarPath:LogPathResults(Path) (at D:\Programming\Unity\TopDownMinionDMC\Assets\AstarPathfindingProject\Core\AstarPath.cs:820)
<CalculatePaths>c__Iterator6:MoveNext() (at D:\Programming\Unity\TopDownMinionDMC\Assets\AstarPathfindingProject\Core\AstarPath.cs:2652)
AstarPath:Update() (at D:\Programming\Unity\TopDownMinionDMC\Assets\AstarPathfindingProject\Core\AstarPath.cs:862)
 
(Filename: D:/Programming/Unity/TopDownMinionDMC/Assets/AstarPathfindingProject/Core/AstarPath.cs Line: 820)

Path Completed : Computation Time 0.00 ms Searched Nodes 71 Path Length 16
Path Number 39
UnityEngine.Debug:Internal_Log(Int32, String, Object)
UnityEngine.Debug:Log(Object)
AstarPath:LogPathResults(Path) (at D:\Programming\Unity\TopDownMinionDMC\Assets\AstarPathfindingProject\Core\AstarPath.cs:820)
<CalculatePaths>c__Iterator6:MoveNext() (at D:\Programming\Unity\TopDownMinionDMC\Assets\AstarPathfindingProject\Core\AstarPath.cs:2652)
AstarPath:Update() (at D:\Programming\Unity\TopDownMinionDMC\Assets\AstarPathfindingProject\Core\AstarPath.cs:862)
 
(Filename: D:/Programming/Unity/TopDownMinionDMC/Assets/AstarPathfindingProject/Core/AstarPath.cs Line: 820)

9
UnityEngine.Debug:Internal_Log(Int32, String, Object)
UnityEngine.Debug:Log(Object)
randomGen:GetRandom() (at D:\Programming\Unity\TopDownMinionDMC\Assets\Scripts\Misc\randomGen.cs:23)
spawner:Update() (at D:\Programming\Unity\TopDownMinionDMC\Assets\Scripts\Misc\spawner.cs:49)
 
(Filename: D:/Programming/Unity/TopDownMinionDMC/Assets/Scripts/Misc/randomGen.cs Line: 23)

randomPrefab
UnityEngine.Debug:Internal_Log(Int32, String, Object)
UnityEngine.Debug:Log(Object)
spawner:Update() (at D:\Programming\Unity\TopDownMinionDMC\Assets\Scripts\Misc\spawner.cs:50)
 
(Filename: D:/Programming/Unity/TopDownMinionDMC/Assets/Scripts/Misc/spawner.cs Line: 50)

Path Completed : Computation Time 0.00 ms Searched Nodes 235 Path Length 24
Path Number 40
UnityEngine.Debug:Internal_Log(Int32, String, Object)
UnityEngine.Debug:Log(Object)
AstarPath:LogPathResults(Path) (at D:\Programming\Unity\TopDownMinionDMC\Assets\AstarPathfindingProject\Core\AstarPath.cs:820)
<CalculatePaths>c__Iterator6:MoveNext() (at D:\Programming\Unity\TopDownMinionDMC\Assets\AstarPathfindingProject\Core\AstarPath.cs:2652)
AstarPath:Update() (at D:\Programming\Unity\TopDownMinionDMC\Assets\AstarPathfindingProject\Core\AstarPath.cs:862)
 
(Filename: D:/Programming/Unity/TopDownMinionDMC/Assets/AstarPathfindingProject/Core/AstarPath.cs Line: 820)

ArgumentOutOfRangeException: Argument is out of range.
Parameter name: index
  at System.Collections.Generic.List`1[UnityEngine.Vector3].get_Item (Int32 index) [0x00024] in /Users/builduser/buildslave/mono-runtime-and-classlibs/build/mcs/class/corlib/System.Collections.Generic/List.cs:635 
  at zombieAi.Update () [0x00060] in D:\Programming\Unity\TopDownMinionDMC\Assets\Scripts\MinionScripts\AI\zombieAi.cs:58 
 
(Filename: /Users/builduser/buildslave/mono-runtime-and-classlibs/build/mcs/class/corlib/System.Collections.Generic/List.cs Line: 635)

Path Completed : Computation Time 0.00 ms Searched Nodes 46 Path Length 13
Path Number 41
UnityEngine.Debug:Internal_Log(Int32, String, Object)
UnityEngine.Debug:Log(Object)
AstarPath:LogPathResults(Path) (at D:\Programming\Unity\TopDownMinionDMC\Assets\AstarPathfindingProject\Core\AstarPath.cs:820)
<CalculatePaths>c__Iterator6:MoveNext() (at D:\Programming\Unity\TopDownMinionDMC\Assets\AstarPathfindingProject\Core\AstarPath.cs:2652)
AstarPath:Update() (at D:\Programming\Unity\TopDownMinionDMC\Assets\AstarPathfindingProject\Core\AstarPath.cs:862)
 
(Filename: D:/Programming/Unity/TopDownMinionDMC/Assets/AstarPathfindingProject/Core/AstarPath.cs Line: 820)

ArgumentOutOfRangeException: Argument is out of range.
Parameter name: index
  at System.Collections.Generic.List`1[UnityEngine.Vector3].get_Item (Int32 index) [0x00024] in /Users/builduser/buildslave/mono-runtime-and-classlibs/build/mcs/class/corlib/System.Collections.Generic/List.cs:635 
  at zombieAi.Update () [0x00060] in D:\Programming\Unity\TopDownMinionDMC\Assets\Scripts\MinionScripts\AI\zombieAi.cs:58 
 
(Filename: /Users/builduser/buildslave/mono-runtime-and-classlibs/build/mcs/class/corlib/System.Collections.Generic/List.cs Line: 635)

Path Completed : Computation Time 0.00 ms Searched Nodes 50 Path Length 13
Path Number 42
UnityEngine.Debug:Internal_Log(Int32, String, Object)
UnityEngine.Debug:Log(Object)
AstarPath:LogPathResults(Path) (at D:\Programming\Unity\TopDownMinionDMC\Assets\AstarPathfindingProject\Core\AstarPath.cs:820)
<CalculatePaths>c__Iterator6:MoveNext() (at D:\Programming\Unity\TopDownMinionDMC\Assets\AstarPathfindingProject\Core\AstarPath.cs:2652)
AstarPath:Update() (at D:\Programming\Unity\TopDownMinionDMC\Assets\AstarPathfindingProject\Core\AstarPath.cs:862)
 
(Filename: D:/Programming/Unity/TopDownMinionDMC/Assets/AstarPathfindingProject/Core/AstarPath.cs Line: 820)

ArgumentOutOfRangeException: Argument is out of range.
Parameter name: index
  at System.Collections.Generic.List`1[UnityEngine.Vector3].get_Item (Int32 index) [0x00024] in /Users/builduser/buildslave/mono-runtime-and-classlibs/build/mcs/class/corlib/System.Collections.Generic/List.cs:635 
  at zombieAi.Update () [0x00060] in D:\Programming\Unity\TopDownMinionDMC\Assets\Scripts\MinionScripts\AI\zombieAi.cs:58 
 
(Filename: /Users/builduser/buildslave/mono-runtime-and-classlibs/build/mcs/class/corlib/System.Collections.Generic/List.cs Line: 635)

Path Completed : Computation Time 0.00 ms Searched Nodes 18 Path Length 7
Path Number 43
UnityEngine.Debug:Internal_Log(Int32, String, Object)
UnityEngine.Debug:Log(Object)
AstarPath:LogPathResults(Path) (at D:\Programming\Unity\TopDownMinionDMC\Assets\AstarPathfindingProject\Core\AstarPath.cs:820)
<CalculatePaths>c__Iterator6:MoveNext() (at D:\Programming\Unity\TopDownMinionDMC\Assets\AstarPathfindingProject\Core\AstarPath.cs:2652)
AstarPath:Update() (at D:\Programming\Unity\TopDownMinionDMC\Assets\AstarPathfindingProject\Core\AstarPath.cs:862)
 
(Filename: D:/Programming/Unity/TopDownMinionDMC/Assets/AstarPathfindingProject/Core/AstarPath.cs Line: 820)

Path Completed : Computation Time 0.00 ms Searched Nodes 9 Path Length 9
Path Number 44
UnityEngine.Debug:Internal_Log(Int32, String, Object)
UnityEngine.Debug:Log(Object)
AstarPath:LogPathResults(Path) (at D:\Programming\Unity\TopDownMinionDMC\Assets\AstarPathfindingProject\Core\AstarPath.cs:820)
<CalculatePaths>c__Iterator6:MoveNext() (at D:\Programming\Unity\TopDownMinionDMC\Assets\AstarPathfindingProject\Core\AstarPath.cs:2652)
AstarPath:Update() (at D:\Programming\Unity\TopDownMinionDMC\Assets\AstarPathfindingProject\Core\AstarPath.cs:862)
 
(Filename: D:/Programming/Unity/TopDownMinionDMC/Assets/AstarPathfindingProject/Core/AstarPath.cs Line: 820)

Path Completed : Computation Time 0.00 ms Searched Nodes 256 Path Length 29
Path Number 45
UnityEngine.Debug:Internal_Log(Int32, String, Object)
UnityEngine.Debug:Log(Object)
AstarPath:LogPathResults(Path) (at D:\Programming\Unity\TopDownMinionDMC\Assets\AstarPathfindingProject\Core\AstarPath.cs:820)
<CalculatePaths>c__Iterator6:MoveNext() (at D:\Programming\Unity\TopDownMinionDMC\Assets\AstarPathfindingProject\Core\AstarPath.cs:2652)
AstarPath:Update() (at D:\Programming\Unity\TopDownMinionDMC\Assets\AstarPathfindingProject\Core\AstarPath.cs:862)
 
(Filename: D:/Programming/Unity/TopDownMinionDMC/Assets/AstarPathfindingProject/Core/AstarPath.cs Line: 820)

ArgumentOutOfRangeException: Argument is out of range.
Parameter name: index
  at System.Collections.Generic.List`1[UnityEngine.Vector3].get_Item (Int32 index) [0x00024] in /Users/builduser/buildslave/mono-runtime-and-classlibs/build/mcs/class/corlib/System.Collections.Generic/List.cs:635 
  at zombieAi.Update () [0x00060] in D:\Programming\Unity\TopDownMinionDMC\Assets\Scripts\MinionScripts\AI\zombieAi.cs:58 
 
(Filename: /Users/builduser/buildslave/mono-runtime-and-classlibs/build/mcs/class/corlib/System.Collections.Generic/List.cs Line: 635)

Path Completed : Computation Time 0.00 ms Searched Nodes 15 Path Length 6
Path Number 46
UnityEngine.Debug:Internal_Log(Int32, String, Object)
UnityEngine.Debug:Log(Object)
AstarPath:LogPathResults(Path) (at D:\Programming\Unity\TopDownMinionDMC\Assets\AstarPathfindingProject\Core\AstarPath.cs:820)
<CalculatePaths>c__Iterator6:MoveNext() (at D:\Programming\Unity\TopDownMinionDMC\Assets\AstarPathfindingProject\Core\AstarPath.cs:2652)
AstarPath:Update() (at D:\Programming\Unity\TopDownMinionDMC\Assets\AstarPathfindingProject\Core\AstarPath.cs:862)
 
(Filename: D:/Programming/Unity/TopDownMinionDMC/Assets/AstarPathfindingProject/Core/AstarPath.cs Line: 820)

ArgumentOutOfRangeException: Argument is out of range.
Parameter name: index
  at System.Collections.Generic.List`1[UnityEngine.Vector3].get_Item (Int32 index) [0x00024] in /Users/builduser/buildslave/mono-runtime-and-classlibs/build/mcs/class/corlib/System.Collections.Generic/List.cs:635 
  at zombieAi.Update () [0x00060] in D:\Programming\Unity\TopDownMinionDMC\Assets\Scripts\MinionScripts\AI\zombieAi.cs:58 
 
(Filename: /Users/builduser/buildslave/mono-runtime-and-classlibs/build/mcs/class/corlib/System.Collections.Generic/List.cs Line: 635)

Path Completed : Computation Time 1.02 ms Searched Nodes 68 Path Length 15
Path Number 47
UnityEngine.Debug:Internal_Log(Int32, String, Object)
UnityEngine.Debug:Log(Object)
AstarPath:LogPathResults(Path) (at D:\Programming\Unity\TopDownMinionDMC\Assets\AstarPathfindingProject\Core\AstarPath.cs:820)
<CalculatePaths>c__Iterator6:MoveNext() (at D:\Programming\Unity\TopDownMinionDMC\Assets\AstarPathfindingProject\Core\AstarPath.cs:2652)
AstarPath:Update() (at D:\Programming\Unity\TopDownMinionDMC\Assets\AstarPathfindingProject\Core\AstarPath.cs:862)
 
(Filename: D:/Programming/Unity/TopDownMinionDMC/Assets/AstarPathfindingProject/Core/AstarPath.cs Line: 820)

Path Completed : Computation Time 0.00 ms Searched Nodes 132 Path Length 18
Path Number 48
UnityEngine.Debug:Internal_Log(Int32, String, Object)
UnityEngine.Debug:Log(Object)
AstarPath:LogPathResults(Path) (at D:\Programming\Unity\TopDownMinionDMC\Assets\AstarPathfindingProject\Core\AstarPath.cs:820)
<CalculatePaths>c__Iterator6:MoveNext() (at D:\Programming\Unity\TopDownMinionDMC\Assets\AstarPathfindingProject\Core\AstarPath.cs:2652)
AstarPath:Update() (at D:\Programming\Unity\TopDownMinionDMC\Assets\AstarPathfindingProject\Core\AstarPath.cs:862)
 
(Filename: D:/Programming/Unity/TopDownMinionDMC/Assets/AstarPathfindingProject/Core/AstarPath.cs Line: 820)

ArgumentOutOfRangeException: Argument is out of range.
Parameter name: index
  at System.Collections.Generic.List`1[UnityEngine.Vector3].get_Item (Int32 index) [0x00024] in /Users/builduser/buildslave/mono-runtime-and-classlibs/build/mcs/class/corlib/System.Collections.Generic/List.cs:635 
  at zombieAi.Update () [0x00060] in D:\Programming\Unity\TopDownMinionDMC\Assets\Scripts\MinionScripts\AI\zombieAi.cs:58 
 
(Filename: /Users/builduser/buildslave/mono-runtime-and-classlibs/build/mcs/class/corlib/System.Collections.Generic/List.cs Line: 635)

Path Completed : Computation Time 0.00 ms Searched Nodes 93 Path Length 15
Path Number 49
UnityEngine.Debug:Internal_Log(Int32, String, Object)
UnityEngine.Debug:Log(Object)
AstarPath:LogPathResults(Path) (at D:\Programming\Unity\TopDownMinionDMC\Assets\AstarPathfindingProject\Core\AstarPath.cs:820)
<CalculatePaths>c__Iterator6:MoveNext() (at D:\Programming\Unity\TopDownMinionDMC\Assets\AstarPathfindingProject\Core\AstarPath.cs:2652)
AstarPath:Update() (at D:\Programming\Unity\TopDownMinionDMC\Assets\AstarPathfindingProject\Core\AstarPath.cs:862)
 
(Filename: D:/Programming/Unity/TopDownMinionDMC/Assets/AstarPathfindingProject/Core/AstarPath.cs Line: 820)

Path Completed : Computation Time 1.01 ms Searched Nodes 94 Path Length 21
Path Number 50
UnityEngine.Debug:Internal_Log(Int32, String, Object)
UnityEngine.Debug:Log(Object)
AstarPath:LogPathResults(Path) (at D:\Programming\Unity\TopDownMinionDMC\Assets\AstarPathfindingProject\Core\AstarPath.cs:820)
<CalculatePaths>c__Iterator6:MoveNext() (at D:\Programming\Unity\TopDownMinionDMC\Assets\AstarPathfindingProject\Core\AstarPath.cs:2652)
AstarPath:Update() (at D:\Programming\Unity\TopDownMinionDMC\Assets\AstarPathfindingProject\Core\AstarPath.cs:862)
 
(Filename: D:/Programming/Unity/TopDownMinionDMC/Assets/AstarPathfindingProject/Core/AstarPath.cs Line: 820)

ArgumentOutOfRangeException: Argument is out of range.
Parameter name: index
  at System.Collections.Generic.List`1[UnityEngine.Vector3].get_Item (Int32 index) [0x00024] in /Users/builduser/buildslave/mono-runtime-and-classlibs/build/mcs/class/corlib/System.Collections.Generic/List.cs:635 
  at zombieAi.Update () [0x00060] in D:\Programming\Unity\TopDownMinionDMC\Assets\Scripts\MinionScripts\AI\zombieAi.cs:58 
 
(Filename: /Users/builduser/buildslave/mono-runtime-and-classlibs/build/mcs/class/corlib/System.Collections.Generic/List.cs Line: 635)

Path Completed : Computation Time 0.00 ms Searched Nodes 8 Path Length 5
Path Number 51
UnityEngine.Debug:Internal_Log(Int32, String, Object)
UnityEngine.Debug:Log(Object)
AstarPath:LogPathResults(Path) (at D:\Programming\Unity\TopDownMinionDMC\Assets\AstarPathfindingProject\Core\AstarPath.cs:820)
<CalculatePaths>c__Iterator6:MoveNext() (at D:\Programming\Unity\TopDownMinionDMC\Assets\AstarPathfindingProject\Core\AstarPath.cs:2652)
AstarPath:Update() (at D:\Programming\Unity\TopDownMinionDMC\Assets\AstarPathfindingProject\Core\AstarPath.cs:862)
 
(Filename: D:/Programming/Unity/TopDownMinionDMC/Assets/AstarPathfindingProject/Core/AstarPath.cs Line: 820)

ArgumentOutOfRangeException: Argument is out of range.
Parameter name: index
  at System.Collections.Generic.List`1[UnityEngine.Vector3].get_Item (Int32 index) [0x00024] in /Users/builduser/buildslave/mono-runtime-and-classlibs/build/mcs/class/corlib/System.Collections.Generic/List.cs:635 
  at zombieAi.Update () [0x00060] in D:\Programming\Unity\TopDownMinionDMC\Assets\Scripts\MinionScripts\AI\zombieAi.cs:58 
 
(Filename: /Users/builduser/buildslave/mono-runtime-and-classlibs/build/mcs/class/corlib/System.Collections.Generic/List.cs Line: 635)

Path Completed : Computation Time 0.00 ms Searched Nodes 10 Path Length 6
Path Number 52
UnityEngine.Debug:Internal_Log(Int32, String, Object)
UnityEngine.Debug:Log(Object)
AstarPath:LogPathResults(Path) (at D:\Programming\Unity\TopDownMinionDMC\Assets\AstarPathfindingProject\Core\AstarPath.cs:820)
<CalculatePaths>c__Iterator6:MoveNext() (at D:\Programming\Unity\TopDownMinionDMC\Assets\AstarPathfindingProject\Core\AstarPath.cs:2652)
AstarPath:Update() (at D:\Programming\Unity\TopDownMinionDMC\Assets\AstarPathfindingProject\Core\AstarPath.cs:862)
 
(Filename: D:/Programming/Unity/TopDownMinionDMC/Assets/AstarPathfindingProject/Core/AstarPath.cs Line: 820)

Path Completed : Computation Time 0.00 ms Searched Nodes 39 Path Length 11
Path Number 53
UnityEngine.Debug:Internal_Log(Int32, String, Object)
UnityEngine.Debug:Log(Object)
AstarPath:LogPathResults(Path) (at D:\Programming\Unity\TopDownMinionDMC\Assets\AstarPathfindingProject\Core\AstarPath.cs:820)
<CalculatePaths>c__Iterator6:MoveNext() (at D:\Programming\Unity\TopDownMinionDMC\Assets\AstarPathfindingProject\Core\AstarPath.cs:2652)
AstarPath:Update() (at D:\Programming\Unity\TopDownMinionDMC\Assets\AstarPathfindingProject\Core\AstarPath.cs:862)
 
(Filename: D:/Programming/Unity/TopDownMinionDMC/Assets/AstarPathfindingProject/Core/AstarPath.cs Line: 820)

Path Completed : Computation Time 0.00 ms Searched Nodes 261 Path Length 31
Path Number 54
UnityEngine.Debug:Internal_Log(Int32, String, Object)
UnityEngine.Debug:Log(Object)
AstarPath:LogPathResults(Path) (at D:\Programming\Unity\TopDownMinionDMC\Assets\AstarPathfindingProject\Core\AstarPath.cs:820)
<CalculatePaths>c__Iterator6:MoveNext() (at D:\Programming\Unity\TopDownMinionDMC\Assets\AstarPathfindingProject\Core\AstarPath.cs:2652)
AstarPath:Update() (at D:\Programming\Unity\TopDownMinionDMC\Assets\AstarPathfindingProject\Core\AstarPath.cs:862)
 
(Filename: D:/Programming/Unity/TopDownMinionDMC/Assets/AstarPathfindingProject/Core/AstarPath.cs Line: 820)

8
UnityEngine.Debug:Internal_Log(Int32, String, Object)
UnityEngine.Debug:Log(Object)
randomGen:GetRandom() (at D:\Programming\Unity\TopDownMinionDMC\Assets\Scripts\Misc\randomGen.cs:23)
spawner:Update() (at D:\Programming\Unity\TopDownMinionDMC\Assets\Scripts\Misc\spawner.cs:49)
 
(Filename: D:/Programming/Unity/TopDownMinionDMC/Assets/Scripts/Misc/randomGen.cs Line: 23)

randomPrefab
UnityEngine.Debug:Internal_Log(Int32, String, Object)
UnityEngine.Debug:Log(Object)
spawner:Update() (at D:\Programming\Unity\TopDownMinionDMC\Assets\Scripts\Misc\spawner.cs:50)
 
(Filename: D:/Programming/Unity/TopDownMinionDMC/Assets/Scripts/Misc/spawner.cs Line: 50)

Path Completed : Computation Time 0.00 ms Searched Nodes 231 Path Length 23
Path Number 55
UnityEngine.Debug:Internal_Log(Int32, String, Object)
UnityEngine.Debug:Log(Object)
AstarPath:LogPathResults(Path) (at D:\Programming\Unity\TopDownMinionDMC\Assets\AstarPathfindingProject\Core\AstarPath.cs:820)
<CalculatePaths>c__Iterator6:MoveNext() (at D:\Programming\Unity\TopDownMinionDMC\Assets\AstarPathfindingProject\Core\AstarPath.cs:2652)
AstarPath:Update() (at D:\Programming\Unity\TopDownMinionDMC\Assets\AstarPathfindingProject\Core\AstarPath.cs:862)
 
(Filename: D:/Programming/Unity/TopDownMinionDMC/Assets/AstarPathfindingProject/Core/AstarPath.cs Line: 820)

ArgumentOutOfRangeException: Argument is out of range.
Parameter name: index
  at System.Collections.Generic.List`1[UnityEngine.Vector3].get_Item (Int32 index) [0x00024] in /Users/builduser/buildslave/mono-runtime-and-classlibs/build/mcs/class/corlib/System.Collections.Generic/List.cs:635 
  at zombieAi.Update () [0x00060] in D:\Programming\Unity\TopDownMinionDMC\Assets\Scripts\MinionScripts\AI\zombieAi.cs:58 
 
(Filename: /Users/builduser/buildslave/mono-runtime-and-classlibs/build/mcs/class/corlib/System.Collections.Generic/List.cs Line: 635)

Path Completed : Computation Time 0.00 ms Searched Nodes 66 Path Length 15
Path Number 56
UnityEngine.Debug:Internal_Log(Int32, String, Object)
UnityEngine.Debug:Log(Object)
AstarPath:LogPathResults(Path) (at D:\Programming\Unity\TopDownMinionDMC\Assets\AstarPathfindingProject\Core\AstarPath.cs:820)
<CalculatePaths>c__Iterator6:MoveNext() (at D:\Programming\Unity\TopDownMinionDMC\Assets\AstarPathfindingProject\Core\AstarPath.cs:2652)
AstarPath:Update() (at D:\Programming\Unity\TopDownMinionDMC\Assets\AstarPathfindingProject\Core\AstarPath.cs:862)
 
(Filename: D:/Programming/Unity/TopDownMinionDMC/Assets/AstarPathfindingProject/Core/AstarPath.cs Line: 820)

ArgumentOutOfRangeException: Argument is out of range.
Parameter name: index
  at System.Collections.Generic.List`1[UnityEngine.Vector3].get_Item (Int32 index) [0x00024] in /Users/builduser/buildslave/mono-runtime-and-classlibs/build/mcs/class/corlib/System.Collections.Generic/List.cs:635 
  at zombieAi.Update () [0x00060] in D:\Programming\Unity\TopDownMinionDMC\Assets\Scripts\MinionScripts\AI\zombieAi.cs:58 
 
(Filename: /Users/builduser/buildslave/mono-runtime-and-classlibs/build/mcs/class/corlib/System.Collections.Generic/List.cs Line: 635)

Path Completed : Computation Time 0.00 ms Searched Nodes 10 Path Length 6
Path Number 57
UnityEngine.Debug:Internal_Log(Int32, String, Object)
UnityEngine.Debug:Log(Object)
AstarPath:LogPathResults(Path) (at D:\Programming\Unity\TopDownMinionDMC\Assets\AstarPathfindingProject\Core\AstarPath.cs:820)
<CalculatePaths>c__Iterator6:MoveNext() (at D:\Programming\Unity\TopDownMinionDMC\Assets\AstarPathfindingProject\Core\AstarPath.cs:2652)
AstarPath:Update() (at D:\Programming\Unity\TopDownMinionDMC\Assets\AstarPathfindingProject\Core\AstarPath.cs:862)
 
(Filename: D:/Programming/Unity/TopDownMinionDMC/Assets/AstarPathfindingProject/Core/AstarPath.cs Line: 820)

ArgumentOutOfRangeException: Argument is out of range.
Parameter name: index
  at System.Collections.Generic.List`1[UnityEngine.Vector3].get_Item (Int32 index) [0x00024] in /Users/builduser/buildslave/mono-runtime-and-classlibs/build/mcs/class/corlib/System.Collections.Generic/List.cs:635 
  at zombieAi.Update () [0x00060] in D:\Programming\Unity\TopDownMinionDMC\Assets\Scripts\MinionScripts\AI\zombieAi.cs:58 
 
(Filename: /Users/builduser/buildslave/mono-runtime-and-classlibs/build/mcs/class/corlib/System.Collections.Generic/List.cs Line: 635)

Path Completed : Computation Time 0.00 ms Searched Nodes 74 Path Length 16
Path Number 58
UnityEngine.Debug:Internal_Log(Int32, String, Object)
UnityEngine.Debug:Log(Object)
AstarPath:LogPathResults(Path) (at D:\Programming\Unity\TopDownMinionDMC\Assets\AstarPathfindingProject\Core\AstarPath.cs:820)
<CalculatePaths>c__Iterator6:MoveNext() (at D:\Programming\Unity\TopDownMinionDMC\Assets\AstarPathfindingProject\Core\AstarPath.cs:2652)
AstarPath:Update() (at D:\Programming\Unity\TopDownMinionDMC\Assets\AstarPathfindingProject\Core\AstarPath.cs:862)
 
(Filename: D:/Programming/Unity/TopDownMinionDMC/Assets/AstarPathfindingProject/Core/AstarPath.cs Line: 820)

Path Completed : Computation Time 0.00 ms Searched Nodes 184 Path Length 20
Path Number 59
UnityEngine.Debug:Internal_Log(Int32, String, Object)
UnityEngine.Debug:Log(Object)
AstarPath:LogPathResults(Path) (at D:\Programming\Unity\TopDownMinionDMC\Assets\AstarPathfindingProject\Core\AstarPath.cs:820)
<CalculatePaths>c__Iterator6:MoveNext() (at D:\Programming\Unity\TopDownMinionDMC\Assets\AstarPathfindingProject\Core\AstarPath.cs:2652)
AstarPath:Update() (at D:\Programming\Unity\TopDownMinionDMC\Assets\AstarPathfindingProject\Core\AstarPath.cs:862)
 
(Filename: D:/Programming/Unity/TopDownMinionDMC/Assets/AstarPathfindingProject/Core/AstarPath.cs Line: 820)

Path Completed : Computation Time 0.00 ms Searched Nodes 20 Path Length 20
Path Number 60
UnityEngine.Debug:Internal_Log(Int32, String, Object)
UnityEngine.Debug:Log(Object)
AstarPath:LogPathResults(Path) (at D:\Programming\Unity\TopDownMinionDMC\Assets\AstarPathfindingProject\Core\AstarPath.cs:820)
<CalculatePaths>c__Iterator6:MoveNext() (at D:\Programming\Unity\TopDownMinionDMC\Assets\AstarPathfindingProject\Core\AstarPath.cs:2652)
AstarPath:Update() (at D:\Programming\Unity\TopDownMinionDMC\Assets\AstarPathfindingProject\Core\AstarPath.cs:862)
 
(Filename: D:/Programming/Unity/TopDownMinionDMC/Assets/AstarPathfindingProject/Core/AstarPath.cs Line: 820)

ArgumentOutOfRangeException: Argument is out of range.
Parameter name: index
  at System.Collections.Generic.List`1[UnityEngine.Vector3].get_Item (Int32 index) [0x00024] in /Users/builduser/buildslave/mono-runtime-and-classlibs/build/mcs/class/corlib/System.Collections.Generic/List.cs:635 
  at zombieAi.Update () [0x00060] in D:\Programming\Unity\TopDownMinionDMC\Assets\Scripts\MinionScripts\AI\zombieAi.cs:58 
 
(Filename: /Users/builduser/buildslave/mono-runtime-and-classlibs/build/mcs/class/corlib/System.Collections.Generic/List.cs Line: 635)

Path Completed : Computation Time 0.00 ms Searched Nodes 11 Path Length 6
Path Number 61
UnityEngine.Debug:Internal_Log(Int32, String, Object)
UnityEngine.Debug:Log(Object)
AstarPath:LogPathResults(Path) (at D:\Programming\Unity\TopDownMinionDMC\Assets\AstarPathfindingProject\Core\AstarPath.cs:820)
<CalculatePaths>c__Iterator6:MoveNext() (at D:\Programming\Unity\TopDownMinionDMC\Assets\AstarPathfindingProject\Core\AstarPath.cs:2652)
AstarPath:Update() (at D:\Programming\Unity\TopDownMinionDMC\Assets\AstarPathfindingProject\Core\AstarPath.cs:862)
 
(Filename: D:/Programming/Unity/TopDownMinionDMC/Assets/AstarPathfindingProject/Core/AstarPath.cs Line: 820)

Path Completed : Computation Time 0.00 ms Searched Nodes 27 Path Length 11
Path Number 62
UnityEngine.Debug:Internal_Log(Int32, String, Object)
UnityEngine.Debug:Log(Object)
AstarPath:LogPathResults(Path) (at D:\Programming\Unity\TopDownMinionDMC\Assets\AstarPathfindingProject\Core\AstarPath.cs:820)
<CalculatePaths>c__Iterator6:MoveNext() (at D:\Programming\Unity\TopDownMinionDMC\Assets\AstarPathfindingProject\Core\AstarPath.cs:2652)
AstarPath:Update() (at D:\Programming\Unity\TopDownMinionDMC\Assets\AstarPathfindingProject\Core\AstarPath.cs:862)
 
(Filename: D:/Programming/Unity/TopDownMinionDMC/Assets/AstarPathfindingProject/Core/AstarPath.cs Line: 820)

ArgumentOutOfRangeException: Argument is out of range.
Parameter name: index
  at System.Collections.Generic.List`1[UnityEngine.Vector3].get_Item (Int32 index) [0x00024] in /Users/builduser/buildslave/mono-runtime-and-classlibs/build/mcs/class/corlib/System.Collections.Generic/List.cs:635 
  at zombieAi.Update () [0x00060] in D:\Programming\Unity\TopDownMinionDMC\Assets\Scripts\MinionScripts\AI\zombieAi.cs:58 
 
(Filename: /Users/builduser/buildslave/mono-runtime-and-classlibs/build/mcs/class/corlib/System.Collections.Generic/List.cs Line: 635)

Path Completed : Computation Time 0.00 ms Searched Nodes 11 Path Length 5
Path Number 63
UnityEngine.Debug:Internal_Log(Int32, String, Object)
UnityEngine.Debug:Log(Object)
AstarPath:LogPathResults(Path) (at D:\Programming\Unity\TopDownMinionDMC\Assets\AstarPathfindingProject\Core\AstarPath.cs:820)
<CalculatePaths>c__Iterator6:MoveNext() (at D:\Programming\Unity\TopDownMinionDMC\Assets\AstarPathfindingProject\Core\AstarPath.cs:2652)
AstarPath:Update() (at D:\Programming\Unity\TopDownMinionDMC\Assets\AstarPathfindingProject\Core\AstarPath.cs:862)
 
(Filename: D:/Programming/Unity/TopDownMinionDMC/Assets/AstarPathfindingProject/Core/AstarPath.cs Line: 820)

ArgumentOutOfRangeException: Argument is out of range.
Parameter name: index
  at System.Collections.Generic.List`1[UnityEngine.Vector3].get_Item (Int32 index) [0x00024] in /Users/builduser/buildslave/mono-runtime-and-classlibs/build/mcs/class/corlib/System.Collections.Generic/List.cs:635 
  at zombieAi.Update () [0x00060] in D:\Programming\Unity\TopDownMinionDMC\Assets\Scripts\MinionScripts\AI\zombieAi.cs:58 
 
(Filename: /Users/builduser/buildslave/mono-runtime-and-classlibs/build/mcs/class/corlib/System.Collections.Generic/List.cs Line: 635)

Path Completed : Computation Time 1.00 ms Searched Nodes 341 Path Length 32
Path Number 64
UnityEngine.Debug:Internal_Log(Int32, String, Object)
UnityEngine.Debug:Log(Object)
AstarPath:LogPathResults(Path) (at D:\Programming\Unity\TopDownMinionDMC\Assets\AstarPathfindingProject\Core\AstarPath.cs:820)
<CalculatePaths>c__Iterator6:MoveNext() (at D:\Programming\Unity\TopDownMinionDMC\Assets\AstarPathfindingProject\Core\AstarPath.cs:2652)
AstarPath:Update() (at D:\Programming\Unity\TopDownMinionDMC\Assets\AstarPathfindingProject\Core\AstarPath.cs:862)
 
(Filename: D:/Programming/Unity/TopDownMinionDMC/Assets/AstarPathfindingProject/Core/AstarPath.cs Line: 820)

ArgumentOutOfRangeException: Argument is out of range.
Parameter name: index
  at System.Collections.Generic.List`1[UnityEngine.Vector3].get_Item (Int32 index) [0x00024] in /Users/builduser/buildslave/mono-runtime-and-classlibs/build/mcs/class/corlib/System.Collections.Generic/List.cs:635 
  at zombieAi.Update () [0x00060] in D:\Programming\Unity\TopDownMinionDMC\Assets\Scripts\MinionScripts\AI\zombieAi.cs:58 
 
(Filename: /Users/builduser/buildslave/mono-runtime-and-classlibs/build/mcs/class/corlib/System.Collections.Generic/List.cs Line: 635)

Path Completed : Computation Time 0.00 ms Searched Nodes 71 Path Length 16
Path Number 65
UnityEngine.Debug:Internal_Log(Int32, String, Object)
UnityEngine.Debug:Log(Object)
AstarPath:LogPathResults(Path) (at D:\Programming\Unity\TopDownMinionDMC\Assets\AstarPathfindingProject\Core\AstarPath.cs:820)
<CalculatePaths>c__Iterator6:MoveNext() (at D:\Programming\Unity\TopDownMinionDMC\Assets\AstarPathfindingProject\Core\AstarPath.cs:2652)
AstarPath:Update() (at D:\Programming\Unity\TopDownMinionDMC\Assets\AstarPathfindingProject\Core\AstarPath.cs:862)
 
(Filename: D:/Programming/Unity/TopDownMinionDMC/Assets/AstarPathfindingProject/Core/AstarPath.cs Line: 820)

Path Completed : Computation Time 0.00 ms Searched Nodes 93 Path Length 20
Path Number 66
UnityEngine.Debug:Internal_Log(Int32, String, Object)
UnityEngine.Debug:Log(Object)
AstarPath:LogPathResults(Path) (at D:\Programming\Unity\TopDownMinionDMC\Assets\AstarPathfindingProject\Core\AstarPath.cs:820)
<CalculatePaths>c__Iterator6:MoveNext() (at D:\Programming\Unity\TopDownMinionDMC\Assets\AstarPathfindingProject\Core\AstarPath.cs:2652)
AstarPath:Update() (at D:\Programming\Unity\TopDownMinionDMC\Assets\AstarPathfindingProject\Core\AstarPath.cs:862)
 
(Filename: D:/Programming/Unity/TopDownMinionDMC/Assets/AstarPathfindingProject/Core/AstarPath.cs Line: 820)

ArgumentOutOfRangeException: Argument is out of range.
Parameter name: index
  at System.Collections.Generic.List`1[UnityEngine.Vector3].get_Item (Int32 index) [0x00024] in /Users/builduser/buildslave/mono-runtime-and-classlibs/build/mcs/class/corlib/System.Collections.Generic/List.cs:635 
  at zombieAi.Update () [0x00060] in D:\Programming\Unity\TopDownMinionDMC\Assets\Scripts\MinionScripts\AI\zombieAi.cs:58 
 
(Filename: /Users/builduser/buildslave/mono-runtime-and-classlibs/build/mcs/class/corlib/System.Collections.Generic/List.cs Line: 635)

Path Completed : Computation Time 0.00 ms Searched Nodes 155 Path Length 18
Path Number 67
UnityEngine.Debug:Internal_Log(Int32, String, Object)
UnityEngine.Debug:Log(Object)
AstarPath:LogPathResults(Path) (at D:\Programming\Unity\TopDownMinionDMC\Assets\AstarPathfindingProject\Core\AstarPath.cs:820)
<CalculatePaths>c__Iterator6:MoveNext() (at D:\Programming\Unity\TopDownMinionDMC\Assets\AstarPathfindingProject\Core\AstarPath.cs:2652)
AstarPath:Update() (at D:\Programming\Unity\TopDownMinionDMC\Assets\AstarPathfindingProject\Core\AstarPath.cs:862)
 
(Filename: D:/Programming/Unity/TopDownMinionDMC/Assets/AstarPathfindingProject/Core/AstarPath.cs Line: 820)

ArgumentOutOfRangeException: Argument is out of range.
Parameter name: index
  at System.Collections.Generic.List`1[UnityEngine.Vector3].get_Item (Int32 index) [0x00024] in /Users/builduser/buildslave/mono-runtime-and-classlibs/build/mcs/class/corlib/System.Collections.Generic/List.cs:635 
  at zombieAi.Update () [0x00060] in D:\Programming\Unity\TopDownMinionDMC\Assets\Scripts\MinionScripts\AI\zombieAi.cs:58 
 
(Filename: /Users/builduser/buildslave/mono-runtime-and-classlibs/build/mcs/class/corlib/System.Collections.Generic/List.cs Line: 635)

Path Completed : Computation Time 1.00 ms Searched Nodes 4 Path Length 4
Path Number 68
UnityEngine.Debug:Internal_Log(Int32, String, Object)
UnityEngine.Debug:Log(Object)
AstarPath:LogPathResults(Path) (at D:\Programming\Unity\TopDownMinionDMC\Assets\AstarPathfindingProject\Core\AstarPath.cs:820)
<CalculatePaths>c__Iterator6:MoveNext() (at D:\Programming\Unity\TopDownMinionDMC\Assets\AstarPathfindingProject\Core\AstarPath.cs:2652)
AstarPath:Update() (at D:\Programming\Unity\TopDownMinionDMC\Assets\AstarPathfindingProject\Core\AstarPath.cs:862)
 
(Filename: D:/Programming/Unity/TopDownMinionDMC/Assets/AstarPathfindingProject/Core/AstarPath.cs Line: 820)

Path Completed : Computation Time 0.00 ms Searched Nodes 125 Path Length 21
Path Number 69
UnityEngine.Debug:Internal_Log(Int32, String, Object)
UnityEngine.Debug:Log(Object)
AstarPath:LogPathResults(Path) (at D:\Programming\Unity\TopDownMinionDMC\Assets\AstarPathfindingProject\Core\AstarPath.cs:820)
<CalculatePaths>c__Iterator6:MoveNext() (at D:\Programming\Unity\TopDownMinionDMC\Assets\AstarPathfindingProject\Core\AstarPath.cs:2652)
AstarPath:Update() (at D:\Programming\Unity\TopDownMinionDMC\Assets\AstarPathfindingProject\Core\AstarPath.cs:862)
 
(Filename: D:/Programming/Unity/TopDownMinionDMC/Assets/AstarPathfindingProject/Core/AstarPath.cs Line: 820)

Path Completed : Computation Time 0.00 ms Searched Nodes 196 Path Length 22
Path Number 70
UnityEngine.Debug:Internal_Log(Int32, String, Object)
UnityEngine.Debug:Log(Object)
AstarPath:LogPathResults(Path) (at D:\Programming\Unity\TopDownMinionDMC\Assets\AstarPathfindingProject\Core\AstarPath.cs:820)
<CalculatePaths>c__Iterator6:MoveNext() (at D:\Programming\Unity\TopDownMinionDMC\Assets\AstarPathfindingProject\Core\AstarPath.cs:2652)
AstarPath:Update() (at D:\Programming\Unity\TopDownMinionDMC\Assets\AstarPathfindingProject\Core\AstarPath.cs:862)
 
(Filename: D:/Programming/Unity/TopDownMinionDMC/Assets/AstarPathfindingProject/Core/AstarPath.cs Line: 820)

ArgumentOutOfRangeException: Argument is out of range.
Parameter name: index
  at System.Collections.Generic.List`1[UnityEngine.Vector3].get_Item (Int32 index) [0x00024] in /Users/builduser/buildslave/mono-runtime-and-classlibs/build/mcs/class/corlib/System.Collections.Generic/List.cs:635 
  at zombieAi.Update () [0x00060] in D:\Programming\Unity\TopDownMinionDMC\Assets\Scripts\MinionScripts\AI\zombieAi.cs:58 
 
(Filename: /Users/builduser/buildslave/mono-runtime-and-classlibs/build/mcs/class/corlib/System.Collections.Generic/List.cs Line: 635)

Path Completed : Computation Time 0.00 ms Searched Nodes 4 Path Length 4
Path Number 71
UnityEngine.Debug:Internal_Log(Int32, String, Object)
UnityEngine.Debug:Log(Object)
AstarPath:LogPathResults(Path) (at D:\Programming\Unity\TopDownMinionDMC\Assets\AstarPathfindingProject\Core\AstarPath.cs:820)
<CalculatePaths>c__Iterator6:MoveNext() (at D:\Programming\Unity\TopDownMinionDMC\Assets\AstarPathfindingProject\Core\AstarPath.cs:2652)
AstarPath:Update() (at D:\Programming\Unity\TopDownMinionDMC\Assets\AstarPathfindingProject\Core\AstarPath.cs:862)
 
(Filename: D:/Programming/Unity/TopDownMinionDMC/Assets/AstarPathfindingProject/Core/AstarPath.cs Line: 820)

49
UnityEngine.Debug:Internal_Log(Int32, String, Object)
UnityEngine.Debug:Log(Object)
randomGen:GetRandom() (at D:\Programming\Unity\TopDownMinionDMC\Assets\Scripts\Misc\randomGen.cs:23)
spawner:Update() (at D:\Programming\Unity\TopDownMinionDMC\Assets\Scripts\Misc\spawner.cs:49)
 
(Filename: D:/Programming/Unity/TopDownMinionDMC/Assets/Scripts/Misc/randomGen.cs Line: 23)

randomPrefab
UnityEngine.Debug:Internal_Log(Int32, String, Object)
UnityEngine.Debug:Log(Object)
spawner:Update() (at D:\Programming\Unity\TopDownMinionDMC\Assets\Scripts\Misc\spawner.cs:50)
 
(Filename: D:/Programming/Unity/TopDownMinionDMC/Assets/Scripts/Misc/spawner.cs Line: 50)

Path Completed : Computation Time 0.00 ms Searched Nodes 247 Path Length 25
Path Number 72
UnityEngine.Debug:Internal_Log(Int32, String, Object)
UnityEngine.Debug:Log(Object)
AstarPath:LogPathResults(Path) (at D:\Programming\Unity\TopDownMinionDMC\Assets\AstarPathfindingProject\Core\AstarPath.cs:820)
<CalculatePaths>c__Iterator6:MoveNext() (at D:\Programming\Unity\TopDownMinionDMC\Assets\AstarPathfindingProject\Core\AstarPath.cs:2652)
AstarPath:Update() (at D:\Programming\Unity\TopDownMinionDMC\Assets\AstarPathfindingProject\Core\AstarPath.cs:862)
 
(Filename: D:/Programming/Unity/TopDownMinionDMC/Assets/AstarPathfindingProject/Core/AstarPath.cs Line: 820)

ArgumentOutOfRangeException: Argument is out of range.
Parameter name: index
  at System.Collections.Generic.List`1[UnityEngine.Vector3].get_Item (Int32 index) [0x00024] in /Users/builduser/buildslave/mono-runtime-and-classlibs/build/mcs/class/corlib/System.Collections.Generic/List.cs:635 
  at zombieAi.Update () [0x00060] in D:\Programming\Unity\TopDownMinionDMC\Assets\Scripts\MinionScripts\AI\zombieAi.cs:58 
 
(Filename: /Users/builduser/buildslave/mono-runtime-and-classlibs/build/mcs/class/corlib/System.Collections.Generic/List.cs Line: 635)

Path Completed : Computation Time 0.00 ms Searched Nodes 10 Path Length 4
Path Number 73
UnityEngine.Debug:Internal_Log(Int32, String, Object)
UnityEngine.Debug:Log(Object)
AstarPath:LogPathResults(Path) (at D:\Programming\Unity\TopDownMinionDMC\Assets\AstarPathfindingProject\Core\AstarPath.cs:820)
<CalculatePaths>c__Iterator6:MoveNext() (at D:\Programming\Unity\TopDownMinionDMC\Assets\AstarPathfindingProject\Core\AstarPath.cs:2652)
AstarPath:Update() (at D:\Programming\Unity\TopDownMinionDMC\Assets\AstarPathfindingProject\Core\AstarPath.cs:862)
 
(Filename: D:/Programming/Unity/TopDownMinionDMC/Assets/AstarPathfindingProject/Core/AstarPath.cs Line: 820)

ArgumentOutOfRangeException: Argument is out of range.
Parameter name: index
  at System.Collections.Generic.List`1[UnityEngine.Vector3].get_Item (Int32 index) [0x00024] in /Users/builduser/buildslave/mono-runtime-and-classlibs/build/mcs/class/corlib/System.Collections.Generic/List.cs:635 
  at zombieAi.Update () [0x00060] in D:\Programming\Unity\TopDownMinionDMC\Assets\Scripts\MinionScripts\AI\zombieAi.cs:58 
 
(Filename: /Users/builduser/buildslave/mono-runtime-and-classlibs/build/mcs/class/corlib/System.Collections.Generic/List.cs Line: 635)

Path Completed : Computation Time 0.00 ms Searched Nodes 27 Path Length 10
Path Number 74
UnityEngine.Debug:Internal_Log(Int32, String, Object)
UnityEngine.Debug:Log(Object)
AstarPath:LogPathResults(Path) (at D:\Programming\Unity\TopDownMinionDMC\Assets\AstarPathfindingProject\Core\AstarPath.cs:820)
<CalculatePaths>c__Iterator6:MoveNext() (at D:\Programming\Unity\TopDownMinionDMC\Assets\AstarPathfindingProject\Core\AstarPath.cs:2652)
AstarPath:Update() (at D:\Programming\Unity\TopDownMinionDMC\Assets\AstarPathfindingProject\Core\AstarPath.cs:862)
 
(Filename: D:/Programming/Unity/TopDownMinionDMC/Assets/AstarPathfindingProject/Core/AstarPath.cs Line: 820)

ArgumentOutOfRangeException: Argument is out of range.
Parameter name: index
  at System.Collections.Generic.List`1[UnityEngine.Vector3].get_Item (Int32 index) [0x00024] in /Users/builduser/buildslave/mono-runtime-and-classlibs/build/mcs/class/corlib/System.Collections.Generic/List.cs:635 
  at zombieAi.Update () [0x00060] in D:\Programming\Unity\TopDownMinionDMC\Assets\Scripts\MinionScripts\AI\zombieAi.cs:58 
 
(Filename: /Users/builduser/buildslave/mono-runtime-and-classlibs/build/mcs/class/corlib/System.Collections.Generic/List.cs Line: 635)

Path Completed : Computation Time 0.00 ms Searched Nodes 51 Path Length 17
Path Number 75
UnityEngine.Debug:Internal_Log(Int32, String, Object)
UnityEngine.Debug:Log(Object)
AstarPath:LogPathResults(Path) (at D:\Programming\Unity\TopDownMinionDMC\Assets\AstarPathfindingProject\Core\AstarPath.cs:820)
<CalculatePaths>c__Iterator6:MoveNext() (at D:\Programming\Unity\TopDownMinionDMC\Assets\AstarPathfindingProject\Core\AstarPath.cs:2652)
AstarPath:Update() (at D:\Programming\Unity\TopDownMinionDMC\Assets\AstarPathfindingProject\Core\AstarPath.cs:862)
 
(Filename: D:/Programming/Unity/TopDownMinionDMC/Assets/AstarPathfindingProject/Core/AstarPath.cs Line: 820)

Path Completed : Computation Time 0.00 ms Searched Nodes 221 Path Length 33
Path Number 76
UnityEngine.Debug:Internal_Log(Int32, String, Object)
UnityEngine.Debug:Log(Object)
AstarPath:LogPathResults(Path) (at D:\Programming\Unity\TopDownMinionDMC\Assets\AstarPathfindingProject\Core\AstarPath.cs:820)
<CalculatePaths>c__Iterator6:MoveNext() (at D:\Programming\Unity\TopDownMinionDMC\Assets\AstarPathfindingProject\Core\AstarPath.cs:2652)
AstarPath:Update() (at D:\Programming\Unity\TopDownMinionDMC\Assets\AstarPathfindingProject\Core\AstarPath.cs:862)
 
(Filename: D:/Programming/Unity/TopDownMinionDMC/Assets/AstarPathfindingProject/Core/AstarPath.cs Line: 820)

ArgumentOutOfRangeException: Argument is out of range.
Parameter name: index
  at System.Collections.Generic.List`1[UnityEngine.Vector3].get_Item (Int32 index) [0x00024] in /Users/builduser/buildslave/mono-runtime-and-classlibs/build/mcs/class/corlib/System.Collections.Generic/List.cs:635 
  at zombieAi.Update () [0x00060] in D:\Programming\Unity\TopDownMinionDMC\Assets\Scripts\MinionScripts\AI\zombieAi.cs:58 
 
(Filename: /Users/builduser/buildslave/mono-runtime-and-classlibs/build/mcs/class/corlib/System.Collections.Generic/List.cs Line: 635)

Path Completed : Computation Time 0.00 ms Searched Nodes 4 Path Length 4
Path Number 77
UnityEngine.Debug:Internal_Log(Int32, String, Object)
UnityEngine.Debug:Log(Object)
AstarPath:LogPathResults(Path) (at D:\Programming\Unity\TopDownMinionDMC\Assets\AstarPathfindingProject\Core\AstarPath.cs:820)
<CalculatePaths>c__Iterator6:MoveNext() (at D:\Programming\Unity\TopDownMinionDMC\Assets\AstarPathfindingProject\Core\AstarPath.cs:2652)
AstarPath:Update() (at D:\Programming\Unity\TopDownMinionDMC\Assets\AstarPathfindingProject\Core\AstarPath.cs:862)
 
(Filename: D:/Programming/Unity/TopDownMinionDMC/Assets/AstarPathfindingProject/Core/AstarPath.cs Line: 820)

Path Completed : Computation Time 0.00 ms Searched Nodes 41 Path Length 22
Path Number 78
UnityEngine.Debug:Internal_Log(Int32, String, Object)
UnityEngine.Debug:Log(Object)
AstarPath:LogPathResults(Path) (at D:\Programming\Unity\TopDownMinionDMC\Assets\AstarPathfindingProject\Core\AstarPath.cs:820)
<CalculatePaths>c__Iterator6:MoveNext() (at D:\Programming\Unity\TopDownMinionDMC\Assets\AstarPathfindingProject\Core\AstarPath.cs:2652)
AstarPath:Update() (at D:\Programming\Unity\TopDownMinionDMC\Assets\AstarPathfindingProject\Core\AstarPath.cs:862)
 
(Filename: D:/Programming/Unity/TopDownMinionDMC/Assets/AstarPathfindingProject/Core/AstarPath.cs Line: 820)

ArgumentOutOfRangeException: Argument is out of range.
Parameter name: index
  at System.Collections.Generic.List`1[UnityEngine.Vector3].get_Item (Int32 index) [0x00024] in /Users/builduser/buildslave/mono-runtime-and-classlibs/build/mcs/class/corlib/System.Collections.Generic/List.cs:635 
  at zombieAi.Update () [0x00060] in D:\Programming\Unity\TopDownMinionDMC\Assets\Scripts\MinionScripts\AI\zombieAi.cs:58 
 
(Filename: /Users/builduser/buildslave/mono-runtime-and-classlibs/build/mcs/class/corlib/System.Collections.Generic/List.cs Line: 635)

Path Completed : Computation Time 0.00 ms Searched Nodes 225 Path Length 19
Path Number 79
UnityEngine.Debug:Internal_Log(Int32, String, Object)
UnityEngine.Debug:Log(Object)
AstarPath:LogPathResults(Path) (at D:\Programming\Unity\TopDownMinionDMC\Assets\AstarPathfindingProject\Core\AstarPath.cs:820)
<CalculatePaths>c__Iterator6:MoveNext() (at D:\Programming\Unity\TopDownMinionDMC\Assets\AstarPathfindingProject\Core\AstarPath.cs:2652)
AstarPath:Update() (at D:\Programming\Unity\TopDownMinionDMC\Assets\AstarPathfindingProject\Core\AstarPath.cs:862)
 
(Filename: D:/Programming/Unity/TopDownMinionDMC/Assets/AstarPathfindingProject/Core/AstarPath.cs Line: 820)

ArgumentOutOfRangeException: Argument is out of range.
Parameter name: index
  at System.Collections.Generic.List`1[UnityEngine.Vector3].get_Item (Int32 index) [0x00024] in /Users/builduser/buildslave/mono-runtime-and-classlibs/build/mcs/class/corlib/System.Collections.Generic/List.cs:635 
  at zombieAi.Update () [0x00060] in D:\Programming\Unity\TopDownMinionDMC\Assets\Scripts\MinionScripts\AI\zombieAi.cs:58 
 
(Filename: /Users/builduser/buildslave/mono-runtime-and-classlibs/build/mcs/class/corlib/System.Collections.Generic/List.cs Line: 635)

Path Completed : Computation Time 0.00 ms Searched Nodes 166 Path Length 22
Path Number 80
UnityEngine.Debug:Internal_Log(Int32, String, Object)
UnityEngine.Debug:Log(Object)
AstarPath:LogPathResults(Path) (at D:\Programming\Unity\TopDownMinionDMC\Assets\AstarPathfindingProject\Core\AstarPath.cs:820)
<CalculatePaths>c__Iterator6:MoveNext() (at D:\Programming\Unity\TopDownMinionDMC\Assets\AstarPathfindingProject\Core\AstarPath.cs:2652)
AstarPath:Update() (at D:\Programming\Unity\TopDownMinionDMC\Assets\AstarPathfindingProject\Core\AstarPath.cs:862)
 
(Filename: D:/Programming/Unity/TopDownMinionDMC/Assets/AstarPathfindingProject/Core/AstarPath.cs Line: 820)

ArgumentOutOfRangeException: Argument is out of range.
Parameter name: index
  at System.Collections.Generic.List`1[UnityEngine.Vector3].get_Item (Int32 index) [0x00024] in /Users/builduser/buildslave/mono-runtime-and-classlibs/build/mcs/class/corlib/System.Collections.Generic/List.cs:635 
  at zombieAi.Update () [0x00060] in D:\Programming\Unity\TopDownMinionDMC\Assets\Scripts\MinionScripts\AI\zombieAi.cs:58 
 
(Filename: /Users/builduser/buildslave/mono-runtime-and-classlibs/build/mcs/class/corlib/System.Collections.Generic/List.cs Line: 635)

Path Completed : Computation Time 0.00 ms Searched Nodes 5 Path Length 5
Path Number 81
UnityEngine.Debug:Internal_Log(Int32, String, Object)
UnityEngine.Debug:Log(Object)
AstarPath:LogPathResults(Path) (at D:\Programming\Unity\TopDownMinionDMC\Assets\AstarPathfindingProject\Core\AstarPath.cs:820)
<CalculatePaths>c__Iterator6:MoveNext() (at D:\Programming\Unity\TopDownMinionDMC\Assets\AstarPathfindingProject\Core\AstarPath.cs:2652)
AstarPath:Update() (at D:\Programming\Unity\TopDownMinionDMC\Assets\AstarPathfindingProject\Core\AstarPath.cs:862)
 
(Filename: D:/Programming/Unity/TopDownMinionDMC/Assets/AstarPathfindingProject/Core/AstarPath.cs Line: 820)

Path Completed : Computation Time 0.00 ms Searched Nodes 169 Path Length 24
Path Number 82
UnityEngine.Debug:Internal_Log(Int32, String, Object)
UnityEngine.Debug:Log(Object)
AstarPath:LogPathResults(Path) (at D:\Programming\Unity\TopDownMinionDMC\Assets\AstarPathfindingProject\Core\AstarPath.cs:820)
<CalculatePaths>c__Iterator6:MoveNext() (at D:\Programming\Unity\TopDownMinionDMC\Assets\AstarPathfindingProject\Core\AstarPath.cs:2652)
AstarPath:Update() (at D:\Programming\Unity\TopDownMinionDMC\Assets\AstarPathfindingProject\Core\AstarPath.cs:862)
 
(Filename: D:/Programming/Unity/TopDownMinionDMC/Assets/AstarPathfindingProject/Core/AstarPath.cs Line: 820)

Path Completed : Computation Time 0.00 ms Searched Nodes 40 Path Length 17
Path Number 83
UnityEngine.Debug:Internal_Log(Int32, String, Object)
UnityEngine.Debug:Log(Object)
AstarPath:LogPathResults(Path) (at D:\Programming\Unity\TopDownMinionDMC\Assets\AstarPathfindingProject\Core\AstarPath.cs:820)
<CalculatePaths>c__Iterator6:MoveNext() (at D:\Programming\Unity\TopDownMinionDMC\Assets\AstarPathfindingProject\Core\AstarPath.cs:2652)
AstarPath:Update() (at D:\Programming\Unity\TopDownMinionDMC\Assets\AstarPathfindingProject\Core\AstarPath.cs:862)
 
(Filename: D:/Programming/Unity/TopDownMinionDMC/Assets/AstarPathfindingProject/Core/AstarPath.cs Line: 820)

ArgumentOutOfRangeException: Argument is out of range.
Parameter name: index
  at System.Collections.Generic.List`1[UnityEngine.Vector3].get_Item (Int32 index) [0x00024] in /Users/builduser/buildslave/mono-runtime-and-classlibs/build/mcs/class/corlib/System.Collections.Generic/List.cs:635 
  at zombieAi.Update () [0x00060] in D:\Programming\Unity\TopDownMinionDMC\Assets\Scripts\MinionScripts\AI\zombieAi.cs:58 
 
(Filename: /Users/builduser/buildslave/mono-runtime-and-classlibs/build/mcs/class/corlib/System.Collections.Generic/List.cs Line: 635)

Path Completed : Computation Time 0.00 ms Searched Nodes 5 Path Length 5
Path Number 84
UnityEngine.Debug:Internal_Log(Int32, String, Object)
UnityEngine.Debug:Log(Object)
AstarPath:LogPathResults(Path) (at D:\Programming\Unity\TopDownMinionDMC\Assets\AstarPathfindingProject\Core\AstarPath.cs:820)
<CalculatePaths>c__Iterator6:MoveNext() (at D:\Programming\Unity\TopDownMinionDMC\Assets\AstarPathfindingProject\Core\AstarPath.cs:2652)
AstarPath:Update() (at D:\Programming\Unity\TopDownMinionDMC\Assets\AstarPathfindingProject\Core\AstarPath.cs:862)
 
(Filename: D:/Programming/Unity/TopDownMinionDMC/Assets/AstarPathfindingProject/Core/AstarPath.cs Line: 820)

Path Completed : Computation Time 0.00 ms Searched Nodes 20 Path Length 10
Path Number 85
UnityEngine.Debug:Internal_Log(Int32, String, Object)
UnityEngine.Debug:Log(Object)
AstarPath:LogPathResults(Path) (at D:\Programming\Unity\TopDownMinionDMC\Assets\AstarPathfindingProject\Core\AstarPath.cs:820)
<CalculatePaths>c__Iterator6:MoveNext() (at D:\Programming\Unity\TopDownMinionDMC\Assets\AstarPathfindingProject\Core\AstarPath.cs:2652)
AstarPath:Update() (at D:\Programming\Unity\TopDownMinionDMC\Assets\AstarPathfindingProject\Core\AstarPath.cs:862)
 
(Filename: D:/Programming/Unity/TopDownMinionDMC/Assets/AstarPathfindingProject/Core/AstarPath.cs Line: 820)

ArgumentOutOfRangeException: Argument is out of range.
Parameter name: index
  at System.Collections.Generic.List`1[UnityEngine.Vector3].get_Item (Int32 index) [0x00024] in /Users/builduser/buildslave/mono-runtime-and-classlibs/build/mcs/class/corlib/System.Collections.Generic/List.cs:635 
  at zombieAi.Update () [0x00060] in D:\Programming\Unity\TopDownMinionDMC\Assets\Scripts\MinionScripts\AI\zombieAi.cs:58 
 
(Filename: /Users/builduser/buildslave/mono-runtime-and-classlibs/build/mcs/class/corlib/System.Collections.Generic/List.cs Line: 635)

Path Completed : Computation Time 0.00 ms Searched Nodes 101 Path Length 18
Path Number 86
UnityEngine.Debug:Internal_Log(Int32, String, Object)
UnityEngine.Debug:Log(Object)
AstarPath:LogPathResults(Path) (at D:\Programming\Unity\TopDownMinionDMC\Assets\AstarPathfindingProject\Core\AstarPath.cs:820)
<CalculatePaths>c__Iterator6:MoveNext() (at D:\Programming\Unity\TopDownMinionDMC\Assets\AstarPathfindingProject\Core\AstarPath.cs:2652)
AstarPath:Update() (at D:\Programming\Unity\TopDownMinionDMC\Assets\AstarPathfindingProject\Core\AstarPath.cs:862)
 
(Filename: D:/Programming/Unity/TopDownMinionDMC/Assets/AstarPathfindingProject/Core/AstarPath.cs Line: 820)

Path Completed : Computation Time 0.00 ms Searched Nodes 79 Path Length 34
Path Number 87
UnityEngine.Debug:Internal_Log(Int32, String, Object)
UnityEngine.Debug:Log(Object)
AstarPath:LogPathResults(Path) (at D:\Programming\Unity\TopDownMinionDMC\Assets\AstarPathfindingProject\Core\AstarPath.cs:820)
<CalculatePaths>c__Iterator6:MoveNext() (at D:\Programming\Unity\TopDownMinionDMC\Assets\AstarPathfindingProject\Core\AstarPath.cs:2652)
AstarPath:Update() (at D:\Programming\Unity\TopDownMinionDMC\Assets\AstarPathfindingProject\Core\AstarPath.cs:862)
 
(Filename: D:/Programming/Unity/TopDownMinionDMC/Assets/AstarPathfindingProject/Core/AstarPath.cs Line: 820)

ArgumentOutOfRangeException: Argument is out of range.
Parameter name: index
  at System.Collections.Generic.List`1[UnityEngine.Vector3].get_Item (Int32 index) [0x00024] in /Users/builduser/buildslave/mono-runtime-and-classlibs/build/mcs/class/corlib/System.Collections.Generic/List.cs:635 
  at zombieAi.Update () [0x00060] in D:\Programming\Unity\TopDownMinionDMC\Assets\Scripts\MinionScripts\AI\zombieAi.cs:58 
 
(Filename: /Users/builduser/buildslave/mono-runtime-and-classlibs/build/mcs/class/corlib/System.Collections.Generic/List.cs Line: 635)

Path Completed : Computation Time 0.00 ms Searched Nodes 6 Path Length 6
Path Number 88
UnityEngine.Debug:Internal_Log(Int32, String, Object)
UnityEngine.Debug:Log(Object)
AstarPath:LogPathResults(Path) (at D:\Programming\Unity\TopDownMinionDMC\Assets\AstarPathfindingProject\Core\AstarPath.cs:820)
<CalculatePaths>c__Iterator6:MoveNext() (at D:\Programming\Unity\TopDownMinionDMC\Assets\AstarPathfindingProject\Core\AstarPath.cs:2652)
AstarPath:Update() (at D:\Programming\Unity\TopDownMinionDMC\Assets\AstarPathfindingProject\Core\AstarPath.cs:862)
 
(Filename: D:/Programming/Unity/TopDownMinionDMC/Assets/AstarPathfindingProject/Core/AstarPath.cs Line: 820)

Path Completed : Computation Time 0.99 ms Searched Nodes 144 Path Length 23
Path Number 89
UnityEngine.Debug:Internal_Log(Int32, String, Object)
UnityEngine.Debug:Log(Object)
AstarPath:LogPathResults(Path) (at D:\Programming\Unity\TopDownMinionDMC\Assets\AstarPathfindingProject\Core\AstarPath.cs:820)
<CalculatePaths>c__Iterator6:MoveNext() (at D:\Programming\Unity\TopDownMinionDMC\Assets\AstarPathfindingProject\Core\AstarPath.cs:2652)
AstarPath:Update() (at D:\Programming\Unity\TopDownMinionDMC\Assets\AstarPathfindingProject\Core\AstarPath.cs:862)
 
(Filename: D:/Programming/Unity/TopDownMinionDMC/Assets/AstarPathfindingProject/Core/AstarPath.cs Line: 820)

Path Completed : Computation Time 0.00 ms Searched Nodes 279 Path Length 21
Path Number 90
UnityEngine.Debug:Internal_Log(Int32, String, Object)
UnityEngine.Debug:Log(Object)
AstarPath:LogPathResults(Path) (at D:\Programming\Unity\TopDownMinionDMC\Assets\AstarPathfindingProject\Core\AstarPath.cs:820)
<CalculatePaths>c__Iterator6:MoveNext() (at D:\Programming\Unity\TopDownMinionDMC\Assets\AstarPathfindingProject\Core\AstarPath.cs:2652)
AstarPath:Update() (at D:\Programming\Unity\TopDownMinionDMC\Assets\AstarPathfindingProject\Core\AstarPath.cs:862)
 
(Filename: D:/Programming/Unity/TopDownMinionDMC/Assets/AstarPathfindingProject/Core/AstarPath.cs Line: 820)

29
UnityEngine.Debug:Internal_Log(Int32, String, Object)
UnityEngine.Debug:Log(Object)
randomGen:GetRandom() (at D:\Programming\Unity\TopDownMinionDMC\Assets\Scripts\Misc\randomGen.cs:23)
spawner:Update() (at D:\Programming\Unity\TopDownMinionDMC\Assets\Scripts\Misc\spawner.cs:49)
 
(Filename: D:/Programming/Unity/TopDownMinionDMC/Assets/Scripts/Misc/randomGen.cs Line: 23)

randomPrefab
UnityEngine.Debug:Internal_Log(Int32, String, Object)
UnityEngine.Debug:Log(Object)
spawner:Update() (at D:\Programming\Unity\TopDownMinionDMC\Assets\Scripts\Misc\spawner.cs:50)
 
(Filename: D:/Programming/Unity/TopDownMinionDMC/Assets/Scripts/Misc/spawner.cs Line: 50)

Path Completed : Computation Time 1.00 ms Searched Nodes 257 Path Length 24
Path Number 91
UnityEngine.Debug:Internal_Log(Int32, String, Object)
UnityEngine.Debug:Log(Object)
AstarPath:LogPathResults(Path) (at D:\Programming\Unity\TopDownMinionDMC\Assets\AstarPathfindingProject\Core\AstarPath.cs:820)
<CalculatePaths>c__Iterator6:MoveNext() (at D:\Programming\Unity\TopDownMinionDMC\Assets\AstarPathfindingProject\Core\AstarPath.cs:2652)
AstarPath:Update() (at D:\Programming\Unity\TopDownMinionDMC\Assets\AstarPathfindingProject\Core\AstarPath.cs:862)
 
(Filename: D:/Programming/Unity/TopDownMinionDMC/Assets/AstarPathfindingProject/Core/AstarPath.cs Line: 820)

NullReferenceException: Object reference not set to an instance of an object
  at zombieAi.Update () [0x00060] in D:\Programming\Unity\TopDownMinionDMC\Assets\Scripts\MinionScripts\AI\zombieAi.cs:58 
 
(Filename: D:/Programming/Unity/TopDownMinionDMC/Assets/Scripts/MinionScripts/AI/zombieAi.cs Line: 58)

Path Completed : Computation Time 1.02 ms Searched Nodes 331 Path Length 29
Path Number 92
UnityEngine.Debug:Internal_Log(Int32, String, Object)
UnityEngine.Debug:Log(Object)
AstarPath:LogPathResults(Path) (at D:\Programming\Unity\TopDownMinionDMC\Assets\AstarPathfindingProject\Core\AstarPath.cs:820)
<CalculatePaths>c__Iterator6:MoveNext() (at D:\Programming\Unity\TopDownMinionDMC\Assets\AstarPathfindingProject\Core\AstarPath.cs:2652)
AstarPath:Update() (at D:\Programming\Unity\TopDownMinionDMC\Assets\AstarPathfindingProject\Core\AstarPath.cs:862)
 
(Filename: D:/Programming/Unity/TopDownMinionDMC/Assets/AstarPathfindingProject/Core/AstarPath.cs Line: 820)

Path Completed : Computation Time 0.00 ms Searched Nodes 136 Path Length 26
Path Number 93
UnityEngine.Debug:Internal_Log(Int32, String, Object)
UnityEngine.Debug:Log(Object)
AstarPath:LogPathResults(Path) (at D:\Programming\Unity\TopDownMinionDMC\Assets\AstarPathfindingProject\Core\AstarPath.cs:820)
<CalculatePaths>c__Iterator6:MoveNext() (at D:\Programming\Unity\TopDownMinionDMC\Assets\AstarPathfindingProject\Core\AstarPath.cs:2652)
AstarPath:Update() (at D:\Programming\Unity\TopDownMinionDMC\Assets\AstarPathfindingProject\Core\AstarPath.cs:862)
 
(Filename: D:/Programming/Unity/TopDownMinionDMC/Assets/AstarPathfindingProject/Core/AstarPath.cs Line: 820)

ArgumentOutOfRangeException: Argument is out of range.
Parameter name: index
  at System.Collections.Generic.List`1[UnityEngine.Vector3].get_Item (Int32 index) [0x00024] in /Users/builduser/buildslave/mono-runtime-and-classlibs/build/mcs/class/corlib/System.Collections.Generic/List.cs:635 
  at zombieAi.Update () [0x00060] in D:\Programming\Unity\TopDownMinionDMC\Assets\Scripts\MinionScripts\AI\zombieAi.cs:58 
 
(Filename: /Users/builduser/buildslave/mono-runtime-and-classlibs/build/mcs/class/corlib/System.Collections.Generic/List.cs Line: 635)

Path Completed : Computation Time 0.00 ms Searched Nodes 6 Path Length 6
Path Number 94
UnityEngine.Debug:Internal_Log(Int32, String, Object)
UnityEngine.Debug:Log(Object)
AstarPath:LogPathResults(Path) (at D:\Programming\Unity\TopDownMinionDMC\Assets\AstarPathfindingProject\Core\AstarPath.cs:820)
<CalculatePaths>c__Iterator6:MoveNext() (at D:\Programming\Unity\TopDownMinionDMC\Assets\AstarPathfindingProject\Core\AstarPath.cs:2652)
AstarPath:Update() (at D:\Programming\Unity\TopDownMinionDMC\Assets\AstarPathfindingProject\Core\AstarPath.cs:862)
 
(Filename: D:/Programming/Unity/TopDownMinionDMC/Assets/AstarPathfindingProject/Core/AstarPath.cs Line: 820)

Path Completed : Computation Time 0.98 ms Searched Nodes 158 Path Length 19
Path Number 95
UnityEngine.Debug:Internal_Log(Int32, String, Object)
UnityEngine.Debug:Log(Object)
AstarPath:LogPathResults(Path) (at D:\Programming\Unity\TopDownMinionDMC\Assets\AstarPathfindingProject\Core\AstarPath.cs:820)
<CalculatePaths>c__Iterator6:MoveNext() (at D:\Programming\Unity\TopDownMinionDMC\Assets\AstarPathfindingProject\Core\AstarPath.cs:2652)
AstarPath:Update() (at D:\Programming\Unity\TopDownMinionDMC\Assets\AstarPathfindingProject\Core\AstarPath.cs:862)
 
(Filename: D:/Programming/Unity/TopDownMinionDMC/Assets/AstarPathfindingProject/Core/AstarPath.cs Line: 820)

Path Completed : Computation Time 0.00 ms Searched Nodes 60 Path Length 11
Path Number 96
UnityEngine.Debug:Internal_Log(Int32, String, Object)
UnityEngine.Debug:Log(Object)
AstarPath:LogPathResults(Path) (at D:\Programming\Unity\TopDownMinionDMC\Assets\AstarPathfindingProject\Core\AstarPath.cs:820)
<CalculatePaths>c__Iterator6:MoveNext() (at D:\Programming\Unity\TopDownMinionDMC\Assets\AstarPathfindingProject\Core\AstarPath.cs:2652)
AstarPath:Update() (at D:\Programming\Unity\TopDownMinionDMC\Assets\AstarPathfindingProject\Core\AstarPath.cs:862)
 
(Filename: D:/Programming/Unity/TopDownMinionDMC/Assets/AstarPathfindingProject/Core/AstarPath.cs Line: 820)

ArgumentOutOfRangeException: Argument is out of range.
Parameter name: index
  at System.Collections.Generic.List`1[UnityEngine.Vector3].get_Item (Int32 index) [0x00024] in /Users/builduser/buildslave/mono-runtime-and-classlibs/build/mcs/class/corlib/System.Collections.Generic/List.cs:635 
  at zombieAi.Update () [0x00060] in D:\Programming\Unity\TopDownMinionDMC\Assets\Scripts\MinionScripts\AI\zombieAi.cs:58 
 
(Filename: /Users/builduser/buildslave/mono-runtime-and-classlibs/build/mcs/class/corlib/System.Collections.Generic/List.cs Line: 635)

Path Completed : Computation Time 0.98 ms Searched Nodes 130 Path Length 20
Path Number 97
UnityEngine.Debug:Internal_Log(Int32, String, Object)
UnityEngine.Debug:Log(Object)
AstarPath:LogPathResults(Path) (at D:\Programming\Unity\TopDownMinionDMC\Assets\AstarPathfindingProject\Core\AstarPath.cs:820)
<CalculatePaths>c__Iterator6:MoveNext() (at D:\Programming\Unity\TopDownMinionDMC\Assets\AstarPathfindingProject\Core\AstarPath.cs:2652)
AstarPath:Update() (at D:\Programming\Unity\TopDownMinionDMC\Assets\AstarPathfindingProject\Core\AstarPath.cs:862)
 
(Filename: D:/Programming/Unity/TopDownMinionDMC/Assets/AstarPathfindingProject/Core/AstarPath.cs Line: 820)

ArgumentOutOfRangeException: Argument is out of range.
Parameter name: index
  at System.Collections.Generic.List`1[UnityEngine.Vector3].get_Item (Int32 index) [0x00024] in /Users/builduser/buildslave/mono-runtime-and-classlibs/build/mcs/class/corlib/System.Collections.Generic/List.cs:635 
  at zombieAi.Update () [0x00060] in D:\Programming\Unity\TopDownMinionDMC\Assets\Scripts\MinionScripts\AI\zombieAi.cs:58 
 
(Filename: /Users/builduser/buildslave/mono-runtime-and-classlibs/build/mcs/class/corlib/System.Collections.Generic/List.cs Line: 635)

Path Completed : Computation Time 0.98 ms Searched Nodes 240 Path Length 35
Path Number 98
UnityEngine.Debug:Internal_Log(Int32, String, Object)
UnityEngine.Debug:Log(Object)
AstarPath:LogPathResults(Path) (at D:\Programming\Unity\TopDownMinionDMC\Assets\AstarPathfindingProject\Core\AstarPath.cs:820)
<CalculatePaths>c__Iterator6:MoveNext() (at D:\Programming\Unity\TopDownMinionDMC\Assets\AstarPathfindingProject\Core\AstarPath.cs:2652)
AstarPath:Update() (at D:\Programming\Unity\TopDownMinionDMC\Assets\AstarPathfindingProject\Core\AstarPath.cs:862)
 
(Filename: D:/Programming/Unity/TopDownMinionDMC/Assets/AstarPathfindingProject/Core/AstarPath.cs Line: 820)

ArgumentOutOfRangeException: Argument is out of range.
Parameter name: index
  at System.Collections.Generic.List`1[UnityEngine.Vector3].get_Item (Int32 index) [0x00024] in /Users/builduser/buildslave/mono-runtime-and-classlibs/build/mcs/class/corlib/System.Collections.Generic/List.cs:635 
  at zombieAi.Update () [0x00060] in D:\Programming\Unity\TopDownMinionDMC\Assets\Scripts\MinionScripts\AI\zombieAi.cs:58 
 
(Filename: /Users/builduser/buildslave/mono-runtime-and-classlibs/build/mcs/class/corlib/System.Collections.Generic/List.cs Line: 635)

Path Completed : Computation Time 0.00 ms Searched Nodes 6 Path Length 6
Path Number 99
UnityEngine.Debug:Internal_Log(Int32, String, Object)
UnityEngine.Debug:Log(Object)
AstarPath:LogPathResults(Path) (at D:\Programming\Unity\TopDownMinionDMC\Assets\AstarPathfindingProject\Core\AstarPath.cs:820)
<CalculatePaths>c__Iterator6:MoveNext() (at D:\Programming\Unity\TopDownMinionDMC\Assets\AstarPathfindingProject\Core\AstarPath.cs:2652)
AstarPath:Update() (at D:\Programming\Unity\TopDownMinionDMC\Assets\AstarPathfindingProject\Core\AstarPath.cs:862)
 
(Filename: D:/Programming/Unity/TopDownMinionDMC/Assets/AstarPathfindingProject/Core/AstarPath.cs Line: 820)

Path Completed : Computation Time 0.00 ms Searched Nodes 219 Path Length 24
Path Number 100
UnityEngine.Debug:Internal_Log(Int32, String, Object)
UnityEngine.Debug:Log(Object)
AstarPath:LogPathResults(Path) (at D:\Programming\Unity\TopDownMinionDMC\Assets\AstarPathfindingProject\Core\AstarPath.cs:820)
<CalculatePaths>c__Iterator6:MoveNext() (at D:\Programming\Unity\TopDownMinionDMC\Assets\AstarPathfindingProject\Core\AstarPath.cs:2652)
AstarPath:Update() (at D:\Programming\Unity\TopDownMinionDMC\Assets\AstarPathfindingProject\Core\AstarPath.cs:862)
 
(Filename: D:/Programming/Unity/TopDownMinionDMC/Assets/AstarPathfindingProject/Core/AstarPath.cs Line: 820)

Path Completed : Computation Time 0.00 ms Searched Nodes 101 Path Length 21
Path Number 101
UnityEngine.Debug:Internal_Log(Int32, String, Object)
UnityEngine.Debug:Log(Object)
AstarPath:LogPathResults(Path) (at D:\Programming\Unity\TopDownMinionDMC\Assets\AstarPathfindingProject\Core\AstarPath.cs:820)
<CalculatePaths>c__Iterator6:MoveNext() (at D:\Programming\Unity\TopDownMinionDMC\Assets\AstarPathfindingProject\Core\AstarPath.cs:2652)
AstarPath:Update() (at D:\Programming\Unity\TopDownMinionDMC\Assets\AstarPathfindingProject\Core\AstarPath.cs:862)
 
(Filename: D:/Programming/Unity/TopDownMinionDMC/Assets/AstarPathfindingProject/Core/AstarPath.cs Line: 820)

Path Completed : Computation Time 0.00 ms Searched Nodes 216 Path Length 25
Path Number 102
UnityEngine.Debug:Internal_Log(Int32, String, Object)
UnityEngine.Debug:Log(Object)
AstarPath:LogPathResults(Path) (at D:\Programming\Unity\TopDownMinionDMC\Assets\AstarPathfindingProject\Core\AstarPath.cs:820)
<CalculatePaths>c__Iterator6:MoveNext() (at D:\Programming\Unity\TopDownMinionDMC\Assets\AstarPathfindingProject\Core\AstarPath.cs:2652)
AstarPath:Update() (at D:\Programming\Unity\TopDownMinionDMC\Assets\AstarPathfindingProject\Core\AstarPath.cs:862)
 
(Filename: D:/Programming/Unity/TopDownMinionDMC/Assets/AstarPathfindingProject/Core/AstarPath.cs Line: 820)

Path Completed : Computation Time 0.00 ms Searched Nodes 175 Path Length 30
Path Number 103
UnityEngine.Debug:Internal_Log(Int32, String, Object)
UnityEngine.Debug:Log(Object)
AstarPath:LogPathResults(Path) (at D:\Programming\Unity\TopDownMinionDMC\Assets\AstarPathfindingProject\Core\AstarPath.cs:820)
<CalculatePaths>c__Iterator6:MoveNext() (at D:\Programming\Unity\TopDownMinionDMC\Assets\AstarPathfindingProject\Core\AstarPath.cs:2652)
AstarPath:Update() (at D:\Programming\Unity\TopDownMinionDMC\Assets\AstarPathfindingProject\Core\AstarPath.cs:862)
 
(Filename: D:/Programming/Unity/TopDownMinionDMC/Assets/AstarPathfindingProject/Core/AstarPath.cs Line: 820)

Path Completed : Computation Time 0.00 ms Searched Nodes 137 Path Length 24
Path Number 104
UnityEngine.Debug:Internal_Log(Int32, String, Object)
UnityEngine.Debug:Log(Object)
AstarPath:LogPathResults(Path) (at D:\Programming\Unity\TopDownMinionDMC\Assets\AstarPathfindingProject\Core\AstarPath.cs:820)
<CalculatePaths>c__Iterator6:MoveNext() (at D:\Programming\Unity\TopDownMinionDMC\Assets\AstarPathfindingProject\Core\AstarPath.cs:2652)
AstarPath:Update() (at D:\Programming\Unity\TopDownMinionDMC\Assets\AstarPathfindingProject\Core\AstarPath.cs:862)
 
(Filename: D:/Programming/Unity/TopDownMinionDMC/Assets/AstarPathfindingProject/Core/AstarPath.cs Line: 820)

ArgumentOutOfRangeException: Argument is out of range.
Parameter name: index
  at System.Collections.Generic.List`1[UnityEngine.Vector3].get_Item (Int32 index) [0x00024] in /Users/builduser/buildslave/mono-runtime-and-classlibs/build/mcs/class/corlib/System.Collections.Generic/List.cs:635 
  at zombieAi.Update () [0x00060] in D:\Programming\Unity\TopDownMinionDMC\Assets\Scripts\MinionScripts\AI\zombieAi.cs:58 
 
(Filename: /Users/builduser/buildslave/mono-runtime-and-classlibs/build/mcs/class/corlib/System.Collections.Generic/List.cs Line: 635)

Path Completed : Computation Time 0.00 ms Searched Nodes 14 Path Length 6
Path Number 105
UnityEngine.Debug:Internal_Log(Int32, String, Object)
UnityEngine.Debug:Log(Object)
AstarPath:LogPathResults(Path) (at D:\Programming\Unity\TopDownMinionDMC\Assets\AstarPathfindingProject\Core\AstarPath.cs:820)
<CalculatePaths>c__Iterator6:MoveNext() (at D:\Programming\Unity\TopDownMinionDMC\Assets\AstarPathfindingProject\Core\AstarPath.cs:2652)
AstarPath:Update() (at D:\Programming\Unity\TopDownMinionDMC\Assets\AstarPathfindingProject\Core\AstarPath.cs:862)
 
(Filename: D:/Programming/Unity/TopDownMinionDMC/Assets/AstarPathfindingProject/Core/AstarPath.cs Line: 820)

ArgumentOutOfRangeException: Argument is out of range.
Parameter name: index
  at System.Collections.Generic.List`1[UnityEngine.Vector3].get_Item (Int32 index) [0x00024] in /Users/builduser/buildslave/mono-runtime-and-classlibs/build/mcs/class/corlib/System.Collections.Generic/List.cs:635 
  at zombieAi.Update () [0x00060] in D:\Programming\Unity\TopDownMinionDMC\Assets\Scripts\MinionScripts\AI\zombieAi.cs:58 
 
(Filename: /Users/builduser/buildslave/mono-runtime-and-classlibs/build/mcs/class/corlib/System.Collections.Generic/List.cs Line: 635)

Path Completed : Computation Time 0.00 ms Searched Nodes 7 Path Length 5
Path Number 106
UnityEngine.Debug:Internal_Log(Int32, String, Object)
UnityEngine.Debug:Log(Object)
AstarPath:LogPathResults(Path) (at D:\Programming\Unity\TopDownMinionDMC\Assets\AstarPathfindingProject\Core\AstarPath.cs:820)
<CalculatePaths>c__Iterator6:MoveNext() (at D:\Programming\Unity\TopDownMinionDMC\Assets\AstarPathfindingProject\Core\AstarPath.cs:2652)
AstarPath:Update() (at D:\Programming\Unity\TopDownMinionDMC\Assets\AstarPathfindingProject\Core\AstarPath.cs:862)
 
(Filename: D:/Programming/Unity/TopDownMinionDMC/Assets/AstarPathfindingProject/Core/AstarPath.cs Line: 820)

41
UnityEngine.Debug:Internal_Log(Int32, String, Object)
UnityEngine.Debug:Log(Object)
randomGen:GetRandom() (at D:\Programming\Unity\TopDownMinionDMC\Assets\Scripts\Misc\randomGen.cs:23)
spawner:Update() (at D:\Programming\Unity\TopDownMinionDMC\Assets\Scripts\Misc\spawner.cs:49)
 
(Filename: D:/Programming/Unity/TopDownMinionDMC/Assets/Scripts/Misc/randomGen.cs Line: 23)

randomPrefab
UnityEngine.Debug:Internal_Log(Int32, String, Object)
UnityEngine.Debug:Log(Object)
spawner:Update() (at D:\Programming\Unity\TopDownMinionDMC\Assets\Scripts\Misc\spawner.cs:50)
 
(Filename: D:/Programming/Unity/TopDownMinionDMC/Assets/Scripts/Misc/spawner.cs Line: 50)

Path Completed : Computation Time 0.00 ms Searched Nodes 19 Path Length 9
Path Number 107
UnityEngine.Debug:Internal_Log(Int32, String, Object)
UnityEngine.Debug:Log(Object)
AstarPath:LogPathResults(Path) (at D:\Programming\Unity\TopDownMinionDMC\Assets\AstarPathfindingProject\Core\AstarPath.cs:820)
<CalculatePaths>c__Iterator6:MoveNext() (at D:\Programming\Unity\TopDownMinionDMC\Assets\AstarPathfindingProject\Core\AstarPath.cs:2652)
AstarPath:Update() (at D:\Programming\Unity\TopDownMinionDMC\Assets\AstarPathfindingProject\Core\AstarPath.cs:862)
 
(Filename: D:/Programming/Unity/TopDownMinionDMC/Assets/AstarPathfindingProject/Core/AstarPath.cs Line: 820)

Path Completed : Computation Time 0.00 ms Searched Nodes 57 Path Length 15
Path Number 108
UnityEngine.Debug:Internal_Log(Int32, String, Object)
UnityEngine.Debug:Log(Object)
AstarPath:LogPathResults(Path) (at D:\Programming\Unity\TopDownMinionDMC\Assets\AstarPathfindingProject\Core\AstarPath.cs:820)
<CalculatePaths>c__Iterator6:MoveNext() (at D:\Programming\Unity\TopDownMinionDMC\Assets\AstarPathfindingProject\Core\AstarPath.cs:2652)
AstarPath:Update() (at D:\Programming\Unity\TopDownMinionDMC\Assets\AstarPathfindingProject\Core\AstarPath.cs:862)
 
(Filename: D:/Programming/Unity/TopDownMinionDMC/Assets/AstarPathfindingProject/Core/AstarPath.cs Line: 820)

Path Completed : Computation Time 0.00 ms Searched Nodes 54 Path Length 17
Path Number 109
UnityEngine.Debug:Internal_Log(Int32, String, Object)
UnityEngine.Debug:Log(Object)
AstarPath:LogPathResults(Path) (at D:\Programming\Unity\TopDownMinionDMC\Assets\AstarPathfindingProject\Core\AstarPath.cs:820)
<CalculatePaths>c__Iterator6:MoveNext() (at D:\Programming\Unity\TopDownMinionDMC\Assets\AstarPathfindingProject\Core\AstarPath.cs:2652)
AstarPath:Update() (at D:\Programming\Unity\TopDownMinionDMC\Assets\AstarPathfindingProject\Core\AstarPath.cs:862)
 
(Filename: D:/Programming/Unity/TopDownMinionDMC/Assets/AstarPathfindingProject/Core/AstarPath.cs Line: 820)

Path Completed : Computation Time 0.00 ms Searched Nodes 321 Path Length 32
Path Number 110
UnityEngine.Debug:Internal_Log(Int32, String, Object)
UnityEngine.Debug:Log(Object)
AstarPath:LogPathResults(Path) (at D:\Programming\Unity\TopDownMinionDMC\Assets\AstarPathfindingProject\Core\AstarPath.cs:820)
<CalculatePaths>c__Iterator6:MoveNext() (at D:\Programming\Unity\TopDownMinionDMC\Assets\AstarPathfindingProject\Core\AstarPath.cs:2652)
AstarPath:Update() (at D:\Programming\Unity\TopDownMinionDMC\Assets\AstarPathfindingProject\Core\AstarPath.cs:862)
 
(Filename: D:/Programming/Unity/TopDownMinionDMC/Assets/AstarPathfindingProject/Core/AstarPath.cs Line: 820)

Path Completed : Computation Time 0.00 ms Searched Nodes 213 Path Length 26
Path Number 111
UnityEngine.Debug:Internal_Log(Int32, String, Object)
UnityEngine.Debug:Log(Object)
AstarPath:LogPathResults(Path) (at D:\Programming\Unity\TopDownMinionDMC\Assets\AstarPathfindingProject\Core\AstarPath.cs:820)
<CalculatePaths>c__Iterator6:MoveNext() (at D:\Programming\Unity\TopDownMinionDMC\Assets\AstarPathfindingProject\Core\AstarPath.cs:2652)
AstarPath:Update() (at D:\Programming\Unity\TopDownMinionDMC\Assets\AstarPathfindingProject\Core\AstarPath.cs:862)
 
(Filename: D:/Programming/Unity/TopDownMinionDMC/Assets/AstarPathfindingProject/Core/AstarPath.cs Line: 820)

ArgumentOutOfRangeException: Argument is out of range.
Parameter name: index
  at System.Collections.Generic.List`1[UnityEngine.Vector3].get_Item (Int32 index) [0x00024] in /Users/builduser/buildslave/mono-runtime-and-classlibs/build/mcs/class/corlib/System.Collections.Generic/List.cs:635 
  at zombieAi.Update () [0x00060] in D:\Programming\Unity\TopDownMinionDMC\Assets\Scripts\MinionScripts\AI\zombieAi.cs:58 
 
(Filename: /Users/builduser/buildslave/mono-runtime-and-classlibs/build/mcs/class/corlib/System.Collections.Generic/List.cs Line: 635)

Path Completed : Computation Time 0.00 ms Searched Nodes 10 Path Length 6
Path Number 112
UnityEngine.Debug:Internal_Log(Int32, String, Object)
UnityEngine.Debug:Log(Object)
AstarPath:LogPathResults(Path) (at D:\Programming\Unity\TopDownMinionDMC\Assets\AstarPathfindingProject\Core\AstarPath.cs:820)
<CalculatePaths>c__Iterator6:MoveNext() (at D:\Programming\Unity\TopDownMinionDMC\Assets\AstarPathfindingProject\Core\AstarPath.cs:2652)
AstarPath:Update() (at D:\Programming\Unity\TopDownMinionDMC\Assets\AstarPathfindingProject\Core\AstarPath.cs:862)
 
(Filename: D:/Programming/Unity/TopDownMinionDMC/Assets/AstarPathfindingProject/Core/AstarPath.cs Line: 820)

Path Completed : Computation Time 0.00 ms Searched Nodes 19 Path Length 19
Path Number 113
UnityEngine.Debug:Internal_Log(Int32, String, Object)
UnityEngine.Debug:Log(Object)
AstarPath:LogPathResults(Path) (at D:\Programming\Unity\TopDownMinionDMC\Assets\AstarPathfindingProject\Core\AstarPath.cs:820)
<CalculatePaths>c__Iterator6:MoveNext() (at D:\Programming\Unity\TopDownMinionDMC\Assets\AstarPathfindingProject\Core\AstarPath.cs:2652)
AstarPath:Update() (at D:\Programming\Unity\TopDownMinionDMC\Assets\AstarPathfindingProject\Core\AstarPath.cs:862)
 
(Filename: D:/Programming/Unity/TopDownMinionDMC/Assets/AstarPathfindingProject/Core/AstarPath.cs Line: 820)

Path Completed : Computation Time 0.00 ms Searched Nodes 110 Path Length 22
Path Number 114
UnityEngine.Debug:Internal_Log(Int32, String, Object)
UnityEngine.Debug:Log(Object)
AstarPath:LogPathResults(Path) (at D:\Programming\Unity\TopDownMinionDMC\Assets\AstarPathfindingProject\Core\AstarPath.cs:820)
<CalculatePaths>c__Iterator6:MoveNext() (at D:\Programming\Unity\TopDownMinionDMC\Assets\AstarPathfindingProject\Core\AstarPath.cs:2652)
AstarPath:Update() (at D:\Programming\Unity\TopDownMinionDMC\Assets\AstarPathfindingProject\Core\AstarPath.cs:862)
 
(Filename: D:/Programming/Unity/TopDownMinionDMC/Assets/AstarPathfindingProject/Core/AstarPath.cs Line: 820)

Path Completed : Computation Time 0.00 ms Searched Nodes 27 Path Length 27
Path Number 115
UnityEngine.Debug:Internal_Log(Int32, String, Object)
UnityEngine.Debug:Log(Object)
AstarPath:LogPathResults(Path) (at D:\Programming\Unity\TopDownMinionDMC\Assets\AstarPathfindingProject\Core\AstarPath.cs:820)
<CalculatePaths>c__Iterator6:MoveNext() (at D:\Programming\Unity\TopDownMinionDMC\Assets\AstarPathfindingProject\Core\AstarPath.cs:2652)
AstarPath:Update() (at D:\Programming\Unity\TopDownMinionDMC\Assets\AstarPathfindingProject\Core\AstarPath.cs:862)
 
(Filename: D:/Programming/Unity/TopDownMinionDMC/Assets/AstarPathfindingProject/Core/AstarPath.cs Line: 820)

Path Completed : Computation Time 0.00 ms Searched Nodes 134 Path Length 20
Path Number 116
UnityEngine.Debug:Internal_Log(Int32, String, Object)
UnityEngine.Debug:Log(Object)
AstarPath:LogPathResults(Path) (at D:\Programming\Unity\TopDownMinionDMC\Assets\AstarPathfindingProject\Core\AstarPath.cs:820)
<CalculatePaths>c__Iterator6:MoveNext() (at D:\Programming\Unity\TopDownMinionDMC\Assets\AstarPathfindingProject\Core\AstarPath.cs:2652)
AstarPath:Update() (at D:\Programming\Unity\TopDownMinionDMC\Assets\AstarPathfindingProject\Core\AstarPath.cs:862)
 
(Filename: D:/Programming/Unity/TopDownMinionDMC/Assets/AstarPathfindingProject/Core/AstarPath.cs Line: 820)

ArgumentOutOfRangeException: Argument is out of range.
Parameter name: index
  at System.Collections.Generic.List`1[UnityEngine.Vector3].get_Item (Int32 index) [0x00024] in /Users/builduser/buildslave/mono-runtime-and-classlibs/build/mcs/class/corlib/System.Collections.Generic/List.cs:635 
  at zombieAi.Update () [0x00060] in D:\Programming\Unity\TopDownMinionDMC\Assets\Scripts\MinionScripts\AI\zombieAi.cs:58 
 
(Filename: /Users/builduser/buildslave/mono-runtime-and-classlibs/build/mcs/class/corlib/System.Collections.Generic/List.cs Line: 635)

Path Completed : Computation Time 0.00 ms Searched Nodes 9 Path Length 6
Path Number 117
UnityEngine.Debug:Internal_Log(Int32, String, Object)
UnityEngine.Debug:Log(Object)
AstarPath:LogPathResults(Path) (at D:\Programming\Unity\TopDownMinionDMC\Assets\AstarPathfindingProject\Core\AstarPath.cs:820)
<CalculatePaths>c__Iterator6:MoveNext() (at D:\Programming\Unity\TopDownMinionDMC\Assets\AstarPathfindingProject\Core\AstarPath.cs:2652)
AstarPath:Update() (at D:\Programming\Unity\TopDownMinionDMC\Assets\AstarPathfindingProject\Core\AstarPath.cs:862)
 
(Filename: D:/Programming/Unity/TopDownMinionDMC/Assets/AstarPathfindingProject/Core/AstarPath.cs Line: 820)

Path Completed : Computation Time 0.00 ms Searched Nodes 18 Path Length 10
Path Number 118
UnityEngine.Debug:Internal_Log(Int32, String, Object)
UnityEngine.Debug:Log(Object)
AstarPath:LogPathResults(Path) (at D:\Programming\Unity\TopDownMinionDMC\Assets\AstarPathfindingProject\Core\AstarPath.cs:820)
<CalculatePaths>c__Iterator6:MoveNext() (at D:\Programming\Unity\TopDownMinionDMC\Assets\AstarPathfindingProject\Core\AstarPath.cs:2652)
AstarPath:Update() (at D:\Programming\Unity\TopDownMinionDMC\Assets\AstarPathfindingProject\Core\AstarPath.cs:862)
 
(Filename: D:/Programming/Unity/TopDownMinionDMC/Assets/AstarPathfindingProject/Core/AstarPath.cs Line: 820)

ArgumentOutOfRangeException: Argument is out of range.
Parameter name: index
  at System.Collections.Generic.List`1[UnityEngine.Vector3].get_Item (Int32 index) [0x00024] in /Users/builduser/buildslave/mono-runtime-and-classlibs/build/mcs/class/corlib/System.Collections.Generic/List.cs:635 
  at zombieAi.Update () [0x00060] in D:\Programming\Unity\TopDownMinionDMC\Assets\Scripts\MinionScripts\AI\zombieAi.cs:58 
 
(Filename: /Users/builduser/buildslave/mono-runtime-and-classlibs/build/mcs/class/corlib/System.Collections.Generic/List.cs Line: 635)

Path Completed : Computation Time 0.00 ms Searched Nodes 15 Path Length 6
Path Number 119
UnityEngine.Debug:Internal_Log(Int32, String, Object)
UnityEngine.Debug:Log(Object)
AstarPath:LogPathResults(Path) (at D:\Programming\Unity\TopDownMinionDMC\Assets\AstarPathfindingProject\Core\AstarPath.cs:820)
<CalculatePaths>c__Iterator6:MoveNext() (at D:\Programming\Unity\TopDownMinionDMC\Assets\AstarPathfindingProject\Core\AstarPath.cs:2652)
AstarPath:Update() (at D:\Programming\Unity\TopDownMinionDMC\Assets\AstarPathfindingProject\Core\AstarPath.cs:862)
 
(Filename: D:/Programming/Unity/TopDownMinionDMC/Assets/AstarPathfindingProject/Core/AstarPath.cs Line: 820)

ArgumentOutOfRangeException: Argument is out of range.
Parameter name: index
  at System.Collections.Generic.List`1[UnityEngine.Vector3].get_Item (Int32 index) [0x00024] in /Users/builduser/buildslave/mono-runtime-and-classlibs/build/mcs/class/corlib/System.Collections.Generic/List.cs:635 
  at zombieAi.Update () [0x00060] in D:\Programming\Unity\TopDownMinionDMC\Assets\Scripts\MinionScripts\AI\zombieAi.cs:58 
 
(Filename: /Users/builduser/buildslave/mono-runtime-and-classlibs/build/mcs/class/corlib/System.Collections.Generic/List.cs Line: 635)

Path Completed : Computation Time 0.00 ms Searched Nodes 55 Path Length 16
Path Number 120
UnityEngine.Debug:Internal_Log(Int32, String, Object)
UnityEngine.Debug:Log(Object)
AstarPath:LogPathResults(Path) (at D:\Programming\Unity\TopDownMinionDMC\Assets\AstarPathfindingProject\Core\AstarPath.cs:820)
<CalculatePaths>c__Iterator6:MoveNext() (at D:\Programming\Unity\TopDownMinionDMC\Assets\AstarPathfindingProject\Core\AstarPath.cs:2652)
AstarPath:Update() (at D:\Programming\Unity\TopDownMinionDMC\Assets\AstarPathfindingProject\Core\AstarPath.cs:862)
 
(Filename: D:/Programming/Unity/TopDownMinionDMC/Assets/AstarPathfindingProject/Core/AstarPath.cs Line: 820)

ArgumentOutOfRangeException: Argument is out of range.
Parameter name: index
  at System.Collections.Generic.List`1[UnityEngine.Vector3].get_Item (Int32 index) [0x00024] in /Users/builduser/buildslave/mono-runtime-and-classlibs/build/mcs/class/corlib/System.Collections.Generic/List.cs:635 
  at zombieAi.Update () [0x00060] in D:\Programming\Unity\TopDownMinionDMC\Assets\Scripts\MinionScripts\AI\zombieAi.cs:58 
 
(Filename: /Users/builduser/buildslave/mono-runtime-and-classlibs/build/mcs/class/corlib/System.Collections.Generic/List.cs Line: 635)

Path Completed : Computation Time 0.00 ms Searched Nodes 114 Path Length 18
Path Number 121
UnityEngine.Debug:Internal_Log(Int32, String, Object)
UnityEngine.Debug:Log(Object)
AstarPath:LogPathResults(Path) (at D:\Programming\Unity\TopDownMinionDMC\Assets\AstarPathfindingProject\Core\AstarPath.cs:820)
<CalculatePaths>c__Iterator6:MoveNext() (at D:\Programming\Unity\TopDownMinionDMC\Assets\AstarPathfindingProject\Core\AstarPath.cs:2652)
AstarPath:Update() (at D:\Programming\Unity\TopDownMinionDMC\Assets\AstarPathfindingProject\Core\AstarPath.cs:862)
 
(Filename: D:/Programming/Unity/TopDownMinionDMC/Assets/AstarPathfindingProject/Core/AstarPath.cs Line: 820)

Path Completed : Computation Time 0.00 ms Searched Nodes 371 Path Length 25
Path Number 122
UnityEngine.Debug:Internal_Log(Int32, String, Object)
UnityEngine.Debug:Log(Object)
AstarPath:LogPathResults(Path) (at D:\Programming\Unity\TopDownMinionDMC\Assets\AstarPathfindingProject\Core\AstarPath.cs:820)
<CalculatePaths>c__Iterator6:MoveNext() (at D:\Programming\Unity\TopDownMinionDMC\Assets\AstarPathfindingProject\Core\AstarPath.cs:2652)
AstarPath:Update() (at D:\Programming\Unity\TopDownMinionDMC\Assets\AstarPathfindingProject\Core\AstarPath.cs:862)
 
(Filename: D:/Programming/Unity/TopDownMinionDMC/Assets/AstarPathfindingProject/Core/AstarPath.cs Line: 820)

Path Completed : Computation Time 0.00 ms Searched Nodes 225 Path Length 27
Path Number 123
UnityEngine.Debug:Internal_Log(Int32, String, Object)
UnityEngine.Debug:Log(Object)
AstarPath:LogPathResults(Path) (at D:\Programming\Unity\TopDownMinionDMC\Assets\AstarPathfindingProject\Core\AstarPath.cs:820)
<CalculatePaths>c__Iterator6:MoveNext() (at D:\Programming\Unity\TopDownMinionDMC\Assets\AstarPathfindingProject\Core\AstarPath.cs:2652)
AstarPath:Update() (at D:\Programming\Unity\TopDownMinionDMC\Assets\AstarPathfindingProject\Core\AstarPath.cs:862)
 
(Filename: D:/Programming/Unity/TopDownMinionDMC/Assets/AstarPathfindingProject/Core/AstarPath.cs Line: 820)

Path Completed : Computation Time 0.00 ms Searched Nodes 161 Path Length 21
Path Number 124
UnityEngine.Debug:Internal_Log(Int32, String, Object)
UnityEngine.Debug:Log(Object)
AstarPath:LogPathResults(Path) (at D:\Programming\Unity\TopDownMinionDMC\Assets\AstarPathfindingProject\Core\AstarPath.cs:820)
<CalculatePaths>c__Iterator6:MoveNext() (at D:\Programming\Unity\TopDownMinionDMC\Assets\AstarPathfindingProject\Core\AstarPath.cs:2652)
AstarPath:Update() (at D:\Programming\Unity\TopDownMinionDMC\Assets\AstarPathfindingProject\Core\AstarPath.cs:862)
 
(Filename: D:/Programming/Unity/TopDownMinionDMC/Assets/AstarPathfindingProject/Core/AstarPath.cs Line: 820)

ArgumentOutOfRangeException: Argument is out of range.
Parameter name: index
  at System.Collections.Generic.List`1[UnityEngine.Vector3].get_Item (Int32 index) [0x00024] in /Users/builduser/buildslave/mono-runtime-and-classlibs/build/mcs/class/corlib/System.Collections.Generic/List.cs:635 
  at zombieAi.Update () [0x00060] in D:\Programming\Unity\TopDownMinionDMC\Assets\Scripts\MinionScripts\AI\zombieAi.cs:58 
 
(Filename: /Users/builduser/buildslave/mono-runtime-and-classlibs/build/mcs/class/corlib/System.Collections.Generic/List.cs Line: 635)

Path Completed : Computation Time 0.00 ms Searched Nodes 287 Path Length 22
Path Number 125
UnityEngine.Debug:Internal_Log(Int32, String, Object)
UnityEngine.Debug:Log(Object)
AstarPath:LogPathResults(Path) (at D:\Programming\Unity\TopDownMinionDMC\Assets\AstarPathfindingProject\Core\AstarPath.cs:820)
<CalculatePaths>c__Iterator6:MoveNext() (at D:\Programming\Unity\TopDownMinionDMC\Assets\AstarPathfindingProject\Core\AstarPath.cs:2652)
AstarPath:Update() (at D:\Programming\Unity\TopDownMinionDMC\Assets\AstarPathfindingProject\Core\AstarPath.cs:862)
 
(Filename: D:/Programming/Unity/TopDownMinionDMC/Assets/AstarPathfindingProject/Core/AstarPath.cs Line: 820)

ArgumentOutOfRangeException: Argument is out of range.
Parameter name: index
  at System.Collections.Generic.List`1[UnityEngine.Vector3].get_Item (Int32 index) [0x00024] in /Users/builduser/buildslave/mono-runtime-and-classlibs/build/mcs/class/corlib/System.Collections.Generic/List.cs:635 
  at zombieAi.Update () [0x00060] in D:\Programming\Unity\TopDownMinionDMC\Assets\Scripts\MinionScripts\AI\zombieAi.cs:58 
 
(Filename: /Users/builduser/buildslave/mono-runtime-and-classlibs/build/mcs/class/corlib/System.Collections.Generic/List.cs Line: 635)

Path Completed : Computation Time 0.00 ms Searched Nodes 18 Path Length 6
Path Number 126
UnityEngine.Debug:Internal_Log(Int32, String, Object)
UnityEngine.Debug:Log(Object)
AstarPath:LogPathResults(Path) (at D:\Programming\Unity\TopDownMinionDMC\Assets\AstarPathfindingProject\Core\AstarPath.cs:820)
<CalculatePaths>c__Iterator6:MoveNext() (at D:\Programming\Unity\TopDownMinionDMC\Assets\AstarPathfindingProject\Core\AstarPath.cs:2652)
AstarPath:Update() (at D:\Programming\Unity\TopDownMinionDMC\Assets\AstarPathfindingProject\Core\AstarPath.cs:862)
 
(Filename: D:/Programming/Unity/TopDownMinionDMC/Assets/AstarPathfindingProject/Core/AstarPath.cs Line: 820)

Path Completed : Computation Time 1.00 ms Searched Nodes 88 Path Length 16
Path Number 127
UnityEngine.Debug:Internal_Log(Int32, String, Object)
UnityEngine.Debug:Log(Object)
AstarPath:LogPathResults(Path) (at D:\Programming\Unity\TopDownMinionDMC\Assets\AstarPathfindingProject\Core\AstarPath.cs:820)
<CalculatePaths>c__Iterator6:MoveNext() (at D:\Programming\Unity\TopDownMinionDMC\Assets\AstarPathfindingProject\Core\AstarPath.cs:2652)
AstarPath:Update() (at D:\Programming\Unity\TopDownMinionDMC\Assets\AstarPathfindingProject\Core\AstarPath.cs:862)
 
(Filename: D:/Programming/Unity/TopDownMinionDMC/Assets/AstarPathfindingProject/Core/AstarPath.cs Line: 820)

Path Completed : Computation Time 1.00 ms Searched Nodes 385 Path Length 30
Path Number 128
UnityEngine.Debug:Internal_Log(Int32, String, Object)
UnityEngine.Debug:Log(Object)
AstarPath:LogPathResults(Path) (at D:\Programming\Unity\TopDownMinionDMC\Assets\AstarPathfindingProject\Core\AstarPath.cs:820)
<CalculatePaths>c__Iterator6:MoveNext() (at D:\Programming\Unity\TopDownMinionDMC\Assets\AstarPathfindingProject\Core\AstarPath.cs:2652)
AstarPath:Update() (at D:\Programming\Unity\TopDownMinionDMC\Assets\AstarPathfindingProject\Core\AstarPath.cs:862)
 
(Filename: D:/Programming/Unity/TopDownMinionDMC/Assets/AstarPathfindingProject/Core/AstarPath.cs Line: 820)

3
UnityEngine.Debug:Internal_Log(Int32, String, Object)
UnityEngine.Debug:Log(Object)
randomGen:GetRandom() (at D:\Programming\Unity\TopDownMinionDMC\Assets\Scripts\Misc\randomGen.cs:23)
spawner:Update() (at D:\Programming\Unity\TopDownMinionDMC\Assets\Scripts\Misc\spawner.cs:49)
 
(Filename: D:/Programming/Unity/TopDownMinionDMC/Assets/Scripts/Misc/randomGen.cs Line: 23)

randomPrefab
UnityEngine.Debug:Internal_Log(Int32, String, Object)
UnityEngine.Debug:Log(Object)
spawner:Update() (at D:\Programming\Unity\TopDownMinionDMC\Assets\Scripts\Misc\spawner.cs:50)
 
(Filename: D:/Programming/Unity/TopDownMinionDMC/Assets/Scripts/Misc/spawner.cs Line: 50)

ArgumentOutOfRangeException: Argument is out of range.
Parameter name: index
  at System.Collections.Generic.List`1[UnityEngine.Vector3].get_Item (Int32 index) [0x00024] in /Users/builduser/buildslave/mono-runtime-and-classlibs/build/mcs/class/corlib/System.Collections.Generic/List.cs:635 
  at zombieAi.Update () [0x00060] in D:\Programming\Unity\TopDownMinionDMC\Assets\Scripts\MinionScripts\AI\zombieAi.cs:58 
 
(Filename: /Users/builduser/buildslave/mono-runtime-and-classlibs/build/mcs/class/corlib/System.Collections.Generic/List.cs Line: 635)

Path Completed : Computation Time 0.00 ms Searched Nodes 24 Path Length 13
Path Number 129
UnityEngine.Debug:Internal_Log(Int32, String, Object)
UnityEngine.Debug:Log(Object)
AstarPath:LogPathResults(Path) (at D:\Programming\Unity\TopDownMinionDMC\Assets\AstarPathfindingProject\Core\AstarPath.cs:820)
<CalculatePaths>c__Iterator6:MoveNext() (at D:\Programming\Unity\TopDownMinionDMC\Assets\AstarPathfindingProject\Core\AstarPath.cs:2652)
AstarPath:Update() (at D:\Programming\Unity\TopDownMinionDMC\Assets\AstarPathfindingProject\Core\AstarPath.cs:862)
 
(Filename: D:/Programming/Unity/TopDownMinionDMC/Assets/AstarPathfindingProject/Core/AstarPath.cs Line: 820)

NullReferenceException: Object reference not set to an instance of an object
  at zombieAi.Update () [0x00060] in D:\Programming\Unity\TopDownMinionDMC\Assets\Scripts\MinionScripts\AI\zombieAi.cs:58 
 
(Filename: D:/Programming/Unity/TopDownMinionDMC/Assets/Scripts/MinionScripts/AI/zombieAi.cs Line: 58)

Path Completed : Computation Time 0.00 ms Searched Nodes 22 Path Length 7
Path Number 130
UnityEngine.Debug:Internal_Log(Int32, String, Object)
UnityEngine.Debug:Log(Object)
AstarPath:LogPathResults(Path) (at D:\Programming\Unity\TopDownMinionDMC\Assets\AstarPathfindingProject\Core\AstarPath.cs:820)
<CalculatePaths>c__Iterator6:MoveNext() (at D:\Programming\Unity\TopDownMinionDMC\Assets\AstarPathfindingProject\Core\AstarPath.cs:2652)
AstarPath:Update() (at D:\Programming\Unity\TopDownMinionDMC\Assets\AstarPathfindingProject\Core\AstarPath.cs:862)
 
(Filename: D:/Programming/Unity/TopDownMinionDMC/Assets/AstarPathfindingProject/Core/AstarPath.cs Line: 820)

ArgumentOutOfRangeException: Argument is out of range.
Parameter name: index
  at System.Collections.Generic.List`1[UnityEngine.Vector3].get_Item (Int32 index) [0x00024] in /Users/builduser/buildslave/mono-runtime-and-classlibs/build/mcs/class/corlib/System.Collections.Generic/List.cs:635 
  at zombieAi.Update () [0x00060] in D:\Programming\Unity\TopDownMinionDMC\Assets\Scripts\MinionScripts\AI\zombieAi.cs:58 
 
(Filename: /Users/builduser/buildslave/mono-runtime-and-classlibs/build/mcs/class/corlib/System.Collections.Generic/List.cs Line: 635)

Path Completed : Computation Time 0.00 ms Searched Nodes 16 Path Length 5
Path Number 131
UnityEngine.Debug:Internal_Log(Int32, String, Object)
UnityEngine.Debug:Log(Object)
AstarPath:LogPathResults(Path) (at D:\Programming\Unity\TopDownMinionDMC\Assets\AstarPathfindingProject\Core\AstarPath.cs:820)
<CalculatePaths>c__Iterator6:MoveNext() (at D:\Programming\Unity\TopDownMinionDMC\Assets\AstarPathfindingProject\Core\AstarPath.cs:2652)
AstarPath:Update() (at D:\Programming\Unity\TopDownMinionDMC\Assets\AstarPathfindingProject\Core\AstarPath.cs:862)
 
(Filename: D:/Programming/Unity/TopDownMinionDMC/Assets/AstarPathfindingProject/Core/AstarPath.cs Line: 820)

Path Completed : Computation Time 0.00 ms Searched Nodes 32 Path Length 10
Path Number 132
UnityEngine.Debug:Internal_Log(Int32, String, Object)
UnityEngine.Debug:Log(Object)
AstarPath:LogPathResults(Path) (at D:\Programming\Unity\TopDownMinionDMC\Assets\AstarPathfindingProject\Core\AstarPath.cs:820)
<CalculatePaths>c__Iterator6:MoveNext() (at D:\Programming\Unity\TopDownMinionDMC\Assets\AstarPathfindingProject\Core\AstarPath.cs:2652)
AstarPath:Update() (at D:\Programming\Unity\TopDownMinionDMC\Assets\AstarPathfindingProject\Core\AstarPath.cs:862)
 
(Filename: D:/Programming/Unity/TopDownMinionDMC/Assets/AstarPathfindingProject/Core/AstarPath.cs Line: 820)

Path Completed : Computation Time 1.00 ms Searched Nodes 95 Path Length 14
Path Number 133
UnityEngine.Debug:Internal_Log(Int32, String, Object)
UnityEngine.Debug:Log(Object)
AstarPath:LogPathResults(Path) (at D:\Programming\Unity\TopDownMinionDMC\Assets\AstarPathfindingProject\Core\AstarPath.cs:820)
<CalculatePaths>c__Iterator6:MoveNext() (at D:\Programming\Unity\TopDownMinionDMC\Assets\AstarPathfindingProject\Core\AstarPath.cs:2652)
AstarPath:Update() (at D:\Programming\Unity\TopDownMinionDMC\Assets\AstarPathfindingProject\Core\AstarPath.cs:862)
 
(Filename: D:/Programming/Unity/TopDownMinionDMC/Assets/AstarPathfindingProject/Core/AstarPath.cs Line: 820)

ArgumentOutOfRangeException: Argument is out of range.
Parameter name: index
  at System.Collections.Generic.List`1[UnityEngine.Vector3].get_Item (Int32 index) [0x00024] in /Users/builduser/buildslave/mono-runtime-and-classlibs/build/mcs/class/corlib/System.Collections.Generic/List.cs:635 
  at zombieAi.Update () [0x00060] in D:\Programming\Unity\TopDownMinionDMC\Assets\Scripts\MinionScripts\AI\zombieAi.cs:58 
 
(Filename: /Users/builduser/buildslave/mono-runtime-and-classlibs/build/mcs/class/corlib/System.Collections.Generic/List.cs Line: 635)

Path Completed : Computation Time 0.00 ms Searched Nodes 79 Path Length 20
Path Number 134
UnityEngine.Debug:Internal_Log(Int32, String, Object)
UnityEngine.Debug:Log(Object)
AstarPath:LogPathResults(Path) (at D:\Programming\Unity\TopDownMinionDMC\Assets\AstarPathfindingProject\Core\AstarPath.cs:820)
<CalculatePaths>c__Iterator6:MoveNext() (at D:\Programming\Unity\TopDownMinionDMC\Assets\AstarPathfindingProject\Core\AstarPath.cs:2652)
AstarPath:Update() (at D:\Programming\Unity\TopDownMinionDMC\Assets\AstarPathfindingProject\Core\AstarPath.cs:862)
 
(Filename: D:/Programming/Unity/TopDownMinionDMC/Assets/AstarPathfindingProject/Core/AstarPath.cs Line: 820)

ArgumentOutOfRangeException: Argument is out of range.
Parameter name: index
  at System.Collections.Generic.List`1[UnityEngine.Vector3].get_Item (Int32 index) [0x00024] in /Users/builduser/buildslave/mono-runtime-and-classlibs/build/mcs/class/corlib/System.Collections.Generic/List.cs:635 
  at zombieAi.Update () [0x00060] in D:\Programming\Unity\TopDownMinionDMC\Assets\Scripts\MinionScripts\AI\zombieAi.cs:58 
 
(Filename: /Users/builduser/buildslave/mono-runtime-and-classlibs/build/mcs/class/corlib/System.Collections.Generic/List.cs Line: 635)

ArgumentOutOfRangeException: Argument is out of range.
Parameter name: index
  at System.Collections.Generic.List`1[UnityEngine.Vector3].get_Item (Int32 index) [0x00024] in /Users/builduser/buildslave/mono-runtime-and-classlibs/build/mcs/class/corlib/System.Collections.Generic/List.cs:635 
  at zombieAi.Update () [0x00060] in D:\Programming\Unity\TopDownMinionDMC\Assets\Scripts\MinionScripts\AI\zombieAi.cs:58 
 
(Filename: /Users/builduser/buildslave/mono-runtime-and-classlibs/build/mcs/class/corlib/System.Collections.Generic/List.cs Line: 635)

Path Completed : Computation Time 0.00 ms Searched Nodes 22 Path Length 8
Path Number 135
UnityEngine.Debug:Internal_Log(Int32, String, Object)
UnityEngine.Debug:Log(Object)
AstarPath:LogPathResults(Path) (at D:\Programming\Unity\TopDownMinionDMC\Assets\AstarPathfindingProject\Core\AstarPath.cs:820)
<CalculatePaths>c__Iterator6:MoveNext() (at D:\Programming\Unity\TopDownMinionDMC\Assets\AstarPathfindingProject\Core\AstarPath.cs:2652)
AstarPath:Update() (at D:\Programming\Unity\TopDownMinionDMC\Assets\AstarPathfindingProject\Core\AstarPath.cs:862)
 
(Filename: D:/Programming/Unity/TopDownMinionDMC/Assets/AstarPathfindingProject/Core/AstarPath.cs Line: 820)

ArgumentOutOfRangeException: Argument is out of range.
Parameter name: index
  at System.Collections.Generic.List`1[UnityEngine.Vector3].get_Item (Int32 index) [0x00024] in /Users/builduser/buildslave/mono-runtime-and-classlibs/build/mcs/class/corlib/System.Collections.Generic/List.cs:635 
  at zombieAi.Update () [0x00060] in D:\Programming\Unity\TopDownMinionDMC\Assets\Scripts\MinionScripts\AI\zombieAi.cs:58 
 
(Filename: /Users/builduser/buildslave/mono-runtime-and-classlibs/build/mcs/class/corlib/System.Collections.Generic/List.cs Line: 635)

Path Completed : Computation Time 0.00 ms Searched Nodes 5 Path Length 5
Path Number 136
UnityEngine.Debug:Internal_Log(Int32, String, Object)
UnityEngine.Debug:Log(Object)
AstarPath:LogPathResults(Path) (at D:\Programming\Unity\TopDownMinionDMC\Assets\AstarPathfindingProject\Core\AstarPath.cs:820)
<CalculatePaths>c__Iterator6:MoveNext() (at D:\Programming\Unity\TopDownMinionDMC\Assets\AstarPathfindingProject\Core\AstarPath.cs:2652)
AstarPath:Update() (at D:\Programming\Unity\TopDownMinionDMC\Assets\AstarPathfindingProject\Core\AstarPath.cs:862)
 
(Filename: D:/Programming/Unity/TopDownMinionDMC/Assets/AstarPathfindingProject/Core/AstarPath.cs Line: 820)

Path Completed : Computation Time 0.00 ms Searched Nodes 64 Path Length 19
Path Number 137
UnityEngine.Debug:Internal_Log(Int32, String, Object)
UnityEngine.Debug:Log(Object)
AstarPath:LogPathResults(Path) (at D:\Programming\Unity\TopDownMinionDMC\Assets\AstarPathfindingProject\Core\AstarPath.cs:820)
<CalculatePaths>c__Iterator6:MoveNext() (at D:\Programming\Unity\TopDownMinionDMC\Assets\AstarPathfindingProject\Core\AstarPath.cs:2652)
AstarPath:Update() (at D:\Programming\Unity\TopDownMinionDMC\Assets\AstarPathfindingProject\Core\AstarPath.cs:862)
 
(Filename: D:/Programming/Unity/TopDownMinionDMC/Assets/AstarPathfindingProject/Core/AstarPath.cs Line: 820)

Path Completed : Computation Time 0.00 ms Searched Nodes 101 Path Length 29
Path Number 138
UnityEngine.Debug:Internal_Log(Int32, String, Object)
UnityEngine.Debug:Log(Object)
AstarPath:LogPathResults(Path) (at D:\Programming\Unity\TopDownMinionDMC\Assets\AstarPathfindingProject\Core\AstarPath.cs:820)
<CalculatePaths>c__Iterator6:MoveNext() (at D:\Programming\Unity\TopDownMinionDMC\Assets\AstarPathfindingProject\Core\AstarPath.cs:2652)
AstarPath:Update() (at D:\Programming\Unity\TopDownMinionDMC\Assets\AstarPathfindingProject\Core\AstarPath.cs:862)
 
(Filename: D:/Programming/Unity/TopDownMinionDMC/Assets/AstarPathfindingProject/Core/AstarPath.cs Line: 820)

ArgumentOutOfRangeException: Argument is out of range.
Parameter name: index
  at System.Collections.Generic.List`1[UnityEngine.Vector3].get_Item (Int32 index) [0x00024] in /Users/builduser/buildslave/mono-runtime-and-classlibs/build/mcs/class/corlib/System.Collections.Generic/List.cs:635 
  at zombieAi.Update () [0x00060] in D:\Programming\Unity\TopDownMinionDMC\Assets\Scripts\MinionScripts\AI\zombieAi.cs:58 
 
(Filename: /Users/builduser/buildslave/mono-runtime-and-classlibs/build/mcs/class/corlib/System.Collections.Generic/List.cs Line: 635)

Path Completed : Computation Time 0.00 ms Searched Nodes 116 Path Length 23
Path Number 139
UnityEngine.Debug:Internal_Log(Int32, String, Object)
UnityEngine.Debug:Log(Object)
AstarPath:LogPathResults(Path) (at D:\Programming\Unity\TopDownMinionDMC\Assets\AstarPathfindingProject\Core\AstarPath.cs:820)
<CalculatePaths>c__Iterator6:MoveNext() (at D:\Programming\Unity\TopDownMinionDMC\Assets\AstarPathfindingProject\Core\AstarPath.cs:2652)
AstarPath:Update() (at D:\Programming\Unity\TopDownMinionDMC\Assets\AstarPathfindingProject\Core\AstarPath.cs:862)
 
(Filename: D:/Programming/Unity/TopDownMinionDMC/Assets/AstarPathfindingProject/Core/AstarPath.cs Line: 820)

ArgumentOutOfRangeException: Argument is out of range.
Parameter name: index
  at System.Collections.Generic.List`1[UnityEngine.Vector3].get_Item (Int32 index) [0x00024] in /Users/builduser/buildslave/mono-runtime-and-classlibs/build/mcs/class/corlib/System.Collections.Generic/List.cs:635 
  at zombieAi.Update () [0x00060] in D:\Programming\Unity\TopDownMinionDMC\Assets\Scripts\MinionScripts\AI\zombieAi.cs:58 
 
(Filename: /Users/builduser/buildslave/mono-runtime-and-classlibs/build/mcs/class/corlib/System.Collections.Generic/List.cs Line: 635)

Path Completed : Computation Time 0.00 ms Searched Nodes 162 Path Length 24
Path Number 140
UnityEngine.Debug:Internal_Log(Int32, String, Object)
UnityEngine.Debug:Log(Object)
AstarPath:LogPathResults(Path) (at D:\Programming\Unity\TopDownMinionDMC\Assets\AstarPathfindingProject\Core\AstarPath.cs:820)
<CalculatePaths>c__Iterator6:MoveNext() (at D:\Programming\Unity\TopDownMinionDMC\Assets\AstarPathfindingProject\Core\AstarPath.cs:2652)
AstarPath:Update() (at D:\Programming\Unity\TopDownMinionDMC\Assets\AstarPathfindingProject\Core\AstarPath.cs:862)
 
(Filename: D:/Programming/Unity/TopDownMinionDMC/Assets/AstarPathfindingProject/Core/AstarPath.cs Line: 820)

ArgumentOutOfRangeException: Argument is out of range.
Parameter name: index
  at System.Collections.Generic.List`1[UnityEngine.Vector3].get_Item (Int32 index) [0x00024] in /Users/builduser/buildslave/mono-runtime-and-classlibs/build/mcs/class/corlib/System.Collections.Generic/List.cs:635 
  at zombieAi.Update () [0x00060] in D:\Programming\Unity\TopDownMinionDMC\Assets\Scripts\MinionScripts\AI\zombieAi.cs:58 
 
(Filename: /Users/builduser/buildslave/mono-runtime-and-classlibs/build/mcs/class/corlib/System.Collections.Generic/List.cs Line: 635)

Path Completed : Computation Time 0.00 ms Searched Nodes 67 Path Length 15
Path Number 141
UnityEngine.Debug:Internal_Log(Int32, String, Object)
UnityEngine.Debug:Log(Object)
AstarPath:LogPathResults(Path) (at D:\Programming\Unity\TopDownMinionDMC\Assets\AstarPathfindingProject\Core\AstarPath.cs:820)
<CalculatePaths>c__Iterator6:MoveNext() (at D:\Programming\Unity\TopDownMinionDMC\Assets\AstarPathfindingProject\Core\AstarPath.cs:2652)
AstarPath:Update() (at D:\Programming\Unity\TopDownMinionDMC\Assets\AstarPathfindingProject\Core\AstarPath.cs:862)
 
(Filename: D:/Programming/Unity/TopDownMinionDMC/Assets/AstarPathfindingProject/Core/AstarPath.cs Line: 820)

ArgumentOutOfRangeException: Argument is out of range.
Parameter name: index
  at System.Collections.Generic.List`1[UnityEngine.Vector3].get_Item (Int32 index) [0x00024] in /Users/builduser/buildslave/mono-runtime-and-classlibs/build/mcs/class/corlib/System.Collections.Generic/List.cs:635 
  at zombieAi.Update () [0x00060] in D:\Programming\Unity\TopDownMinionDMC\Assets\Scripts\MinionScripts\AI\zombieAi.cs:58 
 
(Filename: /Users/builduser/buildslave/mono-runtime-and-classlibs/build/mcs/class/corlib/System.Collections.Generic/List.cs Line: 635)

Path Completed : Computation Time 0.00 ms Searched Nodes 17 Path Length 6
Path Number 142
UnityEngine.Debug:Internal_Log(Int32, String, Object)
UnityEngine.Debug:Log(Object)
AstarPath:LogPathResults(Path) (at D:\Programming\Unity\TopDownMinionDMC\Assets\AstarPathfindingProject\Core\AstarPath.cs:820)
<CalculatePaths>c__Iterator6:MoveNext() (at D:\Programming\Unity\TopDownMinionDMC\Assets\AstarPathfindingProject\Core\AstarPath.cs:2652)
AstarPath:Update() (at D:\Programming\Unity\TopDownMinionDMC\Assets\AstarPathfindingProject\Core\AstarPath.cs:862)
 
(Filename: D:/Programming/Unity/TopDownMinionDMC/Assets/AstarPathfindingProject/Core/AstarPath.cs Line: 820)

Path Completed : Computation Time 0.00 ms Searched Nodes 374 Path Length 32
Path Number 143
UnityEngine.Debug:Internal_Log(Int32, String, Object)
UnityEngine.Debug:Log(Object)
AstarPath:LogPathResults(Path) (at D:\Programming\Unity\TopDownMinionDMC\Assets\AstarPathfindingProject\Core\AstarPath.cs:820)
<CalculatePaths>c__Iterator6:MoveNext() (at D:\Programming\Unity\TopDownMinionDMC\Assets\AstarPathfindingProject\Core\AstarPath.cs:2652)
AstarPath:Update() (at D:\Programming\Unity\TopDownMinionDMC\Assets\AstarPathfindingProject\Core\AstarPath.cs:862)
 
(Filename: D:/Programming/Unity/TopDownMinionDMC/Assets/AstarPathfindingProject/Core/AstarPath.cs Line: 820)

ArgumentOutOfRangeException: Argument is out of range.
Parameter name: index
  at System.Collections.Generic.List`1[UnityEngine.Vector3].get_Item (Int32 index) [0x00024] in /Users/builduser/buildslave/mono-runtime-and-classlibs/build/mcs/class/corlib/System.Collections.Generic/List.cs:635 
  at zombieAi.Update () [0x00060] in D:\Programming\Unity\TopDownMinionDMC\Assets\Scripts\MinionScripts\AI\zombieAi.cs:58 
 
(Filename: /Users/builduser/buildslave/mono-runtime-and-classlibs/build/mcs/class/corlib/System.Collections.Generic/List.cs Line: 635)

Path Completed : Computation Time 1.00 ms Searched Nodes 43 Path Length 9
Path Number 144
UnityEngine.Debug:Internal_Log(Int32, String, Object)
UnityEngine.Debug:Log(Object)
AstarPath:LogPathResults(Path) (at D:\Programming\Unity\TopDownMinionDMC\Assets\AstarPathfindingProject\Core\AstarPath.cs:820)
<CalculatePaths>c__Iterator6:MoveNext() (at D:\Programming\Unity\TopDownMinionDMC\Assets\AstarPathfindingProject\Core\AstarPath.cs:2652)
AstarPath:Update() (at D:\Programming\Unity\TopDownMinionDMC\Assets\AstarPathfindingProject\Core\AstarPath.cs:862)
 
(Filename: D:/Programming/Unity/TopDownMinionDMC/Assets/AstarPathfindingProject/Core/AstarPath.cs Line: 820)

ArgumentOutOfRangeException: Argument is out of range.
Parameter name: index
  at System.Collections.Generic.List`1[UnityEngine.Vector3].get_Item (Int32 index) [0x00024] in /Users/builduser/buildslave/mono-runtime-and-classlibs/build/mcs/class/corlib/System.Collections.Generic/List.cs:635 
  at zombieAi.Update () [0x00060] in D:\Programming\Unity\TopDownMinionDMC\Assets\Scripts\MinionScripts\AI\zombieAi.cs:58 
 
(Filename: /Users/builduser/buildslave/mono-runtime-and-classlibs/build/mcs/class/corlib/System.Collections.Generic/List.cs Line: 635)

Path Completed : Computation Time 0.00 ms Searched Nodes 21 Path Length 6
Path Number 145
UnityEngine.Debug:Internal_Log(Int32, String, Object)
UnityEngine.Debug:Log(Object)
AstarPath:LogPathResults(Path) (at D:\Programming\Unity\TopDownMinionDMC\Assets\AstarPathfindingProject\Core\AstarPath.cs:820)
<CalculatePaths>c__Iterator6:MoveNext() (at D:\Programming\Unity\TopDownMinionDMC\Assets\AstarPathfindingProject\Core\AstarPath.cs:2652)
AstarPath:Update() (at D:\Programming\Unity\TopDownMinionDMC\Assets\AstarPathfindingProject\Core\AstarPath.cs:862)
 
(Filename: D:/Programming/Unity/TopDownMinionDMC/Assets/AstarPathfindingProject/Core/AstarPath.cs Line: 820)

Path Completed : Computation Time 0.00 ms Searched Nodes 68 Path Length 11
Path Number 146
UnityEngine.Debug:Internal_Log(Int32, String, Object)
UnityEngine.Debug:Log(Object)
AstarPath:LogPathResults(Path) (at D:\Programming\Unity\TopDownMinionDMC\Assets\AstarPathfindingProject\Core\AstarPath.cs:820)
<CalculatePaths>c__Iterator6:MoveNext() (at D:\Programming\Unity\TopDownMinionDMC\Assets\AstarPathfindingProject\Core\AstarPath.cs:2652)
AstarPath:Update() (at D:\Programming\Unity\TopDownMinionDMC\Assets\AstarPathfindingProject\Core\AstarPath.cs:862)
 
(Filename: D:/Programming/Unity/TopDownMinionDMC/Assets/AstarPathfindingProject/Core/AstarPath.cs Line: 820)

Path Completed : Computation Time 0.00 ms Searched Nodes 89 Path Length 17
Path Number 147
UnityEngine.Debug:Internal_Log(Int32, String, Object)
UnityEngine.Debug:Log(Object)
AstarPath:LogPathResults(Path) (at D:\Programming\Unity\TopDownMinionDMC\Assets\AstarPathfindingProject\Core\AstarPath.cs:820)
<CalculatePaths>c__Iterator6:MoveNext() (at D:\Programming\Unity\TopDownMinionDMC\Assets\AstarPathfindingProject\Core\AstarPath.cs:2652)
AstarPath:Update() (at D:\Programming\Unity\TopDownMinionDMC\Assets\AstarPathfindingProject\Core\AstarPath.cs:862)
 
(Filename: D:/Programming/Unity/TopDownMinionDMC/Assets/AstarPathfindingProject/Core/AstarPath.cs Line: 820)

Path Completed : Computation Time 0.00 ms Searched Nodes 70 Path Length 21
Path Number 148
UnityEngine.Debug:Internal_Log(Int32, String, Object)
UnityEngine.Debug:Log(Object)
AstarPath:LogPathResults(Path) (at D:\Programming\Unity\TopDownMinionDMC\Assets\AstarPathfindingProject\Core\AstarPath.cs:820)
<CalculatePaths>c__Iterator6:MoveNext() (at D:\Programming\Unity\TopDownMinionDMC\Assets\AstarPathfindingProject\Core\AstarPath.cs:2652)
AstarPath:Update() (at D:\Programming\Unity\TopDownMinionDMC\Assets\AstarPathfindingProject\Core\AstarPath.cs:862)
 
(Filename: D:/Programming/Unity/TopDownMinionDMC/Assets/AstarPathfindingProject/Core/AstarPath.cs Line: 820)

ArgumentOutOfRangeException: Argument is out of range.
Parameter name: index
  at System.Collections.Generic.List`1[UnityEngine.Vector3].get_Item (Int32 index) [0x00024] in /Users/builduser/buildslave/mono-runtime-and-classlibs/build/mcs/class/corlib/System.Collections.Generic/List.cs:635 
  at zombieAi.Update () [0x00060] in D:\Programming\Unity\TopDownMinionDMC\Assets\Scripts\MinionScripts\AI\zombieAi.cs:58 
 
(Filename: /Users/builduser/buildslave/mono-runtime-and-classlibs/build/mcs/class/corlib/System.Collections.Generic/List.cs Line: 635)

Path Completed : Computation Time 0.00 ms Searched Nodes 22 Path Length 9
Path Number 149
UnityEngine.Debug:Internal_Log(Int32, String, Object)
UnityEngine.Debug:Log(Object)
AstarPath:LogPathResults(Path) (at D:\Programming\Unity\TopDownMinionDMC\Assets\AstarPathfindingProject\Core\AstarPath.cs:820)
<CalculatePaths>c__Iterator6:MoveNext() (at D:\Programming\Unity\TopDownMinionDMC\Assets\AstarPathfindingProject\Core\AstarPath.cs:2652)
AstarPath:Update() (at D:\Programming\Unity\TopDownMinionDMC\Assets\AstarPathfindingProject\Core\AstarPath.cs:862)
 
(Filename: D:/Programming/Unity/TopDownMinionDMC/Assets/AstarPathfindingProject/Core/AstarPath.cs Line: 820)

48
UnityEngine.Debug:Internal_Log(Int32, String, Object)
UnityEngine.Debug:Log(Object)
randomGen:GetRandom() (at D:\Programming\Unity\TopDownMinionDMC\Assets\Scripts\Misc\randomGen.cs:23)
spawner:Update() (at D:\Programming\Unity\TopDownMinionDMC\Assets\Scripts\Misc\spawner.cs:49)
 
(Filename: D:/Programming/Unity/TopDownMinionDMC/Assets/Scripts/Misc/randomGen.cs Line: 23)

randomPrefab
UnityEngine.Debug:Internal_Log(Int32, String, Object)
UnityEngine.Debug:Log(Object)
spawner:Update() (at D:\Programming\Unity\TopDownMinionDMC\Assets\Scripts\Misc\spawner.cs:50)
 
(Filename: D:/Programming/Unity/TopDownMinionDMC/Assets/Scripts/Misc/spawner.cs Line: 50)

Path Completed : Computation Time 0.00 ms Searched Nodes 13 Path Length 13
Path Number 150
UnityEngine.Debug:Internal_Log(Int32, String, Object)
UnityEngine.Debug:Log(Object)
AstarPath:LogPathResults(Path) (at D:\Programming\Unity\TopDownMinionDMC\Assets\AstarPathfindingProject\Core\AstarPath.cs:820)
<CalculatePaths>c__Iterator6:MoveNext() (at D:\Programming\Unity\TopDownMinionDMC\Assets\AstarPathfindingProject\Core\AstarPath.cs:2652)
AstarPath:Update() (at D:\Programming\Unity\TopDownMinionDMC\Assets\AstarPathfindingProject\Core\AstarPath.cs:862)
 
(Filename: D:/Programming/Unity/TopDownMinionDMC/Assets/AstarPathfindingProject/Core/AstarPath.cs Line: 820)

Path Completed : Computation Time 0.00 ms Searched Nodes 227 Path Length 22
Path Number 151
UnityEngine.Debug:Internal_Log(Int32, String, Object)
UnityEngine.Debug:Log(Object)
AstarPath:LogPathResults(Path) (at D:\Programming\Unity\TopDownMinionDMC\Assets\AstarPathfindingProject\Core\AstarPath.cs:820)
<CalculatePaths>c__Iterator6:MoveNext() (at D:\Programming\Unity\TopDownMinionDMC\Assets\AstarPathfindingProject\Core\AstarPath.cs:2652)
AstarPath:Update() (at D:\Programming\Unity\TopDownMinionDMC\Assets\AstarPathfindingProject\Core\AstarPath.cs:862)
 
(Filename: D:/Programming/Unity/TopDownMinionDMC/Assets/AstarPathfindingProject/Core/AstarPath.cs Line: 820)

ArgumentOutOfRangeException: Argument is out of range.
Parameter name: index
  at System.Collections.Generic.List`1[UnityEngine.Vector3].get_Item (Int32 index) [0x00024] in /Users/builduser/buildslave/mono-runtime-and-classlibs/build/mcs/class/corlib/System.Collections.Generic/List.cs:635 
  at zombieAi.Update () [0x00060] in D:\Programming\Unity\TopDownMinionDMC\Assets\Scripts\MinionScripts\AI\zombieAi.cs:58 
 
(Filename: /Users/builduser/buildslave/mono-runtime-and-classlibs/build/mcs/class/corlib/System.Collections.Generic/List.cs Line: 635)

ArgumentOutOfRangeException: Argument is out of range.
Parameter name: index
  at System.Collections.Generic.List`1[UnityEngine.Vector3].get_Item (Int32 index) [0x00024] in /Users/builduser/buildslave/mono-runtime-and-classlibs/build/mcs/class/corlib/System.Collections.Generic/List.cs:635 
  at zombieAi.Update () [0x00060] in D:\Programming\Unity\TopDownMinionDMC\Assets\Scripts\MinionScripts\AI\zombieAi.cs:58 
 
(Filename: /Users/builduser/buildslave/mono-runtime-and-classlibs/build/mcs/class/corlib/System.Collections.Generic/List.cs Line: 635)

Path Completed : Computation Time 0.00 ms Searched Nodes 14 Path Length 6
Path Number 152
UnityEngine.Debug:Internal_Log(Int32, String, Object)
UnityEngine.Debug:Log(Object)
AstarPath:LogPathResults(Path) (at D:\Programming\Unity\TopDownMinionDMC\Assets\AstarPathfindingProject\Core\AstarPath.cs:820)
<CalculatePaths>c__Iterator6:MoveNext() (at D:\Programming\Unity\TopDownMinionDMC\Assets\AstarPathfindingProject\Core\AstarPath.cs:2652)
AstarPath:Update() (at D:\Programming\Unity\TopDownMinionDMC\Assets\AstarPathfindingProject\Core\AstarPath.cs:862)
 
(Filename: D:/Programming/Unity/TopDownMinionDMC/Assets/AstarPathfindingProject/Core/AstarPath.cs Line: 820)

ArgumentOutOfRangeException: Argument is out of range.
Parameter name: index
  at System.Collections.Generic.List`1[UnityEngine.Vector3].get_Item (Int32 index) [0x00024] in /Users/builduser/buildslave/mono-runtime-and-classlibs/build/mcs/class/corlib/System.Collections.Generic/List.cs:635 
  at zombieAi.Update () [0x00060] in D:\Programming\Unity\TopDownMinionDMC\Assets\Scripts\MinionScripts\AI\zombieAi.cs:58 
 
(Filename: /Users/builduser/buildslave/mono-runtime-and-classlibs/build/mcs/class/corlib/System.Collections.Generic/List.cs Line: 635)

Path Completed : Computation Time 0.00 ms Searched Nodes 43 Path Length 17
Path Number 153
UnityEngine.Debug:Internal_Log(Int32, String, Object)
UnityEngine.Debug:Log(Object)
AstarPath:LogPathResults(Path) (at D:\Programming\Unity\TopDownMinionDMC\Assets\AstarPathfindingProject\Core\AstarPath.cs:820)
<CalculatePaths>c__Iterator6:MoveNext() (at D:\Programming\Unity\TopDownMinionDMC\Assets\AstarPathfindingProject\Core\AstarPath.cs:2652)
AstarPath:Update() (at D:\Programming\Unity\TopDownMinionDMC\Assets\AstarPathfindingProject\Core\AstarPath.cs:862)
 
(Filename: D:/Programming/Unity/TopDownMinionDMC/Assets/AstarPathfindingProject/Core/AstarPath.cs Line: 820)

Path Completed : Computation Time 0.00 ms Searched Nodes 226 Path Length 30
Path Number 154
UnityEngine.Debug:Internal_Log(Int32, String, Object)
UnityEngine.Debug:Log(Object)
AstarPath:LogPathResults(Path) (at D:\Programming\Unity\TopDownMinionDMC\Assets\AstarPathfindingProject\Core\AstarPath.cs:820)
<CalculatePaths>c__Iterator6:MoveNext() (at D:\Programming\Unity\TopDownMinionDMC\Assets\AstarPathfindingProject\Core\AstarPath.cs:2652)
AstarPath:Update() (at D:\Programming\Unity\TopDownMinionDMC\Assets\AstarPathfindingProject\Core\AstarPath.cs:862)
 
(Filename: D:/Programming/Unity/TopDownMinionDMC/Assets/AstarPathfindingProject/Core/AstarPath.cs Line: 820)

Path Completed : Computation Time 0.00 ms Searched Nodes 83 Path Length 25
Path Number 155
UnityEngine.Debug:Internal_Log(Int32, String, Object)
UnityEngine.Debug:Log(Object)
AstarPath:LogPathResults(Path) (at D:\Programming\Unity\TopDownMinionDMC\Assets\AstarPathfindingProject\Core\AstarPath.cs:820)
<CalculatePaths>c__Iterator6:MoveNext() (at D:\Programming\Unity\TopDownMinionDMC\Assets\AstarPathfindingProject\Core\AstarPath.cs:2652)
AstarPath:Update() (at D:\Programming\Unity\TopDownMinionDMC\Assets\AstarPathfindingProject\Core\AstarPath.cs:862)
 
(Filename: D:/Programming/Unity/TopDownMinionDMC/Assets/AstarPathfindingProject/Core/AstarPath.cs Line: 820)

Path Completed : Computation Time 0.00 ms Searched Nodes 46 Path Length 24
Path Number 156
UnityEngine.Debug:Internal_Log(Int32, String, Object)
UnityEngine.Debug:Log(Object)
AstarPath:LogPathResults(Path) (at D:\Programming\Unity\TopDownMinionDMC\Assets\AstarPathfindingProject\Core\AstarPath.cs:820)
<CalculatePaths>c__Iterator6:MoveNext() (at D:\Programming\Unity\TopDownMinionDMC\Assets\AstarPathfindingProject\Core\AstarPath.cs:2652)
AstarPath:Update() (at D:\Programming\Unity\TopDownMinionDMC\Assets\AstarPathfindingProject\Core\AstarPath.cs:862)
 
(Filename: D:/Programming/Unity/TopDownMinionDMC/Assets/AstarPathfindingProject/Core/AstarPath.cs Line: 820)

Path Completed : Computation Time 0.00 ms Searched Nodes 206 Path Length 33
Path Number 157
UnityEngine.Debug:Internal_Log(Int32, String, Object)
UnityEngine.Debug:Log(Object)
AstarPath:LogPathResults(Path) (at D:\Programming\Unity\TopDownMinionDMC\Assets\AstarPathfindingProject\Core\AstarPath.cs:820)
<CalculatePaths>c__Iterator6:MoveNext() (at D:\Programming\Unity\TopDownMinionDMC\Assets\AstarPathfindingProject\Core\AstarPath.cs:2652)
AstarPath:Update() (at D:\Programming\Unity\TopDownMinionDMC\Assets\AstarPathfindingProject\Core\AstarPath.cs:862)
 
(Filename: D:/Programming/Unity/TopDownMinionDMC/Assets/AstarPathfindingProject/Core/AstarPath.cs Line: 820)

ArgumentOutOfRangeException: Argument is out of range.
Parameter name: index
  at System.Collections.Generic.List`1[UnityEngine.Vector3].get_Item (Int32 index) [0x00024] in /Users/builduser/buildslave/mono-runtime-and-classlibs/build/mcs/class/corlib/System.Collections.Generic/List.cs:635 
  at zombieAi.Update () [0x00060] in D:\Programming\Unity\TopDownMinionDMC\Assets\Scripts\MinionScripts\AI\zombieAi.cs:58 
 
(Filename: /Users/builduser/buildslave/mono-runtime-and-classlibs/build/mcs/class/corlib/System.Collections.Generic/List.cs Line: 635)

Path Completed : Computation Time 0.00 ms Searched Nodes 38 Path Length 10
Path Number 158
UnityEngine.Debug:Internal_Log(Int32, String, Object)
UnityEngine.Debug:Log(Object)
AstarPath:LogPathResults(Path) (at D:\Programming\Unity\TopDownMinionDMC\Assets\AstarPathfindingProject\Core\AstarPath.cs:820)
<CalculatePaths>c__Iterator6:MoveNext() (at D:\Programming\Unity\TopDownMinionDMC\Assets\AstarPathfindingProject\Core\AstarPath.cs:2652)
AstarPath:Update() (at D:\Programming\Unity\TopDownMinionDMC\Assets\AstarPathfindingProject\Core\AstarPath.cs:862)
 
(Filename: D:/Programming/Unity/TopDownMinionDMC/Assets/AstarPathfindingProject/Core/AstarPath.cs Line: 820)

ArgumentOutOfRangeException: Argument is out of range.
Parameter name: index
  at System.Collections.Generic.List`1[UnityEngine.Vector3].get_Item (Int32 index) [0x00024] in /Users/builduser/buildslave/mono-runtime-and-classlibs/build/mcs/class/corlib/System.Collections.Generic/List.cs:635 
  at zombieAi.Update () [0x00060] in D:\Programming\Unity\TopDownMinionDMC\Assets\Scripts\MinionScripts\AI\zombieAi.cs:58 
 
(Filename: /Users/builduser/buildslave/mono-runtime-and-classlibs/build/mcs/class/corlib/System.Collections.Generic/List.cs Line: 635)

Path Completed : Computation Time 0.00 ms Searched Nodes 6 Path Length 6
Path Number 159
UnityEngine.Debug:Internal_Log(Int32, String, Object)
UnityEngine.Debug:Log(Object)
AstarPath:LogPathResults(Path) (at D:\Programming\Unity\TopDownMinionDMC\Assets\AstarPathfindingProject\Core\AstarPath.cs:820)
<CalculatePaths>c__Iterator6:MoveNext() (at D:\Programming\Unity\TopDownMinionDMC\Assets\AstarPathfindingProject\Core\AstarPath.cs:2652)
AstarPath:Update() (at D:\Programming\Unity\TopDownMinionDMC\Assets\AstarPathfindingProject\Core\AstarPath.cs:862)
 
(Filename: D:/Programming/Unity/TopDownMinionDMC/Assets/AstarPathfindingProject/Core/AstarPath.cs Line: 820)

Path Completed : Computation Time 0.00 ms Searched Nodes 68 Path Length 19
Path Number 160
UnityEngine.Debug:Internal_Log(Int32, String, Object)
UnityEngine.Debug:Log(Object)
AstarPath:LogPathResults(Path) (at D:\Programming\Unity\TopDownMinionDMC\Assets\AstarPathfindingProject\Core\AstarPath.cs:820)
<CalculatePaths>c__Iterator6:MoveNext() (at D:\Programming\Unity\TopDownMinionDMC\Assets\AstarPathfindingProject\Core\AstarPath.cs:2652)
AstarPath:Update() (at D:\Programming\Unity\TopDownMinionDMC\Assets\AstarPathfindingProject\Core\AstarPath.cs:862)
 
(Filename: D:/Programming/Unity/TopDownMinionDMC/Assets/AstarPathfindingProject/Core/AstarPath.cs Line: 820)

Path Completed : Computation Time 0.00 ms Searched Nodes 36 Path Length 12
Path Number 161
UnityEngine.Debug:Internal_Log(Int32, String, Object)
UnityEngine.Debug:Log(Object)
AstarPath:LogPathResults(Path) (at D:\Programming\Unity\TopDownMinionDMC\Assets\AstarPathfindingProject\Core\AstarPath.cs:820)
<CalculatePaths>c__Iterator6:MoveNext() (at D:\Programming\Unity\TopDownMinionDMC\Assets\AstarPathfindingProject\Core\AstarPath.cs:2652)
AstarPath:Update() (at D:\Programming\Unity\TopDownMinionDMC\Assets\AstarPathfindingProject\Core\AstarPath.cs:862)
 
(Filename: D:/Programming/Unity/TopDownMinionDMC/Assets/AstarPathfindingProject/Core/AstarPath.cs Line: 820)

Path Completed : Computation Time 0.00 ms Searched Nodes 184 Path Length 23
Path Number 162
UnityEngine.Debug:Internal_Log(Int32, String, Object)
UnityEngine.Debug:Log(Object)
AstarPath:LogPathResults(Path) (at D:\Programming\Unity\TopDownMinionDMC\Assets\AstarPathfindingProject\Core\AstarPath.cs:820)
<CalculatePaths>c__Iterator6:MoveNext() (at D:\Programming\Unity\TopDownMinionDMC\Assets\AstarPathfindingProject\Core\AstarPath.cs:2652)
AstarPath:Update() (at D:\Programming\Unity\TopDownMinionDMC\Assets\AstarPathfindingProject\Core\AstarPath.cs:862)
 
(Filename: D:/Programming/Unity/TopDownMinionDMC/Assets/AstarPathfindingProject/Core/AstarPath.cs Line: 820)

Path Completed : Computation Time 1.03 ms Searched Nodes 111 Path Length 23
Path Number 163
UnityEngine.Debug:Internal_Log(Int32, String, Object)
UnityEngine.Debug:Log(Object)
AstarPath:LogPathResults(Path) (at D:\Programming\Unity\TopDownMinionDMC\Assets\AstarPathfindingProject\Core\AstarPath.cs:820)
<CalculatePaths>c__Iterator6:MoveNext() (at D:\Programming\Unity\TopDownMinionDMC\Assets\AstarPathfindingProject\Core\AstarPath.cs:2652)
AstarPath:Update() (at D:\Programming\Unity\TopDownMinionDMC\Assets\AstarPathfindingProject\Core\AstarPath.cs:862)
 
(Filename: D:/Programming/Unity/TopDownMinionDMC/Assets/AstarPathfindingProject/Core/AstarPath.cs Line: 820)

ArgumentOutOfRangeException: Argument is out of range.
Parameter name: index
  at System.Collections.Generic.List`1[UnityEngine.Vector3].get_Item (Int32 index) [0x00024] in /Users/builduser/buildslave/mono-runtime-and-classlibs/build/mcs/class/corlib/System.Collections.Generic/List.cs:635 
  at zombieAi.Update () [0x00060] in D:\Programming\Unity\TopDownMinionDMC\Assets\Scripts\MinionScripts\AI\zombieAi.cs:58 
 
(Filename: /Users/builduser/buildslave/mono-runtime-and-classlibs/build/mcs/class/corlib/System.Collections.Generic/List.cs Line: 635)

ArgumentOutOfRangeException: Argument is out of range.
Parameter name: index
  at System.Collections.Generic.List`1[UnityEngine.Vector3].get_Item (Int32 index) [0x00024] in /Users/builduser/buildslave/mono-runtime-and-classlibs/build/mcs/class/corlib/System.Collections.Generic/List.cs:635 
  at zombieAi.Update () [0x00060] in D:\Programming\Unity\TopDownMinionDMC\Assets\Scripts\MinionScripts\AI\zombieAi.cs:58 
 
(Filename: /Users/builduser/buildslave/mono-runtime-and-classlibs/build/mcs/class/corlib/System.Collections.Generic/List.cs Line: 635)

Path Completed : Computation Time 0.00 ms Searched Nodes 66 Path Length 19
Path Number 164
UnityEngine.Debug:Internal_Log(Int32, String, Object)
UnityEngine.Debug:Log(Object)
AstarPath:LogPathResults(Path) (at D:\Programming\Unity\TopDownMinionDMC\Assets\AstarPathfindingProject\Core\AstarPath.cs:820)
<CalculatePaths>c__Iterator6:MoveNext() (at D:\Programming\Unity\TopDownMinionDMC\Assets\AstarPathfindingProject\Core\AstarPath.cs:2652)
AstarPath:Update() (at D:\Programming\Unity\TopDownMinionDMC\Assets\AstarPathfindingProject\Core\AstarPath.cs:862)
 
(Filename: D:/Programming/Unity/TopDownMinionDMC/Assets/AstarPathfindingProject/Core/AstarPath.cs Line: 820)

ArgumentOutOfRangeException: Argument is out of range.
Parameter name: index
  at System.Collections.Generic.List`1[UnityEngine.Vector3].get_Item (Int32 index) [0x00024] in /Users/builduser/buildslave/mono-runtime-and-classlibs/build/mcs/class/corlib/System.Collections.Generic/List.cs:635 
  at zombieAi.Update () [0x00060] in D:\Programming\Unity\TopDownMinionDMC\Assets\Scripts\MinionScripts\AI\zombieAi.cs:58 
 
(Filename: /Users/builduser/buildslave/mono-runtime-and-classlibs/build/mcs/class/corlib/System.Collections.Generic/List.cs Line: 635)

ArgumentOutOfRangeException: Argument is out of range.
Parameter name: index
  at System.Collections.Generic.List`1[UnityEngine.Vector3].get_Item (Int32 index) [0x00024] in /Users/builduser/buildslave/mono-runtime-and-classlibs/build/mcs/class/corlib/System.Collections.Generic/List.cs:635 
  at zombieAi.Update () [0x00060] in D:\Programming\Unity\TopDownMinionDMC\Assets\Scripts\MinionScripts\AI\zombieAi.cs:58 
 
(Filename: /Users/builduser/buildslave/mono-runtime-and-classlibs/build/mcs/class/corlib/System.Collections.Generic/List.cs Line: 635)

ArgumentOutOfRangeException: Argument is out of range.
Parameter name: index
  at System.Collections.Generic.List`1[UnityEngine.Vector3].get_Item (Int32 index) [0x00024] in /Users/builduser/buildslave/mono-runtime-and-classlibs/build/mcs/class/corlib/System.Collections.Generic/List.cs:635 
  at zombieAi.Update () [0x00060] in D:\Programming\Unity\TopDownMinionDMC\Assets\Scripts\MinionScripts\AI\zombieAi.cs:58 
 
(Filename: /Users/builduser/buildslave/mono-runtime-and-classlibs/build/mcs/class/corlib/System.Collections.Generic/List.cs Line: 635)

Path Completed : Computation Time 0.00 ms Searched Nodes 13 Path Length 6
Path Number 165
UnityEngine.Debug:Internal_Log(Int32, String, Object)
UnityEngine.Debug:Log(Object)
AstarPath:LogPathResults(Path) (at D:\Programming\Unity\TopDownMinionDMC\Assets\AstarPathfindingProject\Core\AstarPath.cs:820)
<CalculatePaths>c__Iterator6:MoveNext() (at D:\Programming\Unity\TopDownMinionDMC\Assets\AstarPathfindingProject\Core\AstarPath.cs:2652)
AstarPath:Update() (at D:\Programming\Unity\TopDownMinionDMC\Assets\AstarPathfindingProject\Core\AstarPath.cs:862)
 
(Filename: D:/Programming/Unity/TopDownMinionDMC/Assets/AstarPathfindingProject/Core/AstarPath.cs Line: 820)

ArgumentOutOfRangeException: Argument is out of range.
Parameter name: index
  at System.Collections.Generic.List`1[UnityEngine.Vector3].get_Item (Int32 index) [0x00024] in /Users/builduser/buildslave/mono-runtime-and-classlibs/build/mcs/class/corlib/System.Collections.Generic/List.cs:635 
  at zombieAi.Update () [0x00060] in D:\Programming\Unity\TopDownMinionDMC\Assets\Scripts\MinionScripts\AI\zombieAi.cs:58 
 
(Filename: /Users/builduser/buildslave/mono-runtime-and-classlibs/build/mcs/class/corlib/System.Collections.Generic/List.cs Line: 635)

ArgumentOutOfRangeException: Argument is out of range.
Parameter name: index
  at System.Collections.Generic.List`1[UnityEngine.Vector3].get_Item (Int32 index) [0x00024] in /Users/builduser/buildslave/mono-runtime-and-classlibs/build/mcs/class/corlib/System.Collections.Generic/List.cs:635 
  at zombieAi.Update () [0x00060] in D:\Programming\Unity\TopDownMinionDMC\Assets\Scripts\MinionScripts\AI\zombieAi.cs:58 
 
(Filename: /Users/builduser/buildslave/mono-runtime-and-classlibs/build/mcs/class/corlib/System.Collections.Generic/List.cs Line: 635)

Path Completed : Computation Time 1.00 ms Searched Nodes 25 Path Length 10
Path Number 166
UnityEngine.Debug:Internal_Log(Int32, String, Object)
UnityEngine.Debug:Log(Object)
AstarPath:LogPathResults(Path) (at D:\Programming\Unity\TopDownMinionDMC\Assets\AstarPathfindingProject\Core\AstarPath.cs:820)
<CalculatePaths>c__Iterator6:MoveNext() (at D:\Programming\Unity\TopDownMinionDMC\Assets\AstarPathfindingProject\Core\AstarPath.cs:2652)
AstarPath:Update() (at D:\Programming\Unity\TopDownMinionDMC\Assets\AstarPathfindingProject\Core\AstarPath.cs:862)
 
(Filename: D:/Programming/Unity/TopDownMinionDMC/Assets/AstarPathfindingProject/Core/AstarPath.cs Line: 820)

ArgumentOutOfRangeException: Argument is out of range.
Parameter name: index
  at System.Collections.Generic.List`1[UnityEngine.Vector3].get_Item (Int32 index) [0x00024] in /Users/builduser/buildslave/mono-runtime-and-classlibs/build/mcs/class/corlib/System.Collections.Generic/List.cs:635 
  at zombieAi.Update () [0x00060] in D:\Programming\Unity\TopDownMinionDMC\Assets\Scripts\MinionScripts\AI\zombieAi.cs:58 
 
(Filename: /Users/builduser/buildslave/mono-runtime-and-classlibs/build/mcs/class/corlib/System.Collections.Generic/List.cs Line: 635)

Path Completed : Computation Time 0.00 ms Searched Nodes 125 Path Length 17
Path Number 167
UnityEngine.Debug:Internal_Log(Int32, String, Object)
UnityEngine.Debug:Log(Object)
AstarPath:LogPathResults(Path) (at D:\Programming\Unity\TopDownMinionDMC\Assets\AstarPathfindingProject\Core\AstarPath.cs:820)
<CalculatePaths>c__Iterator6:MoveNext() (at D:\Programming\Unity\TopDownMinionDMC\Assets\AstarPathfindingProject\Core\AstarPath.cs:2652)
AstarPath:Update() (at D:\Programming\Unity\TopDownMinionDMC\Assets\AstarPathfindingProject\Core\AstarPath.cs:862)
 
(Filename: D:/Programming/Unity/TopDownMinionDMC/Assets/AstarPathfindingProject/Core/AstarPath.cs Line: 820)

Path Completed : Computation Time 0.00 ms Searched Nodes 370 Path Length 30
Path Number 168
UnityEngine.Debug:Internal_Log(Int32, String, Object)
UnityEngine.Debug:Log(Object)
AstarPath:LogPathResults(Path) (at D:\Programming\Unity\TopDownMinionDMC\Assets\AstarPathfindingProject\Core\AstarPath.cs:820)
<CalculatePaths>c__Iterator6:MoveNext() (at D:\Programming\Unity\TopDownMinionDMC\Assets\AstarPathfindingProject\Core\AstarPath.cs:2652)
AstarPath:Update() (at D:\Programming\Unity\TopDownMinionDMC\Assets\AstarPathfindingProject\Core\AstarPath.cs:862)
 
(Filename: D:/Programming/Unity/TopDownMinionDMC/Assets/AstarPathfindingProject/Core/AstarPath.cs Line: 820)

Path Completed : Computation Time 1.00 ms Searched Nodes 144 Path Length 25
Path Number 169
UnityEngine.Debug:Internal_Log(Int32, String, Object)
UnityEngine.Debug:Log(Object)
AstarPath:LogPathResults(Path) (at D:\Programming\Unity\TopDownMinionDMC\Assets\AstarPathfindingProject\Core\AstarPath.cs:820)
<CalculatePaths>c__Iterator6:MoveNext() (at D:\Programming\Unity\TopDownMinionDMC\Assets\AstarPathfindingProject\Core\AstarPath.cs:2652)
AstarPath:Update() (at D:\Programming\Unity\TopDownMinionDMC\Assets\AstarPathfindingProject\Core\AstarPath.cs:862)
 
(Filename: D:/Programming/Unity/TopDownMinionDMC/Assets/AstarPathfindingProject/Core/AstarPath.cs Line: 820)

Path Completed : Computation Time 0.00 ms Searched Nodes 227 Path Length 24
Path Number 170
UnityEngine.Debug:Internal_Log(Int32, String, Object)
UnityEngine.Debug:Log(Object)
AstarPath:LogPathResults(Path) (at D:\Programming\Unity\TopDownMinionDMC\Assets\AstarPathfindingProject\Core\AstarPath.cs:820)
<CalculatePaths>c__Iterator6:MoveNext() (at D:\Programming\Unity\TopDownMinionDMC\Assets\AstarPathfindingProject\Core\AstarPath.cs:2652)
AstarPath:Update() (at D:\Programming\Unity\TopDownMinionDMC\Assets\AstarPathfindingProject\Core\AstarPath.cs:862)
 
(Filename: D:/Programming/Unity/TopDownMinionDMC/Assets/AstarPathfindingProject/Core/AstarPath.cs Line: 820)

Path Completed : Computation Time 0.00 ms Searched Nodes 93 Path Length 33
Path Number 171
UnityEngine.Debug:Internal_Log(Int32, String, Object)
UnityEngine.Debug:Log(Object)
AstarPath:LogPathResults(Path) (at D:\Programming\Unity\TopDownMinionDMC\Assets\AstarPathfindingProject\Core\AstarPath.cs:820)
<CalculatePaths>c__Iterator6:MoveNext() (at D:\Programming\Unity\TopDownMinionDMC\Assets\AstarPathfindingProject\Core\AstarPath.cs:2652)
AstarPath:Update() (at D:\Programming\Unity\TopDownMinionDMC\Assets\AstarPathfindingProject\Core\AstarPath.cs:862)
 
(Filename: D:/Programming/Unity/TopDownMinionDMC/Assets/AstarPathfindingProject/Core/AstarPath.cs Line: 820)

ArgumentOutOfRangeException: Argument is out of range.
Parameter name: index
  at System.Collections.Generic.List`1[UnityEngine.Vector3].get_Item (Int32 index) [0x00024] in /Users/builduser/buildslave/mono-runtime-and-classlibs/build/mcs/class/corlib/System.Collections.Generic/List.cs:635 
  at zombieAi.Update () [0x00060] in D:\Programming\Unity\TopDownMinionDMC\Assets\Scripts\MinionScripts\AI\zombieAi.cs:58 
 
(Filename: /Users/builduser/buildslave/mono-runtime-and-classlibs/build/mcs/class/corlib/System.Collections.Generic/List.cs Line: 635)

Path Completed : Computation Time 0.00 ms Searched Nodes 28 Path Length 7
Path Number 172
UnityEngine.Debug:Internal_Log(Int32, String, Object)
UnityEngine.Debug:Log(Object)
AstarPath:LogPathResults(Path) (at D:\Programming\Unity\TopDownMinionDMC\Assets\AstarPathfindingProject\Core\AstarPath.cs:820)
<CalculatePaths>c__Iterator6:MoveNext() (at D:\Programming\Unity\TopDownMinionDMC\Assets\AstarPathfindingProject\Core\AstarPath.cs:2652)
AstarPath:Update() (at D:\Programming\Unity\TopDownMinionDMC\Assets\AstarPathfindingProject\Core\AstarPath.cs:862)
 
(Filename: D:/Programming/Unity/TopDownMinionDMC/Assets/AstarPathfindingProject/Core/AstarPath.cs Line: 820)

8
UnityEngine.Debug:Internal_Log(Int32, String, Object)
UnityEngine.Debug:Log(Object)
randomGen:GetRandom() (at D:\Programming\Unity\TopDownMinionDMC\Assets\Scripts\Misc\randomGen.cs:23)
spawner:Update() (at D:\Programming\Unity\TopDownMinionDMC\Assets\Scripts\Misc\spawner.cs:49)
 
(Filename: D:/Programming/Unity/TopDownMinionDMC/Assets/Scripts/Misc/randomGen.cs Line: 23)

randomPrefab
UnityEngine.Debug:Internal_Log(Int32, String, Object)
UnityEngine.Debug:Log(Object)
spawner:Update() (at D:\Programming\Unity\TopDownMinionDMC\Assets\Scripts\Misc\spawner.cs:50)
 
(Filename: D:/Programming/Unity/TopDownMinionDMC/Assets/Scripts/Misc/spawner.cs Line: 50)

Path Completed : Computation Time 0.00 ms Searched Nodes 151 Path Length 25
Path Number 173
UnityEngine.Debug:Internal_Log(Int32, String, Object)
UnityEngine.Debug:Log(Object)
AstarPath:LogPathResults(Path) (at D:\Programming\Unity\TopDownMinionDMC\Assets\AstarPathfindingProject\Core\AstarPath.cs:820)
<CalculatePaths>c__Iterator6:MoveNext() (at D:\Programming\Unity\TopDownMinionDMC\Assets\AstarPathfindingProject\Core\AstarPath.cs:2652)
AstarPath:Update() (at D:\Programming\Unity\TopDownMinionDMC\Assets\AstarPathfindingProject\Core\AstarPath.cs:862)
 
(Filename: D:/Programming/Unity/TopDownMinionDMC/Assets/AstarPathfindingProject/Core/AstarPath.cs Line: 820)

Path Completed : Computation Time 0.00 ms Searched Nodes 74 Path Length 12
Path Number 174
UnityEngine.Debug:Internal_Log(Int32, String, Object)
UnityEngine.Debug:Log(Object)
AstarPath:LogPathResults(Path) (at D:\Programming\Unity\TopDownMinionDMC\Assets\AstarPathfindingProject\Core\AstarPath.cs:820)
<CalculatePaths>c__Iterator6:MoveNext() (at D:\Programming\Unity\TopDownMinionDMC\Assets\AstarPathfindingProject\Core\AstarPath.cs:2652)
AstarPath:Update() (at D:\Programming\Unity\TopDownMinionDMC\Assets\AstarPathfindingProject\Core\AstarPath.cs:862)
 
(Filename: D:/Programming/Unity/TopDownMinionDMC/Assets/AstarPathfindingProject/Core/AstarPath.cs Line: 820)

ArgumentOutOfRangeException: Argument is out of range.
Parameter name: index
  at System.Collections.Generic.List`1[UnityEngine.Vector3].get_Item (Int32 index) [0x00024] in /Users/builduser/buildslave/mono-runtime-and-classlibs/build/mcs/class/corlib/System.Collections.Generic/List.cs:635 
  at zombieAi.Update () [0x00060] in D:\Programming\Unity\TopDownMinionDMC\Assets\Scripts\MinionScripts\AI\zombieAi.cs:58 
 
(Filename: /Users/builduser/buildslave/mono-runtime-and-classlibs/build/mcs/class/corlib/System.Collections.Generic/List.cs Line: 635)

Path Completed : Computation Time 0.00 ms Searched Nodes 126 Path Length 19
Path Number 175
UnityEngine.Debug:Internal_Log(Int32, String, Object)
UnityEngine.Debug:Log(Object)
AstarPath:LogPathResults(Path) (at D:\Programming\Unity\TopDownMinionDMC\Assets\AstarPathfindingProject\Core\AstarPath.cs:820)
<CalculatePaths>c__Iterator6:MoveNext() (at D:\Programming\Unity\TopDownMinionDMC\Assets\AstarPathfindingProject\Core\AstarPath.cs:2652)
AstarPath:Update() (at D:\Programming\Unity\TopDownMinionDMC\Assets\AstarPathfindingProject\Core\AstarPath.cs:862)
 
(Filename: D:/Programming/Unity/TopDownMinionDMC/Assets/AstarPathfindingProject/Core/AstarPath.cs Line: 820)

ArgumentOutOfRangeException: Argument is out of range.
Parameter name: index
  at System.Collections.Generic.List`1[UnityEngine.Vector3].get_Item (Int32 index) [0x00024] in /Users/builduser/buildslave/mono-runtime-and-classlibs/build/mcs/class/corlib/System.Collections.Generic/List.cs:635 
  at zombieAi.Update () [0x00060] in D:\Programming\Unity\TopDownMinionDMC\Assets\Scripts\MinionScripts\AI\zombieAi.cs:58 
 
(Filename: /Users/builduser/buildslave/mono-runtime-and-classlibs/build/mcs/class/corlib/System.Collections.Generic/List.cs Line: 635)

Path Completed : Computation Time 0.00 ms Searched Nodes 66 Path Length 12
Path Number 176
UnityEngine.Debug:Internal_Log(Int32, String, Object)
UnityEngine.Debug:Log(Object)
AstarPath:LogPathResults(Path) (at D:\Programming\Unity\TopDownMinionDMC\Assets\AstarPathfindingProject\Core\AstarPath.cs:820)
<CalculatePaths>c__Iterator6:MoveNext() (at D:\Programming\Unity\TopDownMinionDMC\Assets\AstarPathfindingProject\Core\AstarPath.cs:2652)
AstarPath:Update() (at D:\Programming\Unity\TopDownMinionDMC\Assets\AstarPathfindingProject\Core\AstarPath.cs:862)
 
(Filename: D:/Programming/Unity/TopDownMinionDMC/Assets/AstarPathfindingProject/Core/AstarPath.cs Line: 820)

Path Completed : Computation Time 1.01 ms Searched Nodes 171 Path Length 19
Path Number 177
UnityEngine.Debug:Internal_Log(Int32, String, Object)
UnityEngine.Debug:Log(Object)
AstarPath:LogPathResults(Path) (at D:\Programming\Unity\TopDownMinionDMC\Assets\AstarPathfindingProject\Core\AstarPath.cs:820)
<CalculatePaths>c__Iterator6:MoveNext() (at D:\Programming\Unity\TopDownMinionDMC\Assets\AstarPathfindingProject\Core\AstarPath.cs:2652)
AstarPath:Update() (at D:\Programming\Unity\TopDownMinionDMC\Assets\AstarPathfindingProject\Core\AstarPath.cs:862)
 
(Filename: D:/Programming/Unity/TopDownMinionDMC/Assets/AstarPathfindingProject/Core/AstarPath.cs Line: 820)

ArgumentOutOfRangeException: Argument is out of range.
Parameter name: index
  at System.Collections.Generic.List`1[UnityEngine.Vector3].get_Item (Int32 index) [0x00024] in /Users/builduser/buildslave/mono-runtime-and-classlibs/build/mcs/class/corlib/System.Collections.Generic/List.cs:635 
  at zombieAi.Update () [0x00060] in D:\Programming\Unity\TopDownMinionDMC\Assets\Scripts\MinionScripts\AI\zombieAi.cs:58 
 
(Filename: /Users/builduser/buildslave/mono-runtime-and-classlibs/build/mcs/class/corlib/System.Collections.Generic/List.cs Line: 635)

Path Completed : Computation Time 0.00 ms Searched Nodes 20 Path Length 7
Path Number 178
UnityEngine.Debug:Internal_Log(Int32, String, Object)
UnityEngine.Debug:Log(Object)
AstarPath:LogPathResults(Path) (at D:\Programming\Unity\TopDownMinionDMC\Assets\AstarPathfindingProject\Core\AstarPath.cs:820)
<CalculatePaths>c__Iterator6:MoveNext() (at D:\Programming\Unity\TopDownMinionDMC\Assets\AstarPathfindingProject\Core\AstarPath.cs:2652)
AstarPath:Update() (at D:\Programming\Unity\TopDownMinionDMC\Assets\AstarPathfindingProject\Core\AstarPath.cs:862)
 
(Filename: D:/Programming/Unity/TopDownMinionDMC/Assets/AstarPathfindingProject/Core/AstarPath.cs Line: 820)

Path Completed : Computation Time 0.00 ms Searched Nodes 99 Path Length 19
Path Number 179
UnityEngine.Debug:Internal_Log(Int32, String, Object)
UnityEngine.Debug:Log(Object)
AstarPath:LogPathResults(Path) (at D:\Programming\Unity\TopDownMinionDMC\Assets\AstarPathfindingProject\Core\AstarPath.cs:820)
<CalculatePaths>c__Iterator6:MoveNext() (at D:\Programming\Unity\TopDownMinionDMC\Assets\AstarPathfindingProject\Core\AstarPath.cs:2652)
AstarPath:Update() (at D:\Programming\Unity\TopDownMinionDMC\Assets\AstarPathfindingProject\Core\AstarPath.cs:862)
 
(Filename: D:/Programming/Unity/TopDownMinionDMC/Assets/AstarPathfindingProject/Core/AstarPath.cs Line: 820)

Path Completed : Computation Time 0.00 ms Searched Nodes 72 Path Length 21
Path Number 180
UnityEngine.Debug:Internal_Log(Int32, String, Object)
UnityEngine.Debug:Log(Object)
AstarPath:LogPathResults(Path) (at D:\Programming\Unity\TopDownMinionDMC\Assets\AstarPathfindingProject\Core\AstarPath.cs:820)
<CalculatePaths>c__Iterator6:MoveNext() (at D:\Programming\Unity\TopDownMinionDMC\Assets\AstarPathfindingProject\Core\AstarPath.cs:2652)
AstarPath:Update() (at D:\Programming\Unity\TopDownMinionDMC\Assets\AstarPathfindingProject\Core\AstarPath.cs:862)
 
(Filename: D:/Programming/Unity/TopDownMinionDMC/Assets/AstarPathfindingProject/Core/AstarPath.cs Line: 820)

ArgumentOutOfRangeException: Argument is out of range.
Parameter name: index
  at System.Collections.Generic.List`1[UnityEngine.Vector3].get_Item (Int32 index) [0x00024] in /Users/builduser/buildslave/mono-runtime-and-classlibs/build/mcs/class/corlib/System.Collections.Generic/List.cs:635 
  at zombieAi.Update () [0x00060] in D:\Programming\Unity\TopDownMinionDMC\Assets\Scripts\MinionScripts\AI\zombieAi.cs:58 
 
(Filename: /Users/builduser/buildslave/mono-runtime-and-classlibs/build/mcs/class/corlib/System.Collections.Generic/List.cs Line: 635)

Path Completed : Computation Time 0.00 ms Searched Nodes 67 Path Length 13
Path Number 181
UnityEngine.Debug:Internal_Log(Int32, String, Object)
UnityEngine.Debug:Log(Object)
AstarPath:LogPathResults(Path) (at D:\Programming\Unity\TopDownMinionDMC\Assets\AstarPathfindingProject\Core\AstarPath.cs:820)
<CalculatePaths>c__Iterator6:MoveNext() (at D:\Programming\Unity\TopDownMinionDMC\Assets\AstarPathfindingProject\Core\AstarPath.cs:2652)
AstarPath:Update() (at D:\Programming\Unity\TopDownMinionDMC\Assets\AstarPathfindingProject\Core\AstarPath.cs:862)
 
(Filename: D:/Programming/Unity/TopDownMinionDMC/Assets/AstarPathfindingProject/Core/AstarPath.cs Line: 820)

Path Completed : Computation Time 1.00 ms Searched Nodes 337 Path Length 26
Path Number 182
UnityEngine.Debug:Internal_Log(Int32, String, Object)
UnityEngine.Debug:Log(Object)
AstarPath:LogPathResults(Path) (at D:\Programming\Unity\TopDownMinionDMC\Assets\AstarPathfindingProject\Core\AstarPath.cs:820)
<CalculatePaths>c__Iterator6:MoveNext() (at D:\Programming\Unity\TopDownMinionDMC\Assets\AstarPathfindingProject\Core\AstarPath.cs:2652)
AstarPath:Update() (at D:\Programming\Unity\TopDownMinionDMC\Assets\AstarPathfindingProject\Core\AstarPath.cs:862)
 
(Filename: D:/Programming/Unity/TopDownMinionDMC/Assets/AstarPathfindingProject/Core/AstarPath.cs Line: 820)

Path Completed : Computation Time 1.02 ms Searched Nodes 234 Path Length 22
Path Number 183
UnityEngine.Debug:Internal_Log(Int32, String, Object)
UnityEngine.Debug:Log(Object)
AstarPath:LogPathResults(Path) (at D:\Programming\Unity\TopDownMinionDMC\Assets\AstarPathfindingProject\Core\AstarPath.cs:820)
<CalculatePaths>c__Iterator6:MoveNext() (at D:\Programming\Unity\TopDownMinionDMC\Assets\AstarPathfindingProject\Core\AstarPath.cs:2652)
AstarPath:Update() (at D:\Programming\Unity\TopDownMinionDMC\Assets\AstarPathfindingProject\Core\AstarPath.cs:862)
 
(Filename: D:/Programming/Unity/TopDownMinionDMC/Assets/AstarPathfindingProject/Core/AstarPath.cs Line: 820)

ArgumentOutOfRangeException: Argument is out of range.
Parameter name: index
  at System.Collections.Generic.List`1[UnityEngine.Vector3].get_Item (Int32 index) [0x00024] in /Users/builduser/buildslave/mono-runtime-and-classlibs/build/mcs/class/corlib/System.Collections.Generic/List.cs:635 
  at zombieAi.Update () [0x00060] in D:\Programming\Unity\TopDownMinionDMC\Assets\Scripts\MinionScripts\AI\zombieAi.cs:58 
 
(Filename: /Users/builduser/buildslave/mono-runtime-and-classlibs/build/mcs/class/corlib/System.Collections.Generic/List.cs Line: 635)

Path Completed : Computation Time 0.00 ms Searched Nodes 246 Path Length 21
Path Number 184
UnityEngine.Debug:Internal_Log(Int32, String, Object)
UnityEngine.Debug:Log(Object)
AstarPath:LogPathResults(Path) (at D:\Programming\Unity\TopDownMinionDMC\Assets\AstarPathfindingProject\Core\AstarPath.cs:820)
<CalculatePaths>c__Iterator6:MoveNext() (at D:\Programming\Unity\TopDownMinionDMC\Assets\AstarPathfindingProject\Core\AstarPath.cs:2652)
AstarPath:Update() (at D:\Programming\Unity\TopDownMinionDMC\Assets\AstarPathfindingProject\Core\AstarPath.cs:862)
 
(Filename: D:/Programming/Unity/TopDownMinionDMC/Assets/AstarPathfindingProject/Core/AstarPath.cs Line: 820)

ArgumentOutOfRangeException: Argument is out of range.
Parameter name: index
  at System.Collections.Generic.List`1[UnityEngine.Vector3].get_Item (Int32 index) [0x00024] in /Users/builduser/buildslave/mono-runtime-and-classlibs/build/mcs/class/corlib/System.Collections.Generic/List.cs:635 
  at zombieAi.Update () [0x00060] in D:\Programming\Unity\TopDownMinionDMC\Assets\Scripts\MinionScripts\AI\zombieAi.cs:58 
 
(Filename: /Users/builduser/buildslave/mono-runtime-and-classlibs/build/mcs/class/corlib/System.Collections.Generic/List.cs Line: 635)

Path Completed : Computation Time 0.00 ms Searched Nodes 15 Path Length 6
Path Number 185
UnityEngine.Debug:Internal_Log(Int32, String, Object)
UnityEngine.Debug:Log(Object)
AstarPath:LogPathResults(Path) (at D:\Programming\Unity\TopDownMinionDMC\Assets\AstarPathfindingProject\Core\AstarPath.cs:820)
<CalculatePaths>c__Iterator6:MoveNext() (at D:\Programming\Unity\TopDownMinionDMC\Assets\AstarPathfindingProject\Core\AstarPath.cs:2652)
AstarPath:Update() (at D:\Programming\Unity\TopDownMinionDMC\Assets\AstarPathfindingProject\Core\AstarPath.cs:862)
 
(Filename: D:/Programming/Unity/TopDownMinionDMC/Assets/AstarPathfindingProject/Core/AstarPath.cs Line: 820)

ArgumentOutOfRangeException: Argument is out of range.
Parameter name: index
  at System.Collections.Generic.List`1[UnityEngine.Vector3].get_Item (Int32 index) [0x00024] in /Users/builduser/buildslave/mono-runtime-and-classlibs/build/mcs/class/corlib/System.Collections.Generic/List.cs:635 
  at zombieAi.Update () [0x00060] in D:\Programming\Unity\TopDownMinionDMC\Assets\Scripts\MinionScripts\AI\zombieAi.cs:58 
 
(Filename: /Users/builduser/buildslave/mono-runtime-and-classlibs/build/mcs/class/corlib/System.Collections.Generic/List.cs Line: 635)

Path Completed : Computation Time 0.99 ms Searched Nodes 222 Path Length 29
Path Number 186
UnityEngine.Debug:Internal_Log(Int32, String, Object)
UnityEngine.Debug:Log(Object)
AstarPath:LogPathResults(Path) (at D:\Programming\Unity\TopDownMinionDMC\Assets\AstarPathfindingProject\Core\AstarPath.cs:820)
<CalculatePaths>c__Iterator6:MoveNext() (at D:\Programming\Unity\TopDownMinionDMC\Assets\AstarPathfindingProject\Core\AstarPath.cs:2652)
AstarPath:Update() (at D:\Programming\Unity\TopDownMinionDMC\Assets\AstarPathfindingProject\Core\AstarPath.cs:862)
 
(Filename: D:/Programming/Unity/TopDownMinionDMC/Assets/AstarPathfindingProject/Core/AstarPath.cs Line: 820)

ArgumentOutOfRangeException: Argument is out of range.
Parameter name: index
  at System.Collections.Generic.List`1[UnityEngine.Vector3].get_Item (Int32 index) [0x00024] in /Users/builduser/buildslave/mono-runtime-and-classlibs/build/mcs/class/corlib/System.Collections.Generic/List.cs:635 
  at zombieAi.Update () [0x00060] in D:\Programming\Unity\TopDownMinionDMC\Assets\Scripts\MinionScripts\AI\zombieAi.cs:58 
 
(Filename: /Users/builduser/buildslave/mono-runtime-and-classlibs/build/mcs/class/corlib/System.Collections.Generic/List.cs Line: 635)

Path Completed : Computation Time 0.00 ms Searched Nodes 60 Path Length 13
Path Number 187
UnityEngine.Debug:Internal_Log(Int32, String, Object)
UnityEngine.Debug:Log(Object)
AstarPath:LogPathResults(Path) (at D:\Programming\Unity\TopDownMinionDMC\Assets\AstarPathfindingProject\Core\AstarPath.cs:820)
<CalculatePaths>c__Iterator6:MoveNext() (at D:\Programming\Unity\TopDownMinionDMC\Assets\AstarPathfindingProject\Core\AstarPath.cs:2652)
AstarPath:Update() (at D:\Programming\Unity\TopDownMinionDMC\Assets\AstarPathfindingProject\Core\AstarPath.cs:862)
 
(Filename: D:/Programming/Unity/TopDownMinionDMC/Assets/AstarPathfindingProject/Core/AstarPath.cs Line: 820)

Path Completed : Computation Time 1.00 ms Searched Nodes 99 Path Length 20
Path Number 188
UnityEngine.Debug:Internal_Log(Int32, String, Object)
UnityEngine.Debug:Log(Object)
AstarPath:LogPathResults(Path) (at D:\Programming\Unity\TopDownMinionDMC\Assets\AstarPathfindingProject\Core\AstarPath.cs:820)
<CalculatePaths>c__Iterator6:MoveNext() (at D:\Programming\Unity\TopDownMinionDMC\Assets\AstarPathfindingProject\Core\AstarPath.cs:2652)
AstarPath:Update() (at D:\Programming\Unity\TopDownMinionDMC\Assets\AstarPathfindingProject\Core\AstarPath.cs:862)
 
(Filename: D:/Programming/Unity/TopDownMinionDMC/Assets/AstarPathfindingProject/Core/AstarPath.cs Line: 820)

Path Completed : Computation Time 0.00 ms Searched Nodes 98 Path Length 13
Path Number 189
UnityEngine.Debug:Internal_Log(Int32, String, Object)
UnityEngine.Debug:Log(Object)
AstarPath:LogPathResults(Path) (at D:\Programming\Unity\TopDownMinionDMC\Assets\AstarPathfindingProject\Core\AstarPath.cs:820)
<CalculatePaths>c__Iterator6:MoveNext() (at D:\Programming\Unity\TopDownMinionDMC\Assets\AstarPathfindingProject\Core\AstarPath.cs:2652)
AstarPath:Update() (at D:\Programming\Unity\TopDownMinionDMC\Assets\AstarPathfindingProject\Core\AstarPath.cs:862)
 
(Filename: D:/Programming/Unity/TopDownMinionDMC/Assets/AstarPathfindingProject/Core/AstarPath.cs Line: 820)

ArgumentOutOfRangeException: Argument is out of range.
Parameter name: index
  at System.Collections.Generic.List`1[UnityEngine.Vector3].get_Item (Int32 index) [0x00024] in /Users/builduser/buildslave/mono-runtime-and-classlibs/build/mcs/class/corlib/System.Collections.Generic/List.cs:635 
  at zombieAi.Update () [0x00060] in D:\Programming\Unity\TopDownMinionDMC\Assets\Scripts\MinionScripts\AI\zombieAi.cs:58 
 
(Filename: /Users/builduser/buildslave/mono-runtime-and-classlibs/build/mcs/class/corlib/System.Collections.Generic/List.cs Line: 635)

Path Completed : Computation Time 0.00 ms Searched Nodes 16 Path Length 6
Path Number 190
UnityEngine.Debug:Internal_Log(Int32, String, Object)
UnityEngine.Debug:Log(Object)
AstarPath:LogPathResults(Path) (at D:\Programming\Unity\TopDownMinionDMC\Assets\AstarPathfindingProject\Core\AstarPath.cs:820)
<CalculatePaths>c__Iterator6:MoveNext() (at D:\Programming\Unity\TopDownMinionDMC\Assets\AstarPathfindingProject\Core\AstarPath.cs:2652)
AstarPath:Update() (at D:\Programming\Unity\TopDownMinionDMC\Assets\AstarPathfindingProject\Core\AstarPath.cs:862)
 
(Filename: D:/Programming/Unity/TopDownMinionDMC/Assets/AstarPathfindingProject/Core/AstarPath.cs Line: 820)

Path Completed : Computation Time 0.00 ms Searched Nodes 61 Path Length 16
Path Number 191
UnityEngine.Debug:Internal_Log(Int32, String, Object)
UnityEngine.Debug:Log(Object)
AstarPath:LogPathResults(Path) (at D:\Programming\Unity\TopDownMinionDMC\Assets\AstarPathfindingProject\Core\AstarPath.cs:820)
<CalculatePaths>c__Iterator6:MoveNext() (at D:\Programming\Unity\TopDownMinionDMC\Assets\AstarPathfindingProject\Core\AstarPath.cs:2652)
AstarPath:Update() (at D:\Programming\Unity\TopDownMinionDMC\Assets\AstarPathfindingProject\Core\AstarPath.cs:862)
 
(Filename: D:/Programming/Unity/TopDownMinionDMC/Assets/AstarPathfindingProject/Core/AstarPath.cs Line: 820)

ArgumentOutOfRangeException: Argument is out of range.
Parameter name: index
  at System.Collections.Generic.List`1[UnityEngine.Vector3].get_Item (Int32 index) [0x00024] in /Users/builduser/buildslave/mono-runtime-and-classlibs/build/mcs/class/corlib/System.Collections.Generic/List.cs:635 
  at zombieAi.Update () [0x00060] in D:\Programming\Unity\TopDownMinionDMC\Assets\Scripts\MinionScripts\AI\zombieAi.cs:58 
 
(Filename: /Users/builduser/buildslave/mono-runtime-and-classlibs/build/mcs/class/corlib/System.Collections.Generic/List.cs Line: 635)

Path Completed : Computation Time 0.00 ms Searched Nodes 137 Path Length 17
Path Number 192
UnityEngine.Debug:Internal_Log(Int32, String, Object)
UnityEngine.Debug:Log(Object)
AstarPath:LogPathResults(Path) (at D:\Programming\Unity\TopDownMinionDMC\Assets\AstarPathfindingProject\Core\AstarPath.cs:820)
<CalculatePaths>c__Iterator6:MoveNext() (at D:\Programming\Unity\TopDownMinionDMC\Assets\AstarPathfindingProject\Core\AstarPath.cs:2652)
AstarPath:Update() (at D:\Programming\Unity\TopDownMinionDMC\Assets\AstarPathfindingProject\Core\AstarPath.cs:862)
 
(Filename: D:/Programming/Unity/TopDownMinionDMC/Assets/AstarPathfindingProject/Core/AstarPath.cs Line: 820)

ArgumentOutOfRangeException: Argument is out of range.
Parameter name: index
  at System.Collections.Generic.List`1[UnityEngine.Vector3].get_Item (Int32 index) [0x00024] in /Users/builduser/buildslave/mono-runtime-and-classlibs/build/mcs/class/corlib/System.Collections.Generic/List.cs:635 
  at zombieAi.Update () [0x00060] in D:\Programming\Unity\TopDownMinionDMC\Assets\Scripts\MinionScripts\AI\zombieAi.cs:58 
 
(Filename: /Users/builduser/buildslave/mono-runtime-and-classlibs/build/mcs/class/corlib/System.Collections.Generic/List.cs Line: 635)

Path Completed : Computation Time 0.00 ms Searched Nodes 93 Path Length 13
Path Number 193
UnityEngine.Debug:Internal_Log(Int32, String, Object)
UnityEngine.Debug:Log(Object)
AstarPath:LogPathResults(Path) (at D:\Programming\Unity\TopDownMinionDMC\Assets\AstarPathfindingProject\Core\AstarPath.cs:820)
<CalculatePaths>c__Iterator6:MoveNext() (at D:\Programming\Unity\TopDownMinionDMC\Assets\AstarPathfindingProject\Core\AstarPath.cs:2652)
AstarPath:Update() (at D:\Programming\Unity\TopDownMinionDMC\Assets\AstarPathfindingProject\Core\AstarPath.cs:862)
 
(Filename: D:/Programming/Unity/TopDownMinionDMC/Assets/AstarPathfindingProject/Core/AstarPath.cs Line: 820)

Path Completed : Computation Time 0.00 ms Searched Nodes 106 Path Length 15
Path Number 194
UnityEngine.Debug:Internal_Log(Int32, String, Object)
UnityEngine.Debug:Log(Object)
AstarPath:LogPathResults(Path) (at D:\Programming\Unity\TopDownMinionDMC\Assets\AstarPathfindingProject\Core\AstarPath.cs:820)
<CalculatePaths>c__Iterator6:MoveNext() (at D:\Programming\Unity\TopDownMinionDMC\Assets\AstarPathfindingProject\Core\AstarPath.cs:2652)
AstarPath:Update() (at D:\Programming\Unity\TopDownMinionDMC\Assets\AstarPathfindingProject\Core\AstarPath.cs:862)
 
(Filename: D:/Programming/Unity/TopDownMinionDMC/Assets/AstarPathfindingProject/Core/AstarPath.cs Line: 820)

Path Completed : Computation Time 0.00 ms Searched Nodes 76 Path Length 22
Path Number 195
UnityEngine.Debug:Internal_Log(Int32, String, Object)
UnityEngine.Debug:Log(Object)
AstarPath:LogPathResults(Path) (at D:\Programming\Unity\TopDownMinionDMC\Assets\AstarPathfindingProject\Core\AstarPath.cs:820)
<CalculatePaths>c__Iterator6:MoveNext() (at D:\Programming\Unity\TopDownMinionDMC\Assets\AstarPathfindingProject\Core\AstarPath.cs:2652)
AstarPath:Update() (at D:\Programming\Unity\TopDownMinionDMC\Assets\AstarPathfindingProject\Core\AstarPath.cs:862)
 
(Filename: D:/Programming/Unity/TopDownMinionDMC/Assets/AstarPathfindingProject/Core/AstarPath.cs Line: 820)

41
UnityEngine.Debug:Internal_Log(Int32, String, Object)
UnityEngine.Debug:Log(Object)
randomGen:GetRandom() (at D:\Programming\Unity\TopDownMinionDMC\Assets\Scripts\Misc\randomGen.cs:23)
spawner:Update() (at D:\Programming\Unity\TopDownMinionDMC\Assets\Scripts\Misc\spawner.cs:49)
 
(Filename: D:/Programming/Unity/TopDownMinionDMC/Assets/Scripts/Misc/randomGen.cs Line: 23)

randomPrefab
UnityEngine.Debug:Internal_Log(Int32, String, Object)
UnityEngine.Debug:Log(Object)
spawner:Update() (at D:\Programming\Unity\TopDownMinionDMC\Assets\Scripts\Misc\spawner.cs:50)
 
(Filename: D:/Programming/Unity/TopDownMinionDMC/Assets/Scripts/Misc/spawner.cs Line: 50)

ArgumentOutOfRangeException: Argument is out of range.
Parameter name: index
  at System.Collections.Generic.List`1[UnityEngine.Vector3].get_Item (Int32 index) [0x00024] in /Users/builduser/buildslave/mono-runtime-and-classlibs/build/mcs/class/corlib/System.Collections.Generic/List.cs:635 
  at zombieAi.Update () [0x00060] in D:\Programming\Unity\TopDownMinionDMC\Assets\Scripts\MinionScripts\AI\zombieAi.cs:58 
 
(Filename: /Users/builduser/buildslave/mono-runtime-and-classlibs/build/mcs/class/corlib/System.Collections.Generic/List.cs Line: 635)

Path Completed : Computation Time 0.00 ms Searched Nodes 17 Path Length 6
Path Number 196
UnityEngine.Debug:Internal_Log(Int32, String, Object)
UnityEngine.Debug:Log(Object)
AstarPath:LogPathResults(Path) (at D:\Programming\Unity\TopDownMinionDMC\Assets\AstarPathfindingProject\Core\AstarPath.cs:820)
<CalculatePaths>c__Iterator6:MoveNext() (at D:\Programming\Unity\TopDownMinionDMC\Assets\AstarPathfindingProject\Core\AstarPath.cs:2652)
AstarPath:Update() (at D:\Programming\Unity\TopDownMinionDMC\Assets\AstarPathfindingProject\Core\AstarPath.cs:862)
 
(Filename: D:/Programming/Unity/TopDownMinionDMC/Assets/AstarPathfindingProject/Core/AstarPath.cs Line: 820)

NullReferenceException: Object reference not set to an instance of an object
  at rangerFollowAi.TranversePath (Vector2 targetPos) [0x00000] in D:\Programming\Unity\TopDownMinionDMC\Assets\Scripts\MinionScripts\AI\rangerFollowAi.cs:91 
  at rangerFollowAi.CheckRedo (Vector3 targetPos) [0x00051] in D:\Programming\Unity\TopDownMinionDMC\Assets\Scripts\MinionScripts\AI\rangerFollowAi.cs:85 
  at rangerFollowAi.Update () [0x00046] in D:\Programming\Unity\TopDownMinionDMC\Assets\Scripts\MinionScripts\AI\rangerFollowAi.cs:44 
 
(Filename: D:/Programming/Unity/TopDownMinionDMC/Assets/Scripts/MinionScripts/AI/rangerFollowAi.cs Line: 91)

Path Completed : Computation Time 0.00 ms Searched Nodes 187 Path Length 28
Path Number 197
UnityEngine.Debug:Internal_Log(Int32, String, Object)
UnityEngine.Debug:Log(Object)
AstarPath:LogPathResults(Path) (at D:\Programming\Unity\TopDownMinionDMC\Assets\AstarPathfindingProject\Core\AstarPath.cs:820)
<CalculatePaths>c__Iterator6:MoveNext() (at D:\Programming\Unity\TopDownMinionDMC\Assets\AstarPathfindingProject\Core\AstarPath.cs:2652)
AstarPath:Update() (at D:\Programming\Unity\TopDownMinionDMC\Assets\AstarPathfindingProject\Core\AstarPath.cs:862)
 
(Filename: D:/Programming/Unity/TopDownMinionDMC/Assets/AstarPathfindingProject/Core/AstarPath.cs Line: 820)

ArgumentOutOfRangeException: Argument is out of range.
Parameter name: index
  at System.Collections.Generic.List`1[UnityEngine.Vector3].get_Item (Int32 index) [0x00024] in /Users/builduser/buildslave/mono-runtime-and-classlibs/build/mcs/class/corlib/System.Collections.Generic/List.cs:635 
  at zombieAi.Update () [0x00060] in D:\Programming\Unity\TopDownMinionDMC\Assets\Scripts\MinionScripts\AI\zombieAi.cs:58 
 
(Filename: /Users/builduser/buildslave/mono-runtime-and-classlibs/build/mcs/class/corlib/System.Collections.Generic/List.cs Line: 635)

Path Completed : Computation Time 1.00 ms Searched Nodes 217 Path Length 24
Path Number 198
UnityEngine.Debug:Internal_Log(Int32, String, Object)
UnityEngine.Debug:Log(Object)
AstarPath:LogPathResults(Path) (at D:\Programming\Unity\TopDownMinionDMC\Assets\AstarPathfindingProject\Core\AstarPath.cs:820)
<CalculatePaths>c__Iterator6:MoveNext() (at D:\Programming\Unity\TopDownMinionDMC\Assets\AstarPathfindingProject\Core\AstarPath.cs:2652)
AstarPath:Update() (at D:\Programming\Unity\TopDownMinionDMC\Assets\AstarPathfindingProject\Core\AstarPath.cs:862)
 
(Filename: D:/Programming/Unity/TopDownMinionDMC/Assets/AstarPathfindingProject/Core/AstarPath.cs Line: 820)

ArgumentOutOfRangeException: Argument is out of range.
Parameter name: index
  at System.Collections.Generic.List`1[UnityEngine.Vector3].get_Item (Int32 index) [0x00024] in /Users/builduser/buildslave/mono-runtime-and-classlibs/build/mcs/class/corlib/System.Collections.Generic/List.cs:635 
  at zombieAi.Update () [0x00060] in D:\Programming\Unity\TopDownMinionDMC\Assets\Scripts\MinionScripts\AI\zombieAi.cs:58 
 
(Filename: /Users/builduser/buildslave/mono-runtime-and-classlibs/build/mcs/class/corlib/System.Collections.Generic/List.cs Line: 635)

Path Completed : Computation Time 0.00 ms Searched Nodes 167 Path Length 19
Path Number 199
UnityEngine.Debug:Internal_Log(Int32, String, Object)
UnityEngine.Debug:Log(Object)
AstarPath:LogPathResults(Path) (at D:\Programming\Unity\TopDownMinionDMC\Assets\AstarPathfindingProject\Core\AstarPath.cs:820)
<CalculatePaths>c__Iterator6:MoveNext() (at D:\Programming\Unity\TopDownMinionDMC\Assets\AstarPathfindingProject\Core\AstarPath.cs:2652)
AstarPath:Update() (at D:\Programming\Unity\TopDownMinionDMC\Assets\AstarPathfindingProject\Core\AstarPath.cs:862)
 
(Filename: D:/Programming/Unity/TopDownMinionDMC/Assets/AstarPathfindingProject/Core/AstarPath.cs Line: 820)

ArgumentOutOfRangeException: Argument is out of range.
Parameter name: index
  at System.Collections.Generic.List`1[UnityEngine.Vector3].get_Item (Int32 index) [0x00024] in /Users/builduser/buildslave/mono-runtime-and-classlibs/build/mcs/class/corlib/System.Collections.Generic/List.cs:635 
  at zombieAi.Update () [0x00060] in D:\Programming\Unity\TopDownMinionDMC\Assets\Scripts\MinionScripts\AI\zombieAi.cs:58 
 
(Filename: /Users/builduser/buildslave/mono-runtime-and-classlibs/build/mcs/class/corlib/System.Collections.Generic/List.cs Line: 635)

Path Completed : Computation Time 0.00 ms Searched Nodes 68 Path Length 15
Path Number 200
UnityEngine.Debug:Internal_Log(Int32, String, Object)
UnityEngine.Debug:Log(Object)
AstarPath:LogPathResults(Path) (at D:\Programming\Unity\TopDownMinionDMC\Assets\AstarPathfindingProject\Core\AstarPath.cs:820)
<CalculatePaths>c__Iterator6:MoveNext() (at D:\Programming\Unity\TopDownMinionDMC\Assets\AstarPathfindingProject\Core\AstarPath.cs:2652)
AstarPath:Update() (at D:\Programming\Unity\TopDownMinionDMC\Assets\AstarPathfindingProject\Core\AstarPath.cs:862)
 
(Filename: D:/Programming/Unity/TopDownMinionDMC/Assets/AstarPathfindingProject/Core/AstarPath.cs Line: 820)

Path Completed : Computation Time 0.00 ms Searched Nodes 123 Path Length 18
Path Number 201
UnityEngine.Debug:Internal_Log(Int32, String, Object)
UnityEngine.Debug:Log(Object)
AstarPath:LogPathResults(Path) (at D:\Programming\Unity\TopDownMinionDMC\Assets\AstarPathfindingProject\Core\AstarPath.cs:820)
<CalculatePaths>c__Iterator6:MoveNext() (at D:\Programming\Unity\TopDownMinionDMC\Assets\AstarPathfindingProject\Core\AstarPath.cs:2652)
AstarPath:Update() (at D:\Programming\Unity\TopDownMinionDMC\Assets\AstarPathfindingProject\Core\AstarPath.cs:862)
 
(Filename: D:/Programming/Unity/TopDownMinionDMC/Assets/AstarPathfindingProject/Core/AstarPath.cs Line: 820)

Path Completed : Computation Time 1.00 ms Searched Nodes 270 Path Length 25
Path Number 202
UnityEngine.Debug:Internal_Log(Int32, String, Object)
UnityEngine.Debug:Log(Object)
AstarPath:LogPathResults(Path) (at D:\Programming\Unity\TopDownMinionDMC\Assets\AstarPathfindingProject\Core\AstarPath.cs:820)
<CalculatePaths>c__Iterator6:MoveNext() (at D:\Programming\Unity\TopDownMinionDMC\Assets\AstarPathfindingProject\Core\AstarPath.cs:2652)
AstarPath:Update() (at D:\Programming\Unity\TopDownMinionDMC\Assets\AstarPathfindingProject\Core\AstarPath.cs:862)
 
(Filename: D:/Programming/Unity/TopDownMinionDMC/Assets/AstarPathfindingProject/Core/AstarPath.cs Line: 820)

ArgumentOutOfRangeException: Argument is out of range.
Parameter name: index
  at System.Collections.Generic.List`1[UnityEngine.Vector3].get_Item (Int32 index) [0x00024] in /Users/builduser/buildslave/mono-runtime-and-classlibs/build/mcs/class/corlib/System.Collections.Generic/List.cs:635 
  at zombieAi.Update () [0x00060] in D:\Programming\Unity\TopDownMinionDMC\Assets\Scripts\MinionScripts\AI\zombieAi.cs:58 
 
(Filename: /Users/builduser/buildslave/mono-runtime-and-classlibs/build/mcs/class/corlib/System.Collections.Generic/List.cs Line: 635)

Path Completed : Computation Time 0.00 ms Searched Nodes 18 Path Length 6
Path Number 203
UnityEngine.Debug:Internal_Log(Int32, String, Object)
UnityEngine.Debug:Log(Object)
AstarPath:LogPathResults(Path) (at D:\Programming\Unity\TopDownMinionDMC\Assets\AstarPathfindingProject\Core\AstarPath.cs:820)
<CalculatePaths>c__Iterator6:MoveNext() (at D:\Programming\Unity\TopDownMinionDMC\Assets\AstarPathfindingProject\Core\AstarPath.cs:2652)
AstarPath:Update() (at D:\Programming\Unity\TopDownMinionDMC\Assets\AstarPathfindingProject\Core\AstarPath.cs:862)
 
(Filename: D:/Programming/Unity/TopDownMinionDMC/Assets/AstarPathfindingProject/Core/AstarPath.cs Line: 820)

Path Completed : Computation Time 0.00 ms Searched Nodes 141 Path Length 17
Path Number 204
UnityEngine.Debug:Internal_Log(Int32, String, Object)
UnityEngine.Debug:Log(Object)
AstarPath:LogPathResults(Path) (at D:\Programming\Unity\TopDownMinionDMC\Assets\AstarPathfindingProject\Core\AstarPath.cs:820)
<CalculatePaths>c__Iterator6:MoveNext() (at D:\Programming\Unity\TopDownMinionDMC\Assets\AstarPathfindingProject\Core\AstarPath.cs:2652)
AstarPath:Update() (at D:\Programming\Unity\TopDownMinionDMC\Assets\AstarPathfindingProject\Core\AstarPath.cs:862)
 
(Filename: D:/Programming/Unity/TopDownMinionDMC/Assets/AstarPathfindingProject/Core/AstarPath.cs Line: 820)

Path Completed : Computation Time 0.00 ms Searched Nodes 50 Path Length 12
Path Number 205
UnityEngine.Debug:Internal_Log(Int32, String, Object)
UnityEngine.Debug:Log(Object)
AstarPath:LogPathResults(Path) (at D:\Programming\Unity\TopDownMinionDMC\Assets\AstarPathfindingProject\Core\AstarPath.cs:820)
<CalculatePaths>c__Iterator6:MoveNext() (at D:\Programming\Unity\TopDownMinionDMC\Assets\AstarPathfindingProject\Core\AstarPath.cs:2652)
AstarPath:Update() (at D:\Programming\Unity\TopDownMinionDMC\Assets\AstarPathfindingProject\Core\AstarPath.cs:862)
 
(Filename: D:/Programming/Unity/TopDownMinionDMC/Assets/AstarPathfindingProject/Core/AstarPath.cs Line: 820)

ArgumentOutOfRangeException: Argument is out of range.
Parameter name: index
  at System.Collections.Generic.List`1[UnityEngine.Vector3].get_Item (Int32 index) [0x00024] in /Users/builduser/buildslave/mono-runtime-and-classlibs/build/mcs/class/corlib/System.Collections.Generic/List.cs:635 
  at zombieAi.Update () [0x00060] in D:\Programming\Unity\TopDownMinionDMC\Assets\Scripts\MinionScripts\AI\zombieAi.cs:58 
 
(Filename: /Users/builduser/buildslave/mono-runtime-and-classlibs/build/mcs/class/corlib/System.Collections.Generic/List.cs Line: 635)

Path Completed : Computation Time 0.00 ms Searched Nodes 134 Path Length 15
Path Number 206
UnityEngine.Debug:Internal_Log(Int32, String, Object)
UnityEngine.Debug:Log(Object)
AstarPath:LogPathResults(Path) (at D:\Programming\Unity\TopDownMinionDMC\Assets\AstarPathfindingProject\Core\AstarPath.cs:820)
<CalculatePaths>c__Iterator6:MoveNext() (at D:\Programming\Unity\TopDownMinionDMC\Assets\AstarPathfindingProject\Core\AstarPath.cs:2652)
AstarPath:Update() (at D:\Programming\Unity\TopDownMinionDMC\Assets\AstarPathfindingProject\Core\AstarPath.cs:862)
 
(Filename: D:/Programming/Unity/TopDownMinionDMC/Assets/AstarPathfindingProject/Core/AstarPath.cs Line: 820)

ArgumentOutOfRangeException: Argument is out of range.
Parameter name: index
  at System.Collections.Generic.List`1[UnityEngine.Vector3].get_Item (Int32 index) [0x00024] in /Users/builduser/buildslave/mono-runtime-and-classlibs/build/mcs/class/corlib/System.Collections.Generic/List.cs:635 
  at zombieAi.Update () [0x00060] in D:\Programming\Unity\TopDownMinionDMC\Assets\Scripts\MinionScripts\AI\zombieAi.cs:58 
 
(Filename: /Users/builduser/buildslave/mono-runtime-and-classlibs/build/mcs/class/corlib/System.Collections.Generic/List.cs Line: 635)

Path Completed : Computation Time 0.00 ms Searched Nodes 179 Path Length 18
Path Number 207
UnityEngine.Debug:Internal_Log(Int32, String, Object)
UnityEngine.Debug:Log(Object)
AstarPath:LogPathResults(Path) (at D:\Programming\Unity\TopDownMinionDMC\Assets\AstarPathfindingProject\Core\AstarPath.cs:820)
<CalculatePaths>c__Iterator6:MoveNext() (at D:\Programming\Unity\TopDownMinionDMC\Assets\AstarPathfindingProject\Core\AstarPath.cs:2652)
AstarPath:Update() (at D:\Programming\Unity\TopDownMinionDMC\Assets\AstarPathfindingProject\Core\AstarPath.cs:862)
 
(Filename: D:/Programming/Unity/TopDownMinionDMC/Assets/AstarPathfindingProject/Core/AstarPath.cs Line: 820)

ArgumentOutOfRangeException: Argument is out of range.
Parameter name: index
  at System.Collections.Generic.List`1[UnityEngine.Vector3].get_Item (Int32 index) [0x00024] in /Users/builduser/buildslave/mono-runtime-and-classlibs/build/mcs/class/corlib/System.Collections.Generic/List.cs:635 
  at zombieAi.Update () [0x00060] in D:\Programming\Unity\TopDownMinionDMC\Assets\Scripts\MinionScripts\AI\zombieAi.cs:58 
 
(Filename: /Users/builduser/buildslave/mono-runtime-and-classlibs/build/mcs/class/corlib/System.Collections.Generic/List.cs Line: 635)

Path Completed : Computation Time 0.00 ms Searched Nodes 56 Path Length 13
Path Number 208
UnityEngine.Debug:Internal_Log(Int32, String, Object)
UnityEngine.Debug:Log(Object)
AstarPath:LogPathResults(Path) (at D:\Programming\Unity\TopDownMinionDMC\Assets\AstarPathfindingProject\Core\AstarPath.cs:820)
<CalculatePaths>c__Iterator6:MoveNext() (at D:\Programming\Unity\TopDownMinionDMC\Assets\AstarPathfindingProject\Core\AstarPath.cs:2652)
AstarPath:Update() (at D:\Programming\Unity\TopDownMinionDMC\Assets\AstarPathfindingProject\Core\AstarPath.cs:862)
 
(Filename: D:/Programming/Unity/TopDownMinionDMC/Assets/AstarPathfindingProject/Core/AstarPath.cs Line: 820)

ArgumentOutOfRangeException: Argument is out of range.
Parameter name: index
  at System.Collections.Generic.List`1[UnityEngine.Vector3].get_Item (Int32 index) [0x00024] in /Users/builduser/buildslave/mono-runtime-and-classlibs/build/mcs/class/corlib/System.Collections.Generic/List.cs:635 
  at zombieAi.Update () [0x00060] in D:\Programming\Unity\TopDownMinionDMC\Assets\Scripts\MinionScripts\AI\zombieAi.cs:58 
 
(Filename: /Users/builduser/buildslave/mono-runtime-and-classlibs/build/mcs/class/corlib/System.Collections.Generic/List.cs Line: 635)

Path Completed : Computation Time 0.00 ms Searched Nodes 18 Path Length 6
Path Number 209
UnityEngine.Debug:Internal_Log(Int32, String, Object)
UnityEngine.Debug:Log(Object)
AstarPath:LogPathResults(Path) (at D:\Programming\Unity\TopDownMinionDMC\Assets\AstarPathfindingProject\Core\AstarPath.cs:820)
<CalculatePaths>c__Iterator6:MoveNext() (at D:\Programming\Unity\TopDownMinionDMC\Assets\AstarPathfindingProject\Core\AstarPath.cs:2652)
AstarPath:Update() (at D:\Programming\Unity\TopDownMinionDMC\Assets\AstarPathfindingProject\Core\AstarPath.cs:862)
 
(Filename: D:/Programming/Unity/TopDownMinionDMC/Assets/AstarPathfindingProject/Core/AstarPath.cs Line: 820)

Path Completed : Computation Time 0.00 ms Searched Nodes 101 Path Length 15
Path Number 210
UnityEngine.Debug:Internal_Log(Int32, String, Object)
UnityEngine.Debug:Log(Object)
AstarPath:LogPathResults(Path) (at D:\Programming\Unity\TopDownMinionDMC\Assets\AstarPathfindingProject\Core\AstarPath.cs:820)
<CalculatePaths>c__Iterator6:MoveNext() (at D:\Programming\Unity\TopDownMinionDMC\Assets\AstarPathfindingProject\Core\AstarPath.cs:2652)
AstarPath:Update() (at D:\Programming\Unity\TopDownMinionDMC\Assets\AstarPathfindingProject\Core\AstarPath.cs:862)
 
(Filename: D:/Programming/Unity/TopDownMinionDMC/Assets/AstarPathfindingProject/Core/AstarPath.cs Line: 820)

Path Completed : Computation Time 0.00 ms Searched Nodes 179 Path Length 18
Path Number 211
UnityEngine.Debug:Internal_Log(Int32, String, Object)
UnityEngine.Debug:Log(Object)
AstarPath:LogPathResults(Path) (at D:\Programming\Unity\TopDownMinionDMC\Assets\AstarPathfindingProject\Core\AstarPath.cs:820)
<CalculatePaths>c__Iterator6:MoveNext() (at D:\Programming\Unity\TopDownMinionDMC\Assets\AstarPathfindingProject\Core\AstarPath.cs:2652)
AstarPath:Update() (at D:\Programming\Unity\TopDownMinionDMC\Assets\AstarPathfindingProject\Core\AstarPath.cs:862)
 
(Filename: D:/Programming/Unity/TopDownMinionDMC/Assets/AstarPathfindingProject/Core/AstarPath.cs Line: 820)

Path Completed : Computation Time 0.00 ms Searched Nodes 82 Path Length 23
Path Number 212
UnityEngine.Debug:Internal_Log(Int32, String, Object)
UnityEngine.Debug:Log(Object)
AstarPath:LogPathResults(Path) (at D:\Programming\Unity\TopDownMinionDMC\Assets\AstarPathfindingProject\Core\AstarPath.cs:820)
<CalculatePaths>c__Iterator6:MoveNext() (at D:\Programming\Unity\TopDownMinionDMC\Assets\AstarPathfindingProject\Core\AstarPath.cs:2652)
AstarPath:Update() (at D:\Programming\Unity\TopDownMinionDMC\Assets\AstarPathfindingProject\Core\AstarPath.cs:862)
 
(Filename: D:/Programming/Unity/TopDownMinionDMC/Assets/AstarPathfindingProject/Core/AstarPath.cs Line: 820)

